{"C:\\Users\\Administrator\\Desktop\\pj\\server\\src\\app.js": {"path":"C:\\Users\\Administrator\\Desktop\\pj\\server\\src\\app.js","statementMap":{"0":{"start":{"line":1,"column":16},"end":{"line":1,"column":34}},"1":{"start":{"line":2,"column":13},"end":{"line":2,"column":28}},"2":{"start":{"line":3,"column":23},"end":{"line":3,"column":51}},"3":{"start":{"line":4,"column":25},"end":{"line":4,"column":64}},"4":{"start":{"line":5,"column":15},"end":{"line":5,"column":34}},"5":{"start":{"line":6,"column":0},"end":{"line":6,"column":27}},"6":{"start":{"line":8,"column":12},"end":{"line":8,"column":21}},"7":{"start":{"line":11,"column":0},"end":{"line":11,"column":16}},"8":{"start":{"line":12,"column":0},"end":{"line":12,"column":24}},"9":{"start":{"line":13,"column":0},"end":{"line":13,"column":48}},"10":{"start":{"line":16,"column":0},"end":{"line":16,"column":24}},"11":{"start":{"line":19,"column":0},"end":{"line":19,"column":22}},"12":{"start":{"line":22,"column":0},"end":{"line":35,"column":1}},"13":{"start":{"line":24,"column":2},"end":{"line":34,"column":7}},"14":{"start":{"line":26,"column":19},"end":{"line":26,"column":43}},"15":{"start":{"line":27,"column":6},"end":{"line":29,"column":9}},"16":{"start":{"line":28,"column":8},"end":{"line":28,"column":54}},"17":{"start":{"line":32,"column":6},"end":{"line":32,"column":59}},"18":{"start":{"line":33,"column":6},"end":{"line":33,"column":22}},"19":{"start":{"line":38,"column":0},"end":{"line":38,"column":21}}},"fnMap":{"0":{"name":"(anonymous_0)","decl":{"start":{"line":25,"column":10},"end":{"line":25,"column":11}},"loc":{"start":{"line":25,"column":16},"end":{"line":30,"column":5}},"line":25},"1":{"name":"(anonymous_1)","decl":{"start":{"line":27,"column":23},"end":{"line":27,"column":24}},"loc":{"start":{"line":27,"column":29},"end":{"line":29,"column":7}},"line":27},"2":{"name":"(anonymous_2)","decl":{"start":{"line":31,"column":11},"end":{"line":31,"column":12}},"loc":{"start":{"line":31,"column":18},"end":{"line":34,"column":5}},"line":31}},"branchMap":{"0":{"loc":{"start":{"line":22,"column":0},"end":{"line":35,"column":1}},"type":"if","locations":[{"start":{"line":22,"column":0},"end":{"line":35,"column":1}},{"start":{},"end":{}}],"line":22},"1":{"loc":{"start":{"line":26,"column":19},"end":{"line":26,"column":43}},"type":"binary-expr","locations":[{"start":{"line":26,"column":19},"end":{"line":26,"column":35}},{"start":{"line":26,"column":39},"end":{"line":26,"column":43}}],"line":26}},"s":{"0":0,"1":0,"2":0,"3":0,"4":0,"5":0,"6":0,"7":0,"8":0,"9":0,"10":0,"11":0,"12":0,"13":0,"14":0,"15":0,"16":0,"17":0,"18":0,"19":0},"f":{"0":0,"1":0,"2":0},"b":{"0":[0,0],"1":[0,0]}}
,"C:\\Users\\Administrator\\Desktop\\pj\\server\\src\\controllers\\accessController.js": {"path":"C:\\Users\\Administrator\\Desktop\\pj\\server\\src\\controllers\\accessController.js","statementMap":{"0":{"start":{"line":2,"column":22},"end":{"line":2,"column":58}},"1":{"start":{"line":3,"column":57},"end":{"line":3,"column":90}},"2":{"start":{"line":8,"column":4},"end":{"line":37,"column":5}},"3":{"start":{"line":9,"column":42},"end":{"line":9,"column":50}},"4":{"start":{"line":11,"column":6},"end":{"line":14,"column":7}},"5":{"start":{"line":12,"column":8},"end":{"line":13,"column":102}},"6":{"start":{"line":17,"column":22},"end":{"line":17,"column":85}},"7":{"start":{"line":18,"column":6},"end":{"line":21,"column":7}},"8":{"start":{"line":19,"column":8},"end":{"line":20,"column":82}},"9":{"start":{"line":23,"column":24},"end":{"line":23,"column":70}},"10":{"start":{"line":24,"column":6},"end":{"line":25,"column":74}},"11":{"start":{"line":27,"column":6},"end":{"line":30,"column":7}},"12":{"start":{"line":28,"column":8},"end":{"line":29,"column":103}},"13":{"start":{"line":31,"column":6},"end":{"line":34,"column":7}},"14":{"start":{"line":32,"column":8},"end":{"line":33,"column":84}},"15":{"start":{"line":35,"column":6},"end":{"line":36,"column":85}},"16":{"start":{"line":42,"column":4},"end":{"line":58,"column":5}},"17":{"start":{"line":43,"column":28},"end":{"line":43,"column":38}},"18":{"start":{"line":46,"column":22},"end":{"line":46,"column":67}},"19":{"start":{"line":47,"column":6},"end":{"line":50,"column":7}},"20":{"start":{"line":48,"column":8},"end":{"line":49,"column":94}},"21":{"start":{"line":52,"column":21},"end":{"line":52,"column":89}},"22":{"start":{"line":54,"column":6},"end":{"line":54,"column":44}},"23":{"start":{"line":56,"column":6},"end":{"line":57,"column":88}},"24":{"start":{"line":63,"column":4},"end":{"line":70,"column":5}},"25":{"start":{"line":64,"column":28},"end":{"line":64,"column":38}},"26":{"start":{"line":65,"column":19},"end":{"line":65,"column":63}},"27":{"start":{"line":66,"column":6},"end":{"line":66,"column":38}},"28":{"start":{"line":68,"column":6},"end":{"line":69,"column":89}},"29":{"start":{"line":75,"column":4},"end":{"line":81,"column":5}},"30":{"start":{"line":76,"column":29},"end":{"line":76,"column":70}},"31":{"start":{"line":77,"column":6},"end":{"line":77,"column":48}},"32":{"start":{"line":79,"column":6},"end":{"line":80,"column":93}},"33":{"start":{"line":85,"column":0},"end":{"line":85,"column":40}}},"fnMap":{"0":{"name":"(anonymous_0)","decl":{"start":{"line":7,"column":2},"end":{"line":7,"column":3}},"loc":{"start":{"line":7,"column":31},"end":{"line":38,"column":3}},"line":7},"1":{"name":"(anonymous_1)","decl":{"start":{"line":41,"column":2},"end":{"line":41,"column":3}},"loc":{"start":{"line":41,"column":33},"end":{"line":59,"column":3}},"line":41},"2":{"name":"(anonymous_2)","decl":{"start":{"line":62,"column":2},"end":{"line":62,"column":3}},"loc":{"start":{"line":62,"column":32},"end":{"line":71,"column":3}},"line":62},"3":{"name":"(anonymous_3)","decl":{"start":{"line":74,"column":2},"end":{"line":74,"column":3}},"loc":{"start":{"line":74,"column":38},"end":{"line":82,"column":3}},"line":74}},"branchMap":{"0":{"loc":{"start":{"line":11,"column":6},"end":{"line":14,"column":7}},"type":"if","locations":[{"start":{"line":11,"column":6},"end":{"line":14,"column":7}},{"start":{},"end":{}}],"line":11},"1":{"loc":{"start":{"line":11,"column":10},"end":{"line":11,"column":37}},"type":"binary-expr","locations":[{"start":{"line":11,"column":10},"end":{"line":11,"column":20}},{"start":{"line":11,"column":24},"end":{"line":11,"column":37}}],"line":11},"2":{"loc":{"start":{"line":18,"column":6},"end":{"line":21,"column":7}},"type":"if","locations":[{"start":{"line":18,"column":6},"end":{"line":21,"column":7}},{"start":{},"end":{}}],"line":18},"3":{"loc":{"start":{"line":27,"column":6},"end":{"line":30,"column":7}},"type":"if","locations":[{"start":{"line":27,"column":6},"end":{"line":30,"column":7}},{"start":{},"end":{}}],"line":27},"4":{"loc":{"start":{"line":31,"column":6},"end":{"line":34,"column":7}},"type":"if","locations":[{"start":{"line":31,"column":6},"end":{"line":34,"column":7}},{"start":{},"end":{}}],"line":31},"5":{"loc":{"start":{"line":47,"column":6},"end":{"line":50,"column":7}},"type":"if","locations":[{"start":{"line":47,"column":6},"end":{"line":50,"column":7}},{"start":{},"end":{}}],"line":47}},"s":{"0":1,"1":1,"2":5,"3":5,"4":5,"5":1,"6":4,"7":2,"8":1,"9":1,"10":1,"11":2,"12":1,"13":1,"14":1,"15":0,"16":3,"17":3,"18":3,"19":3,"20":1,"21":2,"22":1,"23":1,"24":2,"25":2,"26":2,"27":1,"28":1,"29":2,"30":2,"31":1,"32":1,"33":1},"f":{"0":5,"1":3,"2":2,"3":2},"b":{"0":[1,4],"1":[5,5],"2":[1,1],"3":[1,1],"4":[1,0],"5":[1,2]},"_coverageSchema":"1a1c01bbd47fc00a2c39e90264f33305004495a9","hash":"ce944f2b5efa7e6620cbf937961833e3b0a6b8ce"}
,"C:\\Users\\Administrator\\Desktop\\pj\\server\\src\\controllers\\authController.js": {"path":"C:\\Users\\Administrator\\Desktop\\pj\\server\\src\\controllers\\authController.js","statementMap":{"0":{"start":{"line":1,"column":20},"end":{"line":1,"column":54}},"1":{"start":{"line":2,"column":57},"end":{"line":2,"column":90}},"2":{"start":{"line":6,"column":8},"end":{"line":33,"column":9}},"3":{"start":{"line":7,"column":85},"end":{"line":7,"column":93}},"4":{"start":{"line":10,"column":12},"end":{"line":13,"column":13}},"5":{"start":{"line":11,"column":16},"end":{"line":12,"column":82}},"6":{"start":{"line":15,"column":25},"end":{"line":22,"column":14}},"7":{"start":{"line":24,"column":12},"end":{"line":25,"column":77}},"8":{"start":{"line":27,"column":12},"end":{"line":30,"column":13}},"9":{"start":{"line":28,"column":16},"end":{"line":29,"column":65}},"10":{"start":{"line":31,"column":12},"end":{"line":32,"column":60}},"11":{"start":{"line":37,"column":8},"end":{"line":54,"column":9}},"12":{"start":{"line":38,"column":40},"end":{"line":38,"column":48}},"13":{"start":{"line":40,"column":12},"end":{"line":43,"column":13}},"14":{"start":{"line":41,"column":16},"end":{"line":42,"column":76}},"15":{"start":{"line":45,"column":27},"end":{"line":45,"column":67}},"16":{"start":{"line":46,"column":12},"end":{"line":46,"column":66}},"17":{"start":{"line":48,"column":12},"end":{"line":51,"column":13}},"18":{"start":{"line":49,"column":16},"end":{"line":50,"column":64}},"19":{"start":{"line":52,"column":12},"end":{"line":53,"column":53}},"20":{"start":{"line":58,"column":8},"end":{"line":65,"column":9}},"21":{"start":{"line":59,"column":27},"end":{"line":59,"column":38}},"22":{"start":{"line":60,"column":25},"end":{"line":60,"column":65}},"23":{"start":{"line":61,"column":12},"end":{"line":61,"column":44}},"24":{"start":{"line":63,"column":12},"end":{"line":64,"column":67}},"25":{"start":{"line":69,"column":8},"end":{"line":87,"column":9}},"26":{"start":{"line":70,"column":53},"end":{"line":70,"column":61}},"27":{"start":{"line":71,"column":27},"end":{"line":71,"column":38}},"28":{"start":{"line":73,"column":12},"end":{"line":76,"column":13}},"29":{"start":{"line":74,"column":16},"end":{"line":75,"column":91}},"30":{"start":{"line":78,"column":12},"end":{"line":78,"column":83}},"31":{"start":{"line":79,"column":12},"end":{"line":79,"column":77}},"32":{"start":{"line":81,"column":12},"end":{"line":84,"column":13}},"33":{"start":{"line":82,"column":16},"end":{"line":83,"column":69}},"34":{"start":{"line":85,"column":12},"end":{"line":86,"column":66}},"35":{"start":{"line":91,"column":0},"end":{"line":91,"column":38}}},"fnMap":{"0":{"name":"(anonymous_0)","decl":{"start":{"line":5,"column":4},"end":{"line":5,"column":5}},"loc":{"start":{"line":5,"column":29},"end":{"line":34,"column":5}},"line":5},"1":{"name":"(anonymous_1)","decl":{"start":{"line":36,"column":4},"end":{"line":36,"column":5}},"loc":{"start":{"line":36,"column":26},"end":{"line":55,"column":5}},"line":36},"2":{"name":"(anonymous_2)","decl":{"start":{"line":57,"column":4},"end":{"line":57,"column":5}},"loc":{"start":{"line":57,"column":31},"end":{"line":66,"column":5}},"line":57},"3":{"name":"(anonymous_3)","decl":{"start":{"line":68,"column":4},"end":{"line":68,"column":5}},"loc":{"start":{"line":68,"column":35},"end":{"line":88,"column":5}},"line":68}},"branchMap":{"0":{"loc":{"start":{"line":10,"column":12},"end":{"line":13,"column":13}},"type":"if","locations":[{"start":{"line":10,"column":12},"end":{"line":13,"column":13}},{"start":{},"end":{}}],"line":10},"1":{"loc":{"start":{"line":10,"column":16},"end":{"line":10,"column":44}},"type":"binary-expr","locations":[{"start":{"line":10,"column":16},"end":{"line":10,"column":22}},{"start":{"line":10,"column":26},"end":{"line":10,"column":35}},{"start":{"line":10,"column":39},"end":{"line":10,"column":44}}],"line":10},"2":{"loc":{"start":{"line":27,"column":12},"end":{"line":30,"column":13}},"type":"if","locations":[{"start":{"line":27,"column":12},"end":{"line":30,"column":13}},{"start":{},"end":{}}],"line":27},"3":{"loc":{"start":{"line":40,"column":12},"end":{"line":43,"column":13}},"type":"if","locations":[{"start":{"line":40,"column":12},"end":{"line":43,"column":13}},{"start":{},"end":{}}],"line":40},"4":{"loc":{"start":{"line":40,"column":16},"end":{"line":40,"column":35}},"type":"binary-expr","locations":[{"start":{"line":40,"column":16},"end":{"line":40,"column":22}},{"start":{"line":40,"column":26},"end":{"line":40,"column":35}}],"line":40},"5":{"loc":{"start":{"line":48,"column":12},"end":{"line":51,"column":13}},"type":"if","locations":[{"start":{"line":48,"column":12},"end":{"line":51,"column":13}},{"start":{},"end":{}}],"line":48},"6":{"loc":{"start":{"line":73,"column":12},"end":{"line":76,"column":13}},"type":"if","locations":[{"start":{"line":73,"column":12},"end":{"line":76,"column":13}},{"start":{},"end":{}}],"line":73},"7":{"loc":{"start":{"line":73,"column":16},"end":{"line":73,"column":48}},"type":"binary-expr","locations":[{"start":{"line":73,"column":16},"end":{"line":73,"column":32}},{"start":{"line":73,"column":36},"end":{"line":73,"column":48}}],"line":73},"8":{"loc":{"start":{"line":81,"column":12},"end":{"line":84,"column":13}},"type":"if","locations":[{"start":{"line":81,"column":12},"end":{"line":84,"column":13}},{"start":{},"end":{}}],"line":81}},"s":{"0":1,"1":1,"2":0,"3":0,"4":0,"5":0,"6":0,"7":0,"8":0,"9":0,"10":0,"11":3,"12":3,"13":3,"14":1,"15":2,"16":1,"17":1,"18":1,"19":0,"20":1,"21":1,"22":1,"23":1,"24":0,"25":0,"26":0,"27":0,"28":0,"29":0,"30":0,"31":0,"32":0,"33":0,"34":0,"35":1},"f":{"0":0,"1":3,"2":1,"3":0},"b":{"0":[0,0],"1":[0,0,0],"2":[0,0],"3":[1,2],"4":[3,2],"5":[1,0],"6":[0,0],"7":[0,0],"8":[0,0]},"_coverageSchema":"1a1c01bbd47fc00a2c39e90264f33305004495a9","hash":"8344485a8f21023aeeb3ce84c8e5dc0a222b4350"}
,"C:\\Users\\Administrator\\Desktop\\pj\\server\\src\\controllers\\bookingController.js": {"path":"C:\\Users\\Administrator\\Desktop\\pj\\server\\src\\controllers\\bookingController.js","statementMap":{"0":{"start":{"line":2,"column":23},"end":{"line":2,"column":60}},"1":{"start":{"line":3,"column":57},"end":{"line":3,"column":90}},"2":{"start":{"line":8,"column":4},"end":{"line":52,"column":5}},"3":{"start":{"line":9,"column":45},"end":{"line":9,"column":53}},"4":{"start":{"line":10,"column":25},"end":{"line":10,"column":44}},"5":{"start":{"line":13,"column":6},"end":{"line":16,"column":7}},"6":{"start":{"line":14,"column":8},"end":{"line":15,"column":84}},"7":{"start":{"line":19,"column":20},"end":{"line":19,"column":39}},"8":{"start":{"line":20,"column":18},"end":{"line":20,"column":35}},"9":{"start":{"line":22,"column":6},"end":{"line":25,"column":7}},"10":{"start":{"line":23,"column":8},"end":{"line":24,"column":94}},"11":{"start":{"line":27,"column":6},"end":{"line":30,"column":7}},"12":{"start":{"line":28,"column":8},"end":{"line":29,"column":84}},"13":{"start":{"line":32,"column":22},"end":{"line":37,"column":8}},"14":{"start":{"line":39,"column":6},"end":{"line":40,"column":72}},"15":{"start":{"line":42,"column":6},"end":{"line":45,"column":7}},"16":{"start":{"line":43,"column":8},"end":{"line":44,"column":96}},"17":{"start":{"line":46,"column":6},"end":{"line":49,"column":7}},"18":{"start":{"line":47,"column":8},"end":{"line":48,"column":91}},"19":{"start":{"line":50,"column":6},"end":{"line":51,"column":86}},"20":{"start":{"line":57,"column":4},"end":{"line":75,"column":5}},"21":{"start":{"line":58,"column":22},"end":{"line":58,"column":72}},"22":{"start":{"line":61,"column":6},"end":{"line":65,"column":7}},"23":{"start":{"line":63,"column":8},"end":{"line":64,"column":92}},"24":{"start":{"line":67,"column":6},"end":{"line":67,"column":41}},"25":{"start":{"line":69,"column":6},"end":{"line":72,"column":7}},"26":{"start":{"line":70,"column":8},"end":{"line":71,"column":76}},"27":{"start":{"line":73,"column":6},"end":{"line":74,"column":85}},"28":{"start":{"line":80,"column":4},"end":{"line":96,"column":5}},"29":{"start":{"line":81,"column":25},"end":{"line":81,"column":34}},"30":{"start":{"line":82,"column":25},"end":{"line":82,"column":65}},"31":{"start":{"line":85,"column":6},"end":{"line":89,"column":7}},"32":{"start":{"line":87,"column":8},"end":{"line":88,"column":94}},"33":{"start":{"line":91,"column":23},"end":{"line":91,"column":87}},"34":{"start":{"line":92,"column":6},"end":{"line":92,"column":42}},"35":{"start":{"line":94,"column":6},"end":{"line":95,"column":91}},"36":{"start":{"line":101,"column":4},"end":{"line":133,"column":5}},"37":{"start":{"line":102,"column":25},"end":{"line":102,"column":33}},"38":{"start":{"line":103,"column":24},"end":{"line":103,"column":37}},"39":{"start":{"line":104,"column":25},"end":{"line":104,"column":44}},"40":{"start":{"line":106,"column":6},"end":{"line":109,"column":7}},"41":{"start":{"line":107,"column":8},"end":{"line":108,"column":92}},"42":{"start":{"line":111,"column":31},"end":{"line":115,"column":7}},"43":{"start":{"line":117,"column":6},"end":{"line":117,"column":84}},"44":{"start":{"line":119,"column":6},"end":{"line":122,"column":7}},"45":{"start":{"line":120,"column":8},"end":{"line":121,"column":76}},"46":{"start":{"line":123,"column":6},"end":{"line":126,"column":7}},"47":{"start":{"line":124,"column":8},"end":{"line":125,"column":94}},"48":{"start":{"line":127,"column":6},"end":{"line":130,"column":7}},"49":{"start":{"line":128,"column":8},"end":{"line":129,"column":100}},"50":{"start":{"line":131,"column":6},"end":{"line":132,"column":86}},"51":{"start":{"line":138,"column":4},"end":{"line":171,"column":5}},"52":{"start":{"line":139,"column":37},"end":{"line":139,"column":45}},"53":{"start":{"line":140,"column":24},"end":{"line":140,"column":37}},"54":{"start":{"line":141,"column":25},"end":{"line":141,"column":44}},"55":{"start":{"line":143,"column":6},"end":{"line":146,"column":7}},"56":{"start":{"line":144,"column":8},"end":{"line":145,"column":102}},"57":{"start":{"line":148,"column":29},"end":{"line":153,"column":7}},"58":{"start":{"line":154,"column":6},"end":{"line":155,"column":73}},"59":{"start":{"line":157,"column":6},"end":{"line":160,"column":7}},"60":{"start":{"line":158,"column":8},"end":{"line":159,"column":76}},"61":{"start":{"line":161,"column":6},"end":{"line":164,"column":7}},"62":{"start":{"line":162,"column":8},"end":{"line":163,"column":94}},"63":{"start":{"line":165,"column":6},"end":{"line":168,"column":7}},"64":{"start":{"line":166,"column":8},"end":{"line":167,"column":70}},"65":{"start":{"line":169,"column":6},"end":{"line":170,"column":88}},"66":{"start":{"line":175,"column":0},"end":{"line":175,"column":41}}},"fnMap":{"0":{"name":"(anonymous_0)","decl":{"start":{"line":7,"column":2},"end":{"line":7,"column":3}},"loc":{"start":{"line":7,"column":32},"end":{"line":53,"column":3}},"line":7},"1":{"name":"(anonymous_1)","decl":{"start":{"line":56,"column":2},"end":{"line":56,"column":3}},"loc":{"start":{"line":56,"column":33},"end":{"line":76,"column":3}},"line":56},"2":{"name":"(anonymous_2)","decl":{"start":{"line":79,"column":2},"end":{"line":79,"column":3}},"loc":{"start":{"line":79,"column":34},"end":{"line":97,"column":3}},"line":79},"3":{"name":"(anonymous_3)","decl":{"start":{"line":100,"column":2},"end":{"line":100,"column":3}},"loc":{"start":{"line":100,"column":32},"end":{"line":134,"column":3}},"line":100},"4":{"name":"(anonymous_4)","decl":{"start":{"line":137,"column":2},"end":{"line":137,"column":3}},"loc":{"start":{"line":137,"column":33},"end":{"line":172,"column":3}},"line":137}},"branchMap":{"0":{"loc":{"start":{"line":13,"column":6},"end":{"line":16,"column":7}},"type":"if","locations":[{"start":{"line":13,"column":6},"end":{"line":16,"column":7}},{"start":{},"end":{}}],"line":13},"1":{"loc":{"start":{"line":13,"column":10},"end":{"line":13,"column":43}},"type":"binary-expr","locations":[{"start":{"line":13,"column":10},"end":{"line":13,"column":17}},{"start":{"line":13,"column":21},"end":{"line":13,"column":31}},{"start":{"line":13,"column":35},"end":{"line":13,"column":43}}],"line":13},"2":{"loc":{"start":{"line":22,"column":6},"end":{"line":25,"column":7}},"type":"if","locations":[{"start":{"line":22,"column":6},"end":{"line":25,"column":7}},{"start":{},"end":{}}],"line":22},"3":{"loc":{"start":{"line":27,"column":6},"end":{"line":30,"column":7}},"type":"if","locations":[{"start":{"line":27,"column":6},"end":{"line":30,"column":7}},{"start":{},"end":{}}],"line":27},"4":{"loc":{"start":{"line":42,"column":6},"end":{"line":45,"column":7}},"type":"if","locations":[{"start":{"line":42,"column":6},"end":{"line":45,"column":7}},{"start":{},"end":{}}],"line":42},"5":{"loc":{"start":{"line":46,"column":6},"end":{"line":49,"column":7}},"type":"if","locations":[{"start":{"line":46,"column":6},"end":{"line":49,"column":7}},{"start":{},"end":{}}],"line":46},"6":{"loc":{"start":{"line":61,"column":6},"end":{"line":65,"column":7}},"type":"if","locations":[{"start":{"line":61,"column":6},"end":{"line":65,"column":7}},{"start":{},"end":{}}],"line":61},"7":{"loc":{"start":{"line":61,"column":10},"end":{"line":62,"column":59}},"type":"binary-expr","locations":[{"start":{"line":61,"column":10},"end":{"line":61,"column":53}},{"start":{"line":62,"column":10},"end":{"line":62,"column":59}}],"line":61},"8":{"loc":{"start":{"line":69,"column":6},"end":{"line":72,"column":7}},"type":"if","locations":[{"start":{"line":69,"column":6},"end":{"line":72,"column":7}},{"start":{},"end":{}}],"line":69},"9":{"loc":{"start":{"line":82,"column":25},"end":{"line":82,"column":65}},"type":"binary-expr","locations":[{"start":{"line":82,"column":25},"end":{"line":82,"column":42}},{"start":{"line":82,"column":46},"end":{"line":82,"column":65}}],"line":82},"10":{"loc":{"start":{"line":85,"column":6},"end":{"line":89,"column":7}},"type":"if","locations":[{"start":{"line":85,"column":6},"end":{"line":89,"column":7}},{"start":{},"end":{}}],"line":85},"11":{"loc":{"start":{"line":85,"column":10},"end":{"line":86,"column":57}},"type":"binary-expr","locations":[{"start":{"line":85,"column":10},"end":{"line":85,"column":44}},{"start":{"line":86,"column":8},"end":{"line":86,"column":57}}],"line":85},"12":{"loc":{"start":{"line":91,"column":72},"end":{"line":91,"column":86}},"type":"binary-expr","locations":[{"start":{"line":91,"column":72},"end":{"line":91,"column":78}},{"start":{"line":91,"column":82},"end":{"line":91,"column":86}}],"line":91},"13":{"loc":{"start":{"line":106,"column":6},"end":{"line":109,"column":7}},"type":"if","locations":[{"start":{"line":106,"column":6},"end":{"line":109,"column":7}},{"start":{},"end":{}}],"line":106},"14":{"loc":{"start":{"line":119,"column":6},"end":{"line":122,"column":7}},"type":"if","locations":[{"start":{"line":119,"column":6},"end":{"line":122,"column":7}},{"start":{},"end":{}}],"line":119},"15":{"loc":{"start":{"line":123,"column":6},"end":{"line":126,"column":7}},"type":"if","locations":[{"start":{"line":123,"column":6},"end":{"line":126,"column":7}},{"start":{},"end":{}}],"line":123},"16":{"loc":{"start":{"line":127,"column":6},"end":{"line":130,"column":7}},"type":"if","locations":[{"start":{"line":127,"column":6},"end":{"line":130,"column":7}},{"start":{},"end":{}}],"line":127},"17":{"loc":{"start":{"line":143,"column":6},"end":{"line":146,"column":7}},"type":"if","locations":[{"start":{"line":143,"column":6},"end":{"line":146,"column":7}},{"start":{},"end":{}}],"line":143},"18":{"loc":{"start":{"line":143,"column":10},"end":{"line":143,"column":45}},"type":"binary-expr","locations":[{"start":{"line":143,"column":10},"end":{"line":143,"column":34}},{"start":{"line":143,"column":38},"end":{"line":143,"column":45}}],"line":143},"19":{"loc":{"start":{"line":155,"column":19},"end":{"line":155,"column":55}},"type":"cond-expr","locations":[{"start":{"line":155,"column":32},"end":{"line":155,"column":42}},{"start":{"line":155,"column":45},"end":{"line":155,"column":55}}],"line":155},"20":{"loc":{"start":{"line":157,"column":6},"end":{"line":160,"column":7}},"type":"if","locations":[{"start":{"line":157,"column":6},"end":{"line":160,"column":7}},{"start":{},"end":{}}],"line":157},"21":{"loc":{"start":{"line":161,"column":6},"end":{"line":164,"column":7}},"type":"if","locations":[{"start":{"line":161,"column":6},"end":{"line":164,"column":7}},{"start":{},"end":{}}],"line":161},"22":{"loc":{"start":{"line":165,"column":6},"end":{"line":168,"column":7}},"type":"if","locations":[{"start":{"line":165,"column":6},"end":{"line":168,"column":7}},{"start":{},"end":{}}],"line":165}},"s":{"0":1,"1":1,"2":5,"3":5,"4":5,"5":5,"6":1,"7":4,"8":4,"9":4,"10":1,"11":3,"12":0,"13":3,"14":1,"15":2,"16":1,"17":1,"18":1,"19":0,"20":4,"21":4,"22":3,"23":1,"24":2,"25":1,"26":1,"27":0,"28":4,"29":4,"30":4,"31":4,"32":1,"33":3,"34":3,"35":0,"36":5,"37":5,"38":5,"39":5,"40":5,"41":1,"42":4,"43":2,"44":2,"45":0,"46":2,"47":1,"48":1,"49":1,"50":0,"51":7,"52":7,"53":7,"54":7,"55":7,"56":2,"57":5,"58":2,"59":3,"60":1,"61":2,"62":1,"63":1,"64":1,"65":0,"66":1},"f":{"0":5,"1":4,"2":4,"3":5,"4":7},"b":{"0":[1,4],"1":[5,5,4],"2":[1,3],"3":[0,3],"4":[1,1],"5":[1,0],"6":[1,2],"7":[3,2],"8":[1,0],"9":[4,2],"10":[1,3],"11":[4,2],"12":[3,2],"13":[1,4],"14":[0,2],"15":[1,1],"16":[1,0],"17":[2,5],"18":[7,6],"19":[1,1],"20":[1,2],"21":[1,1],"22":[1,0]},"_coverageSchema":"1a1c01bbd47fc00a2c39e90264f33305004495a9","hash":"b065fdd584dd33147a33b575aa17865ddc8de5b8"}
,"C:\\Users\\Administrator\\Desktop\\pj\\server\\src\\controllers\\departmentController.js": {"path":"C:\\Users\\Administrator\\Desktop\\pj\\server\\src\\controllers\\departmentController.js","statementMap":{"0":{"start":{"line":2,"column":26},"end":{"line":2,"column":66}},"1":{"start":{"line":3,"column":57},"end":{"line":3,"column":90}},"2":{"start":{"line":7,"column":4},"end":{"line":14,"column":5}},"3":{"start":{"line":8,"column":26},"end":{"line":8,"column":69}},"4":{"start":{"line":9,"column":6},"end":{"line":9,"column":45}},"5":{"start":{"line":11,"column":6},"end":{"line":11,"column":58}},"6":{"start":{"line":12,"column":6},"end":{"line":13,"column":84}},"7":{"start":{"line":18,"column":4},"end":{"line":28,"column":5}},"8":{"start":{"line":19,"column":25},"end":{"line":19,"column":81}},"9":{"start":{"line":20,"column":6},"end":{"line":20,"column":44}},"10":{"start":{"line":22,"column":6},"end":{"line":25,"column":7}},"11":{"start":{"line":23,"column":8},"end":{"line":24,"column":86}},"12":{"start":{"line":26,"column":6},"end":{"line":27,"column":89}},"13":{"start":{"line":32,"column":4},"end":{"line":49,"column":5}},"14":{"start":{"line":33,"column":33},"end":{"line":33,"column":41}},"15":{"start":{"line":34,"column":6},"end":{"line":37,"column":7}},"16":{"start":{"line":35,"column":8},"end":{"line":36,"column":95}},"17":{"start":{"line":39,"column":28},"end":{"line":39,"column":88}},"18":{"start":{"line":40,"column":6},"end":{"line":41,"column":82}},"19":{"start":{"line":43,"column":6},"end":{"line":46,"column":7}},"20":{"start":{"line":44,"column":8},"end":{"line":45,"column":98}},"21":{"start":{"line":47,"column":6},"end":{"line":48,"column":90}},"22":{"start":{"line":53,"column":4},"end":{"line":72,"column":5}},"23":{"start":{"line":54,"column":33},"end":{"line":54,"column":41}},"24":{"start":{"line":55,"column":6},"end":{"line":58,"column":7}},"25":{"start":{"line":56,"column":8},"end":{"line":57,"column":95}},"26":{"start":{"line":60,"column":32},"end":{"line":63,"column":7}},"27":{"start":{"line":64,"column":6},"end":{"line":64,"column":86}},"28":{"start":{"line":66,"column":6},"end":{"line":69,"column":7}},"29":{"start":{"line":67,"column":8},"end":{"line":68,"column":86}},"30":{"start":{"line":70,"column":6},"end":{"line":71,"column":90}},"31":{"start":{"line":76,"column":4},"end":{"line":86,"column":5}},"32":{"start":{"line":77,"column":6},"end":{"line":77,"column":62}},"33":{"start":{"line":78,"column":6},"end":{"line":78,"column":73}},"34":{"start":{"line":80,"column":6},"end":{"line":83,"column":7}},"35":{"start":{"line":81,"column":8},"end":{"line":82,"column":79}},"36":{"start":{"line":84,"column":6},"end":{"line":85,"column":90}},"37":{"start":{"line":90,"column":0},"end":{"line":90,"column":44}}},"fnMap":{"0":{"name":"(anonymous_0)","decl":{"start":{"line":6,"column":2},"end":{"line":6,"column":3}},"loc":{"start":{"line":6,"column":36},"end":{"line":15,"column":3}},"line":6},"1":{"name":"(anonymous_1)","decl":{"start":{"line":17,"column":2},"end":{"line":17,"column":3}},"loc":{"start":{"line":17,"column":36},"end":{"line":29,"column":3}},"line":17},"2":{"name":"(anonymous_2)","decl":{"start":{"line":31,"column":2},"end":{"line":31,"column":3}},"loc":{"start":{"line":31,"column":35},"end":{"line":50,"column":3}},"line":31},"3":{"name":"(anonymous_3)","decl":{"start":{"line":52,"column":2},"end":{"line":52,"column":3}},"loc":{"start":{"line":52,"column":35},"end":{"line":73,"column":3}},"line":52},"4":{"name":"(anonymous_4)","decl":{"start":{"line":75,"column":2},"end":{"line":75,"column":3}},"loc":{"start":{"line":75,"column":35},"end":{"line":87,"column":3}},"line":75}},"branchMap":{"0":{"loc":{"start":{"line":22,"column":6},"end":{"line":25,"column":7}},"type":"if","locations":[{"start":{"line":22,"column":6},"end":{"line":25,"column":7}},{"start":{},"end":{}}],"line":22},"1":{"loc":{"start":{"line":34,"column":6},"end":{"line":37,"column":7}},"type":"if","locations":[{"start":{"line":34,"column":6},"end":{"line":37,"column":7}},{"start":{},"end":{}}],"line":34},"2":{"loc":{"start":{"line":43,"column":6},"end":{"line":46,"column":7}},"type":"if","locations":[{"start":{"line":43,"column":6},"end":{"line":46,"column":7}},{"start":{},"end":{}}],"line":43},"3":{"loc":{"start":{"line":55,"column":6},"end":{"line":58,"column":7}},"type":"if","locations":[{"start":{"line":55,"column":6},"end":{"line":58,"column":7}},{"start":{},"end":{}}],"line":55},"4":{"loc":{"start":{"line":66,"column":6},"end":{"line":69,"column":7}},"type":"if","locations":[{"start":{"line":66,"column":6},"end":{"line":69,"column":7}},{"start":{},"end":{}}],"line":66},"5":{"loc":{"start":{"line":80,"column":6},"end":{"line":83,"column":7}},"type":"if","locations":[{"start":{"line":80,"column":6},"end":{"line":83,"column":7}},{"start":{},"end":{}}],"line":80}},"s":{"0":1,"1":1,"2":2,"3":2,"4":1,"5":1,"6":1,"7":2,"8":2,"9":1,"10":1,"11":1,"12":0,"13":3,"14":3,"15":3,"16":1,"17":2,"18":1,"19":1,"20":1,"21":0,"22":2,"23":2,"24":2,"25":0,"26":2,"27":1,"28":1,"29":1,"30":0,"31":2,"32":2,"33":1,"34":1,"35":1,"36":0,"37":1},"f":{"0":2,"1":2,"2":3,"3":2,"4":2},"b":{"0":[1,0],"1":[1,2],"2":[1,0],"3":[0,2],"4":[1,0],"5":[1,0]},"_coverageSchema":"1a1c01bbd47fc00a2c39e90264f33305004495a9","hash":"c8f1393d8e44600540374999f98b99db382e113f"}
,"C:\\Users\\Administrator\\Desktop\\pj\\server\\src\\controllers\\employeeController.js": {"path":"C:\\Users\\Administrator\\Desktop\\pj\\server\\src\\controllers\\employeeController.js","statementMap":{"0":{"start":{"line":1,"column":24},"end":{"line":1,"column":62}},"1":{"start":{"line":2,"column":57},"end":{"line":2,"column":90}},"2":{"start":{"line":6,"column":8},"end":{"line":6,"column":63}},"3":{"start":{"line":7,"column":8},"end":{"line":7,"column":63}},"4":{"start":{"line":8,"column":8},"end":{"line":8,"column":61}},"5":{"start":{"line":9,"column":8},"end":{"line":9,"column":61}},"6":{"start":{"line":10,"column":8},"end":{"line":10,"column":61}},"7":{"start":{"line":14,"column":8},"end":{"line":23,"column":9}},"8":{"start":{"line":15,"column":30},"end":{"line":15,"column":69}},"9":{"start":{"line":16,"column":12},"end":{"line":16,"column":49}},"10":{"start":{"line":18,"column":12},"end":{"line":22,"column":18}},"11":{"start":{"line":27,"column":8},"end":{"line":40,"column":9}},"12":{"start":{"line":28,"column":31},"end":{"line":28,"column":54}},"13":{"start":{"line":29,"column":29},"end":{"line":29,"column":78}},"14":{"start":{"line":30,"column":12},"end":{"line":30,"column":48}},"15":{"start":{"line":32,"column":12},"end":{"line":36,"column":13}},"16":{"start":{"line":33,"column":16},"end":{"line":35,"column":80}},"17":{"start":{"line":37,"column":12},"end":{"line":39,"column":94}},"18":{"start":{"line":44,"column":8},"end":{"line":58,"column":9}},"19":{"start":{"line":45,"column":32},"end":{"line":45,"column":78}},"20":{"start":{"line":46,"column":12},"end":{"line":46,"column":113}},"21":{"start":{"line":48,"column":12},"end":{"line":54,"column":13}},"22":{"start":{"line":49,"column":16},"end":{"line":53,"column":22}},"23":{"start":{"line":55,"column":12},"end":{"line":57,"column":95}},"24":{"start":{"line":62,"column":8},"end":{"line":75,"column":9}},"25":{"start":{"line":63,"column":31},"end":{"line":63,"column":54}},"26":{"start":{"line":64,"column":36},"end":{"line":64,"column":94}},"27":{"start":{"line":65,"column":12},"end":{"line":65,"column":88}},"28":{"start":{"line":67,"column":12},"end":{"line":71,"column":13}},"29":{"start":{"line":68,"column":16},"end":{"line":70,"column":80}},"30":{"start":{"line":72,"column":12},"end":{"line":74,"column":95}},"31":{"start":{"line":79,"column":8},"end":{"line":92,"column":9}},"32":{"start":{"line":80,"column":31},"end":{"line":80,"column":54}},"33":{"start":{"line":81,"column":12},"end":{"line":81,"column":61}},"34":{"start":{"line":82,"column":12},"end":{"line":82,"column":77}},"35":{"start":{"line":84,"column":12},"end":{"line":88,"column":13}},"36":{"start":{"line":85,"column":16},"end":{"line":87,"column":82}},"37":{"start":{"line":89,"column":12},"end":{"line":91,"column":95}},"38":{"start":{"line":96,"column":0},"end":{"line":96,"column":42}}},"fnMap":{"0":{"name":"(anonymous_0)","decl":{"start":{"line":5,"column":4},"end":{"line":5,"column":5}},"loc":{"start":{"line":5,"column":18},"end":{"line":11,"column":5}},"line":5},"1":{"name":"(anonymous_1)","decl":{"start":{"line":13,"column":4},"end":{"line":13,"column":5}},"loc":{"start":{"line":13,"column":36},"end":{"line":24,"column":5}},"line":13},"2":{"name":"(anonymous_2)","decl":{"start":{"line":26,"column":4},"end":{"line":26,"column":5}},"loc":{"start":{"line":26,"column":36},"end":{"line":41,"column":5}},"line":26},"3":{"name":"(anonymous_3)","decl":{"start":{"line":43,"column":4},"end":{"line":43,"column":5}},"loc":{"start":{"line":43,"column":35},"end":{"line":59,"column":5}},"line":43},"4":{"name":"(anonymous_4)","decl":{"start":{"line":61,"column":4},"end":{"line":61,"column":5}},"loc":{"start":{"line":61,"column":35},"end":{"line":76,"column":5}},"line":61},"5":{"name":"(anonymous_5)","decl":{"start":{"line":78,"column":4},"end":{"line":78,"column":5}},"loc":{"start":{"line":78,"column":35},"end":{"line":93,"column":5}},"line":78}},"branchMap":{"0":{"loc":{"start":{"line":32,"column":12},"end":{"line":36,"column":13}},"type":"if","locations":[{"start":{"line":32,"column":12},"end":{"line":36,"column":13}},{"start":{},"end":{}}],"line":32},"1":{"loc":{"start":{"line":48,"column":12},"end":{"line":54,"column":13}},"type":"if","locations":[{"start":{"line":48,"column":12},"end":{"line":54,"column":13}},{"start":{},"end":{}}],"line":48},"2":{"loc":{"start":{"line":67,"column":12},"end":{"line":71,"column":13}},"type":"if","locations":[{"start":{"line":67,"column":12},"end":{"line":71,"column":13}},{"start":{},"end":{}}],"line":67},"3":{"loc":{"start":{"line":84,"column":12},"end":{"line":88,"column":13}},"type":"if","locations":[{"start":{"line":84,"column":12},"end":{"line":88,"column":13}},{"start":{},"end":{}}],"line":84}},"s":{"0":1,"1":1,"2":1,"3":1,"4":1,"5":1,"6":1,"7":2,"8":2,"9":1,"10":1,"11":3,"12":3,"13":3,"14":1,"15":2,"16":1,"17":1,"18":3,"19":3,"20":1,"21":2,"22":1,"23":1,"24":3,"25":3,"26":3,"27":1,"28":2,"29":1,"30":1,"31":3,"32":3,"33":3,"34":1,"35":2,"36":1,"37":1,"38":1},"f":{"0":1,"1":2,"2":3,"3":3,"4":3,"5":3},"b":{"0":[1,1],"1":[1,1],"2":[1,1],"3":[1,1]},"_coverageSchema":"1a1c01bbd47fc00a2c39e90264f33305004495a9","hash":"59a348b05b94769f4e229d08be6e00fe84400362"}
,"C:\\Users\\Administrator\\Desktop\\pj\\server\\src\\controllers\\lockController.js": {"path":"C:\\Users\\Administrator\\Desktop\\pj\\server\\src\\controllers\\lockController.js","statementMap":{"0":{"start":{"line":2,"column":20},"end":{"line":2,"column":54}},"1":{"start":{"line":3,"column":57},"end":{"line":3,"column":90}},"2":{"start":{"line":8,"column":4},"end":{"line":22,"column":5}},"3":{"start":{"line":9,"column":29},"end":{"line":9,"column":39}},"4":{"start":{"line":10,"column":25},"end":{"line":10,"column":33}},"5":{"start":{"line":12,"column":6},"end":{"line":15,"column":7}},"6":{"start":{"line":13,"column":8},"end":{"line":14,"column":84}},"7":{"start":{"line":17,"column":6},"end":{"line":17,"column":57}},"8":{"start":{"line":18,"column":6},"end":{"line":18,"column":70}},"9":{"start":{"line":20,"column":6},"end":{"line":21,"column":85}},"10":{"start":{"line":27,"column":4},"end":{"line":42,"column":5}},"11":{"start":{"line":28,"column":29},"end":{"line":28,"column":39}},"12":{"start":{"line":29,"column":25},"end":{"line":29,"column":33}},"13":{"start":{"line":30,"column":25},"end":{"line":30,"column":44}},"14":{"start":{"line":32,"column":6},"end":{"line":35,"column":7}},"15":{"start":{"line":33,"column":8},"end":{"line":34,"column":86}},"16":{"start":{"line":37,"column":6},"end":{"line":37,"column":71}},"17":{"start":{"line":38,"column":6},"end":{"line":38,"column":72}},"18":{"start":{"line":40,"column":6},"end":{"line":41,"column":87}},"19":{"start":{"line":47,"column":4},"end":{"line":54,"column":5}},"20":{"start":{"line":48,"column":29},"end":{"line":48,"column":39}},"21":{"start":{"line":49,"column":22},"end":{"line":49,"column":66}},"22":{"start":{"line":50,"column":6},"end":{"line":50,"column":41}},"23":{"start":{"line":52,"column":6},"end":{"line":53,"column":90}},"24":{"start":{"line":59,"column":4},"end":{"line":65,"column":5}},"25":{"start":{"line":60,"column":23},"end":{"line":60,"column":67}},"26":{"start":{"line":61,"column":6},"end":{"line":61,"column":42}},"27":{"start":{"line":63,"column":6},"end":{"line":64,"column":93}},"28":{"start":{"line":70,"column":4},"end":{"line":77,"column":5}},"29":{"start":{"line":71,"column":30},"end":{"line":71,"column":66}},"30":{"start":{"line":72,"column":6},"end":{"line":73,"column":65}},"31":{"start":{"line":75,"column":6},"end":{"line":76,"column":91}},"32":{"start":{"line":81,"column":0},"end":{"line":81,"column":38}}},"fnMap":{"0":{"name":"(anonymous_0)","decl":{"start":{"line":7,"column":2},"end":{"line":7,"column":3}},"loc":{"start":{"line":7,"column":31},"end":{"line":23,"column":3}},"line":7},"1":{"name":"(anonymous_1)","decl":{"start":{"line":26,"column":2},"end":{"line":26,"column":3}},"loc":{"start":{"line":26,"column":33},"end":{"line":43,"column":3}},"line":26},"2":{"name":"(anonymous_2)","decl":{"start":{"line":46,"column":2},"end":{"line":46,"column":3}},"loc":{"start":{"line":46,"column":33},"end":{"line":55,"column":3}},"line":46},"3":{"name":"(anonymous_3)","decl":{"start":{"line":58,"column":2},"end":{"line":58,"column":3}},"loc":{"start":{"line":58,"column":43},"end":{"line":66,"column":3}},"line":58},"4":{"name":"(anonymous_4)","decl":{"start":{"line":69,"column":2},"end":{"line":69,"column":3}},"loc":{"start":{"line":69,"column":35},"end":{"line":78,"column":3}},"line":69}},"branchMap":{"0":{"loc":{"start":{"line":12,"column":6},"end":{"line":15,"column":7}},"type":"if","locations":[{"start":{"line":12,"column":6},"end":{"line":15,"column":7}},{"start":{},"end":{}}],"line":12},"1":{"loc":{"start":{"line":32,"column":6},"end":{"line":35,"column":7}},"type":"if","locations":[{"start":{"line":32,"column":6},"end":{"line":35,"column":7}},{"start":{},"end":{}}],"line":32}},"s":{"0":1,"1":1,"2":3,"3":3,"4":3,"5":3,"6":1,"7":2,"8":1,"9":1,"10":3,"11":3,"12":3,"13":3,"14":3,"15":1,"16":2,"17":1,"18":1,"19":2,"20":2,"21":2,"22":1,"23":1,"24":2,"25":2,"26":1,"27":1,"28":3,"29":3,"30":2,"31":1,"32":1},"f":{"0":3,"1":3,"2":2,"3":2,"4":3},"b":{"0":[1,2],"1":[1,2]},"_coverageSchema":"1a1c01bbd47fc00a2c39e90264f33305004495a9","hash":"9d1e66eb62509afcdd410bfdc4d4e4596afd860d"}
,"C:\\Users\\Administrator\\Desktop\\pj\\server\\src\\controllers\\permissionController.js": {"path":"C:\\Users\\Administrator\\Desktop\\pj\\server\\src\\controllers\\permissionController.js","statementMap":{"0":{"start":{"line":1,"column":26},"end":{"line":1,"column":66}},"1":{"start":{"line":2,"column":57},"end":{"line":2,"column":90}},"2":{"start":{"line":6,"column":8},"end":{"line":6,"column":67}},"3":{"start":{"line":7,"column":8},"end":{"line":7,"column":81}},"4":{"start":{"line":8,"column":8},"end":{"line":8,"column":83}},"5":{"start":{"line":9,"column":8},"end":{"line":9,"column":63}},"6":{"start":{"line":10,"column":8},"end":{"line":10,"column":71}},"7":{"start":{"line":11,"column":8},"end":{"line":11,"column":69}},"8":{"start":{"line":15,"column":8},"end":{"line":20,"column":9}},"9":{"start":{"line":16,"column":32},"end":{"line":16,"column":75}},"10":{"start":{"line":17,"column":12},"end":{"line":17,"column":51}},"11":{"start":{"line":19,"column":12},"end":{"line":19,"column":132}},"12":{"start":{"line":24,"column":8},"end":{"line":33,"column":9}},"13":{"start":{"line":25,"column":31},"end":{"line":25,"column":62}},"14":{"start":{"line":26,"column":32},"end":{"line":26,"column":92}},"15":{"start":{"line":27,"column":12},"end":{"line":27,"column":51}},"16":{"start":{"line":29,"column":12},"end":{"line":31,"column":13}},"17":{"start":{"line":30,"column":16},"end":{"line":30,"column":117}},"18":{"start":{"line":32,"column":12},"end":{"line":32,"column":150}},"19":{"start":{"line":37,"column":8},"end":{"line":50,"column":9}},"20":{"start":{"line":38,"column":31},"end":{"line":38,"column":62}},"21":{"start":{"line":39,"column":36},"end":{"line":39,"column":44}},"22":{"start":{"line":40,"column":12},"end":{"line":42,"column":13}},"23":{"start":{"line":41,"column":16},"end":{"line":41,"column":136}},"24":{"start":{"line":43,"column":12},"end":{"line":43,"column":87}},"25":{"start":{"line":44,"column":12},"end":{"line":44,"column":80}},"26":{"start":{"line":46,"column":12},"end":{"line":48,"column":13}},"27":{"start":{"line":47,"column":16},"end":{"line":47,"column":117}},"28":{"start":{"line":49,"column":12},"end":{"line":49,"column":133}},"29":{"start":{"line":54,"column":8},"end":{"line":64,"column":9}},"30":{"start":{"line":55,"column":31},"end":{"line":55,"column":62}},"31":{"start":{"line":56,"column":33},"end":{"line":56,"column":66}},"32":{"start":{"line":57,"column":34},"end":{"line":57,"column":99}},"33":{"start":{"line":58,"column":12},"end":{"line":58,"column":53}},"34":{"start":{"line":60,"column":12},"end":{"line":62,"column":13}},"35":{"start":{"line":61,"column":16},"end":{"line":61,"column":117}},"36":{"start":{"line":63,"column":12},"end":{"line":63,"column":131}},"37":{"start":{"line":68,"column":8},"end":{"line":73,"column":9}},"38":{"start":{"line":69,"column":28},"end":{"line":69,"column":73}},"39":{"start":{"line":70,"column":12},"end":{"line":70,"column":47}},"40":{"start":{"line":72,"column":12},"end":{"line":72,"column":138}},"41":{"start":{"line":77,"column":8},"end":{"line":86,"column":9}},"42":{"start":{"line":78,"column":31},"end":{"line":78,"column":62}},"43":{"start":{"line":79,"column":32},"end":{"line":79,"column":86}},"44":{"start":{"line":80,"column":12},"end":{"line":80,"column":51}},"45":{"start":{"line":82,"column":12},"end":{"line":84,"column":13}},"46":{"start":{"line":83,"column":16},"end":{"line":83,"column":117}},"47":{"start":{"line":85,"column":12},"end":{"line":85,"column":146}},"48":{"start":{"line":90,"column":0},"end":{"line":90,"column":44}}},"fnMap":{"0":{"name":"(anonymous_0)","decl":{"start":{"line":5,"column":4},"end":{"line":5,"column":5}},"loc":{"start":{"line":5,"column":18},"end":{"line":12,"column":5}},"line":5},"1":{"name":"(anonymous_1)","decl":{"start":{"line":14,"column":4},"end":{"line":14,"column":5}},"loc":{"start":{"line":14,"column":38},"end":{"line":21,"column":5}},"line":14},"2":{"name":"(anonymous_2)","decl":{"start":{"line":23,"column":4},"end":{"line":23,"column":5}},"loc":{"start":{"line":23,"column":45},"end":{"line":34,"column":5}},"line":23},"3":{"name":"(anonymous_3)","decl":{"start":{"line":36,"column":4},"end":{"line":36,"column":5}},"loc":{"start":{"line":36,"column":46},"end":{"line":51,"column":5}},"line":36},"4":{"name":"(anonymous_4)","decl":{"start":{"line":53,"column":4},"end":{"line":53,"column":5}},"loc":{"start":{"line":53,"column":36},"end":{"line":65,"column":5}},"line":53},"5":{"name":"(anonymous_5)","decl":{"start":{"line":67,"column":4},"end":{"line":67,"column":5}},"loc":{"start":{"line":67,"column":40},"end":{"line":74,"column":5}},"line":67},"6":{"name":"(anonymous_6)","decl":{"start":{"line":76,"column":4},"end":{"line":76,"column":5}},"loc":{"start":{"line":76,"column":39},"end":{"line":87,"column":5}},"line":76}},"branchMap":{"0":{"loc":{"start":{"line":29,"column":12},"end":{"line":31,"column":13}},"type":"if","locations":[{"start":{"line":29,"column":12},"end":{"line":31,"column":13}},{"start":{},"end":{}}],"line":29},"1":{"loc":{"start":{"line":40,"column":12},"end":{"line":42,"column":13}},"type":"if","locations":[{"start":{"line":40,"column":12},"end":{"line":42,"column":13}},{"start":{},"end":{}}],"line":40},"2":{"loc":{"start":{"line":46,"column":12},"end":{"line":48,"column":13}},"type":"if","locations":[{"start":{"line":46,"column":12},"end":{"line":48,"column":13}},{"start":{},"end":{}}],"line":46},"3":{"loc":{"start":{"line":60,"column":12},"end":{"line":62,"column":13}},"type":"if","locations":[{"start":{"line":60,"column":12},"end":{"line":62,"column":13}},{"start":{},"end":{}}],"line":60},"4":{"loc":{"start":{"line":82,"column":12},"end":{"line":84,"column":13}},"type":"if","locations":[{"start":{"line":82,"column":12},"end":{"line":84,"column":13}},{"start":{},"end":{}}],"line":82}},"s":{"0":1,"1":1,"2":1,"3":1,"4":1,"5":1,"6":1,"7":1,"8":2,"9":2,"10":1,"11":1,"12":3,"13":3,"14":3,"15":1,"16":2,"17":1,"18":1,"19":4,"20":4,"21":4,"22":4,"23":1,"24":3,"25":1,"26":2,"27":1,"28":1,"29":4,"30":4,"31":4,"32":4,"33":2,"34":2,"35":1,"36":1,"37":2,"38":2,"39":1,"40":1,"41":3,"42":3,"43":3,"44":1,"45":2,"46":1,"47":1,"48":1},"f":{"0":1,"1":2,"2":3,"3":4,"4":4,"5":2,"6":3},"b":{"0":[1,1],"1":[1,3],"2":[1,1],"3":[1,1],"4":[1,1]},"_coverageSchema":"1a1c01bbd47fc00a2c39e90264f33305004495a9","hash":"d54236194d50ea51348cf93503d621fc93e49372"}
,"C:\\Users\\Administrator\\Desktop\\pj\\server\\src\\controllers\\positionController.js": {"path":"C:\\Users\\Administrator\\Desktop\\pj\\server\\src\\controllers\\positionController.js","statementMap":{"0":{"start":{"line":2,"column":24},"end":{"line":2,"column":62}},"1":{"start":{"line":3,"column":57},"end":{"line":3,"column":90}},"2":{"start":{"line":7,"column":4},"end":{"line":13,"column":5}},"3":{"start":{"line":8,"column":24},"end":{"line":8,"column":63}},"4":{"start":{"line":9,"column":6},"end":{"line":9,"column":43}},"5":{"start":{"line":11,"column":6},"end":{"line":12,"column":87}},"6":{"start":{"line":17,"column":4},"end":{"line":27,"column":5}},"7":{"start":{"line":18,"column":23},"end":{"line":18,"column":75}},"8":{"start":{"line":19,"column":6},"end":{"line":19,"column":42}},"9":{"start":{"line":21,"column":6},"end":{"line":24,"column":7}},"10":{"start":{"line":22,"column":8},"end":{"line":23,"column":77}},"11":{"start":{"line":25,"column":6},"end":{"line":26,"column":86}},"12":{"start":{"line":31,"column":4},"end":{"line":37,"column":5}},"13":{"start":{"line":32,"column":24},"end":{"line":32,"column":81}},"14":{"start":{"line":33,"column":6},"end":{"line":33,"column":43}},"15":{"start":{"line":35,"column":6},"end":{"line":36,"column":96}},"16":{"start":{"line":41,"column":4},"end":{"line":47,"column":5}},"17":{"start":{"line":42,"column":26},"end":{"line":42,"column":85}},"18":{"start":{"line":43,"column":6},"end":{"line":43,"column":45}},"19":{"start":{"line":45,"column":6},"end":{"line":46,"column":98}},"20":{"start":{"line":51,"column":4},"end":{"line":62,"column":5}},"21":{"start":{"line":52,"column":26},"end":{"line":52,"column":72}},"22":{"start":{"line":53,"column":6},"end":{"line":54,"column":77}},"23":{"start":{"line":56,"column":6},"end":{"line":59,"column":7}},"24":{"start":{"line":57,"column":8},"end":{"line":58,"column":89}},"25":{"start":{"line":60,"column":6},"end":{"line":61,"column":87}},"26":{"start":{"line":66,"column":4},"end":{"line":76,"column":5}},"27":{"start":{"line":67,"column":30},"end":{"line":67,"column":91}},"28":{"start":{"line":68,"column":6},"end":{"line":68,"column":82}},"29":{"start":{"line":70,"column":6},"end":{"line":73,"column":7}},"30":{"start":{"line":71,"column":8},"end":{"line":72,"column":77}},"31":{"start":{"line":74,"column":6},"end":{"line":75,"column":87}},"32":{"start":{"line":80,"column":4},"end":{"line":90,"column":5}},"33":{"start":{"line":81,"column":6},"end":{"line":81,"column":58}},"34":{"start":{"line":82,"column":6},"end":{"line":82,"column":71}},"35":{"start":{"line":84,"column":6},"end":{"line":87,"column":7}},"36":{"start":{"line":85,"column":8},"end":{"line":86,"column":72}},"37":{"start":{"line":88,"column":6},"end":{"line":89,"column":87}},"38":{"start":{"line":94,"column":0},"end":{"line":94,"column":42}}},"fnMap":{"0":{"name":"(anonymous_0)","decl":{"start":{"line":6,"column":2},"end":{"line":6,"column":3}},"loc":{"start":{"line":6,"column":34},"end":{"line":14,"column":3}},"line":6},"1":{"name":"(anonymous_1)","decl":{"start":{"line":16,"column":2},"end":{"line":16,"column":3}},"loc":{"start":{"line":16,"column":34},"end":{"line":28,"column":3}},"line":16},"2":{"name":"(anonymous_2)","decl":{"start":{"line":30,"column":2},"end":{"line":30,"column":3}},"loc":{"start":{"line":30,"column":39},"end":{"line":38,"column":3}},"line":30},"3":{"name":"(anonymous_3)","decl":{"start":{"line":40,"column":2},"end":{"line":40,"column":3}},"loc":{"start":{"line":40,"column":41},"end":{"line":48,"column":3}},"line":40},"4":{"name":"(anonymous_4)","decl":{"start":{"line":50,"column":2},"end":{"line":50,"column":3}},"loc":{"start":{"line":50,"column":33},"end":{"line":63,"column":3}},"line":50},"5":{"name":"(anonymous_5)","decl":{"start":{"line":65,"column":2},"end":{"line":65,"column":3}},"loc":{"start":{"line":65,"column":33},"end":{"line":77,"column":3}},"line":65},"6":{"name":"(anonymous_6)","decl":{"start":{"line":79,"column":2},"end":{"line":79,"column":3}},"loc":{"start":{"line":79,"column":33},"end":{"line":91,"column":3}},"line":79}},"branchMap":{"0":{"loc":{"start":{"line":21,"column":6},"end":{"line":24,"column":7}},"type":"if","locations":[{"start":{"line":21,"column":6},"end":{"line":24,"column":7}},{"start":{},"end":{}}],"line":21},"1":{"loc":{"start":{"line":56,"column":6},"end":{"line":59,"column":7}},"type":"if","locations":[{"start":{"line":56,"column":6},"end":{"line":59,"column":7}},{"start":{},"end":{}}],"line":56},"2":{"loc":{"start":{"line":70,"column":6},"end":{"line":73,"column":7}},"type":"if","locations":[{"start":{"line":70,"column":6},"end":{"line":73,"column":7}},{"start":{},"end":{}}],"line":70},"3":{"loc":{"start":{"line":84,"column":6},"end":{"line":87,"column":7}},"type":"if","locations":[{"start":{"line":84,"column":6},"end":{"line":87,"column":7}},{"start":{},"end":{}}],"line":84}},"s":{"0":1,"1":1,"2":2,"3":2,"4":1,"5":1,"6":2,"7":2,"8":1,"9":1,"10":1,"11":0,"12":1,"13":1,"14":1,"15":0,"16":1,"17":1,"18":1,"19":0,"20":2,"21":2,"22":1,"23":1,"24":1,"25":0,"26":1,"27":1,"28":1,"29":0,"30":0,"31":0,"32":2,"33":2,"34":1,"35":1,"36":1,"37":0,"38":1},"f":{"0":2,"1":2,"2":1,"3":1,"4":2,"5":1,"6":2},"b":{"0":[1,0],"1":[1,0],"2":[0,0],"3":[1,0]},"_coverageSchema":"1a1c01bbd47fc00a2c39e90264f33305004495a9","hash":"51688376ca9ca5e6d6f1d38a86ad61110648dfdd"}
,"C:\\Users\\Administrator\\Desktop\\pj\\server\\src\\controllers\\reportController.js": {"path":"C:\\Users\\Administrator\\Desktop\\pj\\server\\src\\controllers\\reportController.js","statementMap":{"0":{"start":{"line":1,"column":22},"end":{"line":1,"column":58}},"1":{"start":{"line":2,"column":57},"end":{"line":2,"column":90}},"2":{"start":{"line":8,"column":18},"end":{"line":8,"column":37}},"3":{"start":{"line":9,"column":16},"end":{"line":9,"column":33}},"4":{"start":{"line":11,"column":4},"end":{"line":13,"column":5}},"5":{"start":{"line":12,"column":6},"end":{"line":12,"column":64}},"6":{"start":{"line":16,"column":4},"end":{"line":18,"column":5}},"7":{"start":{"line":17,"column":6},"end":{"line":17,"column":78}},"8":{"start":{"line":21,"column":20},"end":{"line":21,"column":45}},"9":{"start":{"line":22,"column":4},"end":{"line":24,"column":5}},"10":{"start":{"line":23,"column":6},"end":{"line":23,"column":78}},"11":{"start":{"line":27,"column":16},"end":{"line":27,"column":26}},"12":{"start":{"line":28,"column":4},"end":{"line":30,"column":5}},"13":{"start":{"line":29,"column":6},"end":{"line":29,"column":84}},"14":{"start":{"line":32,"column":4},"end":{"line":32,"column":29}},"15":{"start":{"line":37,"column":21},"end":{"line":37,"column":36}},"16":{"start":{"line":38,"column":20},"end":{"line":38,"column":34}},"17":{"start":{"line":40,"column":4},"end":{"line":42,"column":5}},"18":{"start":{"line":41,"column":6},"end":{"line":41,"column":75}},"19":{"start":{"line":44,"column":4},"end":{"line":46,"column":5}},"20":{"start":{"line":45,"column":6},"end":{"line":45,"column":64}},"21":{"start":{"line":48,"column":4},"end":{"line":48,"column":29}},"22":{"start":{"line":53,"column":4},"end":{"line":74,"column":5}},"23":{"start":{"line":54,"column":37},"end":{"line":54,"column":46}},"24":{"start":{"line":55,"column":6},"end":{"line":58,"column":7}},"25":{"start":{"line":56,"column":8},"end":{"line":57,"column":97}},"26":{"start":{"line":60,"column":29},"end":{"line":60,"column":67}},"27":{"start":{"line":61,"column":6},"end":{"line":64,"column":7}},"28":{"start":{"line":62,"column":8},"end":{"line":63,"column":81}},"29":{"start":{"line":66,"column":20},"end":{"line":69,"column":7}},"30":{"start":{"line":70,"column":6},"end":{"line":70,"column":39}},"31":{"start":{"line":72,"column":6},"end":{"line":73,"column":99}},"32":{"start":{"line":79,"column":4},"end":{"line":103,"column":5}},"33":{"start":{"line":80,"column":25},"end":{"line":80,"column":35}},"34":{"start":{"line":81,"column":30},"end":{"line":81,"column":39}},"35":{"start":{"line":83,"column":6},"end":{"line":86,"column":7}},"36":{"start":{"line":84,"column":8},"end":{"line":85,"column":88}},"37":{"start":{"line":88,"column":25},"end":{"line":88,"column":60}},"38":{"start":{"line":89,"column":6},"end":{"line":92,"column":7}},"39":{"start":{"line":90,"column":8},"end":{"line":91,"column":77}},"40":{"start":{"line":94,"column":20},"end":{"line":98,"column":7}},"41":{"start":{"line":99,"column":6},"end":{"line":99,"column":39}},"42":{"start":{"line":101,"column":6},"end":{"line":102,"column":100}},"43":{"start":{"line":108,"column":4},"end":{"line":129,"column":5}},"44":{"start":{"line":109,"column":37},"end":{"line":109,"column":46}},"45":{"start":{"line":110,"column":6},"end":{"line":113,"column":7}},"46":{"start":{"line":111,"column":8},"end":{"line":112,"column":97}},"47":{"start":{"line":115,"column":29},"end":{"line":115,"column":67}},"48":{"start":{"line":116,"column":6},"end":{"line":119,"column":7}},"49":{"start":{"line":117,"column":8},"end":{"line":118,"column":81}},"50":{"start":{"line":121,"column":20},"end":{"line":124,"column":7}},"51":{"start":{"line":125,"column":6},"end":{"line":125,"column":39}},"52":{"start":{"line":127,"column":6},"end":{"line":128,"column":102}},"53":{"start":{"line":134,"column":4},"end":{"line":155,"column":5}},"54":{"start":{"line":135,"column":37},"end":{"line":135,"column":46}},"55":{"start":{"line":136,"column":6},"end":{"line":139,"column":7}},"56":{"start":{"line":137,"column":8},"end":{"line":138,"column":97}},"57":{"start":{"line":141,"column":29},"end":{"line":141,"column":67}},"58":{"start":{"line":142,"column":6},"end":{"line":145,"column":7}},"59":{"start":{"line":143,"column":8},"end":{"line":144,"column":81}},"60":{"start":{"line":147,"column":20},"end":{"line":150,"column":7}},"61":{"start":{"line":151,"column":6},"end":{"line":151,"column":39}},"62":{"start":{"line":153,"column":6},"end":{"line":154,"column":93}},"63":{"start":{"line":160,"column":4},"end":{"line":190,"column":5}},"64":{"start":{"line":161,"column":31},"end":{"line":161,"column":41}},"65":{"start":{"line":162,"column":37},"end":{"line":162,"column":46}},"66":{"start":{"line":165,"column":6},"end":{"line":168,"column":7}},"67":{"start":{"line":166,"column":8},"end":{"line":167,"column":105}},"68":{"start":{"line":170,"column":6},"end":{"line":173,"column":7}},"69":{"start":{"line":171,"column":8},"end":{"line":172,"column":97}},"70":{"start":{"line":175,"column":29},"end":{"line":175,"column":67}},"71":{"start":{"line":176,"column":6},"end":{"line":179,"column":7}},"72":{"start":{"line":177,"column":8},"end":{"line":178,"column":81}},"73":{"start":{"line":181,"column":22},"end":{"line":185,"column":7}},"74":{"start":{"line":186,"column":6},"end":{"line":186,"column":41}},"75":{"start":{"line":188,"column":6},"end":{"line":189,"column":90}},"76":{"start":{"line":195,"column":4},"end":{"line":216,"column":5}},"77":{"start":{"line":196,"column":37},"end":{"line":196,"column":46}},"78":{"start":{"line":197,"column":6},"end":{"line":200,"column":7}},"79":{"start":{"line":198,"column":8},"end":{"line":199,"column":97}},"80":{"start":{"line":202,"column":29},"end":{"line":202,"column":67}},"81":{"start":{"line":203,"column":6},"end":{"line":206,"column":7}},"82":{"start":{"line":204,"column":8},"end":{"line":205,"column":100}},"83":{"start":{"line":208,"column":20},"end":{"line":211,"column":7}},"84":{"start":{"line":212,"column":6},"end":{"line":212,"column":39}},"85":{"start":{"line":214,"column":6},"end":{"line":215,"column":100}},"86":{"start":{"line":220,"column":0},"end":{"line":220,"column":40}}},"fnMap":{"0":{"name":"(anonymous_0)","decl":{"start":{"line":6,"column":2},"end":{"line":6,"column":3}},"loc":{"start":{"line":6,"column":36},"end":{"line":33,"column":3}},"line":6},"1":{"name":"(anonymous_1)","decl":{"start":{"line":36,"column":2},"end":{"line":36,"column":3}},"loc":{"start":{"line":36,"column":33},"end":{"line":49,"column":3}},"line":36},"2":{"name":"(anonymous_2)","decl":{"start":{"line":52,"column":2},"end":{"line":52,"column":3}},"loc":{"start":{"line":52,"column":36},"end":{"line":75,"column":3}},"line":52},"3":{"name":"(anonymous_3)","decl":{"start":{"line":78,"column":2},"end":{"line":78,"column":3}},"loc":{"start":{"line":78,"column":37},"end":{"line":104,"column":3}},"line":78},"4":{"name":"(anonymous_4)","decl":{"start":{"line":107,"column":2},"end":{"line":107,"column":3}},"loc":{"start":{"line":107,"column":39},"end":{"line":130,"column":3}},"line":107},"5":{"name":"(anonymous_5)","decl":{"start":{"line":133,"column":2},"end":{"line":133,"column":3}},"loc":{"start":{"line":133,"column":31},"end":{"line":156,"column":3}},"line":133},"6":{"name":"(anonymous_6)","decl":{"start":{"line":159,"column":2},"end":{"line":159,"column":3}},"loc":{"start":{"line":159,"column":33},"end":{"line":191,"column":3}},"line":159},"7":{"name":"(anonymous_7)","decl":{"start":{"line":194,"column":2},"end":{"line":194,"column":3}},"loc":{"start":{"line":194,"column":37},"end":{"line":217,"column":3}},"line":194}},"branchMap":{"0":{"loc":{"start":{"line":11,"column":4},"end":{"line":13,"column":5}},"type":"if","locations":[{"start":{"line":11,"column":4},"end":{"line":13,"column":5}},{"start":{},"end":{}}],"line":11},"1":{"loc":{"start":{"line":11,"column":8},"end":{"line":11,"column":54}},"type":"binary-expr","locations":[{"start":{"line":11,"column":8},"end":{"line":11,"column":30}},{"start":{"line":11,"column":34},"end":{"line":11,"column":54}}],"line":11},"2":{"loc":{"start":{"line":16,"column":4},"end":{"line":18,"column":5}},"type":"if","locations":[{"start":{"line":16,"column":4},"end":{"line":18,"column":5}},{"start":{},"end":{}}],"line":16},"3":{"loc":{"start":{"line":22,"column":4},"end":{"line":24,"column":5}},"type":"if","locations":[{"start":{"line":22,"column":4},"end":{"line":24,"column":5}},{"start":{},"end":{}}],"line":22},"4":{"loc":{"start":{"line":28,"column":4},"end":{"line":30,"column":5}},"type":"if","locations":[{"start":{"line":28,"column":4},"end":{"line":30,"column":5}},{"start":{},"end":{}}],"line":28},"5":{"loc":{"start":{"line":40,"column":4},"end":{"line":42,"column":5}},"type":"if","locations":[{"start":{"line":40,"column":4},"end":{"line":42,"column":5}},{"start":{},"end":{}}],"line":40},"6":{"loc":{"start":{"line":40,"column":8},"end":{"line":40,"column":41}},"type":"binary-expr","locations":[{"start":{"line":40,"column":8},"end":{"line":40,"column":23}},{"start":{"line":40,"column":27},"end":{"line":40,"column":41}}],"line":40},"7":{"loc":{"start":{"line":44,"column":4},"end":{"line":46,"column":5}},"type":"if","locations":[{"start":{"line":44,"column":4},"end":{"line":46,"column":5}},{"start":{},"end":{}}],"line":44},"8":{"loc":{"start":{"line":44,"column":8},"end":{"line":44,"column":37}},"type":"binary-expr","locations":[{"start":{"line":44,"column":8},"end":{"line":44,"column":20}},{"start":{"line":44,"column":24},"end":{"line":44,"column":37}}],"line":44},"9":{"loc":{"start":{"line":55,"column":6},"end":{"line":58,"column":7}},"type":"if","locations":[{"start":{"line":55,"column":6},"end":{"line":58,"column":7}},{"start":{},"end":{}}],"line":55},"10":{"loc":{"start":{"line":55,"column":10},"end":{"line":55,"column":32}},"type":"binary-expr","locations":[{"start":{"line":55,"column":10},"end":{"line":55,"column":20}},{"start":{"line":55,"column":24},"end":{"line":55,"column":32}}],"line":55},"11":{"loc":{"start":{"line":61,"column":6},"end":{"line":64,"column":7}},"type":"if","locations":[{"start":{"line":61,"column":6},"end":{"line":64,"column":7}},{"start":{},"end":{}}],"line":61},"12":{"loc":{"start":{"line":83,"column":6},"end":{"line":86,"column":7}},"type":"if","locations":[{"start":{"line":83,"column":6},"end":{"line":86,"column":7}},{"start":{},"end":{}}],"line":83},"13":{"loc":{"start":{"line":83,"column":10},"end":{"line":83,"column":25}},"type":"binary-expr","locations":[{"start":{"line":83,"column":10},"end":{"line":83,"column":16}},{"start":{"line":83,"column":20},"end":{"line":83,"column":25}}],"line":83},"14":{"loc":{"start":{"line":89,"column":6},"end":{"line":92,"column":7}},"type":"if","locations":[{"start":{"line":89,"column":6},"end":{"line":92,"column":7}},{"start":{},"end":{}}],"line":89},"15":{"loc":{"start":{"line":110,"column":6},"end":{"line":113,"column":7}},"type":"if","locations":[{"start":{"line":110,"column":6},"end":{"line":113,"column":7}},{"start":{},"end":{}}],"line":110},"16":{"loc":{"start":{"line":110,"column":10},"end":{"line":110,"column":32}},"type":"binary-expr","locations":[{"start":{"line":110,"column":10},"end":{"line":110,"column":20}},{"start":{"line":110,"column":24},"end":{"line":110,"column":32}}],"line":110},"17":{"loc":{"start":{"line":116,"column":6},"end":{"line":119,"column":7}},"type":"if","locations":[{"start":{"line":116,"column":6},"end":{"line":119,"column":7}},{"start":{},"end":{}}],"line":116},"18":{"loc":{"start":{"line":136,"column":6},"end":{"line":139,"column":7}},"type":"if","locations":[{"start":{"line":136,"column":6},"end":{"line":139,"column":7}},{"start":{},"end":{}}],"line":136},"19":{"loc":{"start":{"line":136,"column":10},"end":{"line":136,"column":32}},"type":"binary-expr","locations":[{"start":{"line":136,"column":10},"end":{"line":136,"column":20}},{"start":{"line":136,"column":24},"end":{"line":136,"column":32}}],"line":136},"20":{"loc":{"start":{"line":142,"column":6},"end":{"line":145,"column":7}},"type":"if","locations":[{"start":{"line":142,"column":6},"end":{"line":145,"column":7}},{"start":{},"end":{}}],"line":142},"21":{"loc":{"start":{"line":165,"column":6},"end":{"line":168,"column":7}},"type":"if","locations":[{"start":{"line":165,"column":6},"end":{"line":168,"column":7}},{"start":{},"end":{}}],"line":165},"22":{"loc":{"start":{"line":165,"column":10},"end":{"line":165,"column":80}},"type":"binary-expr","locations":[{"start":{"line":165,"column":10},"end":{"line":165,"column":39}},{"start":{"line":165,"column":43},"end":{"line":165,"column":80}}],"line":165},"23":{"loc":{"start":{"line":170,"column":6},"end":{"line":173,"column":7}},"type":"if","locations":[{"start":{"line":170,"column":6},"end":{"line":173,"column":7}},{"start":{},"end":{}}],"line":170},"24":{"loc":{"start":{"line":170,"column":10},"end":{"line":170,"column":32}},"type":"binary-expr","locations":[{"start":{"line":170,"column":10},"end":{"line":170,"column":20}},{"start":{"line":170,"column":24},"end":{"line":170,"column":32}}],"line":170},"25":{"loc":{"start":{"line":176,"column":6},"end":{"line":179,"column":7}},"type":"if","locations":[{"start":{"line":176,"column":6},"end":{"line":179,"column":7}},{"start":{},"end":{}}],"line":176},"26":{"loc":{"start":{"line":197,"column":6},"end":{"line":200,"column":7}},"type":"if","locations":[{"start":{"line":197,"column":6},"end":{"line":200,"column":7}},{"start":{},"end":{}}],"line":197},"27":{"loc":{"start":{"line":197,"column":10},"end":{"line":197,"column":32}},"type":"binary-expr","locations":[{"start":{"line":197,"column":10},"end":{"line":197,"column":20}},{"start":{"line":197,"column":24},"end":{"line":197,"column":32}}],"line":197},"28":{"loc":{"start":{"line":203,"column":6},"end":{"line":206,"column":7}},"type":"if","locations":[{"start":{"line":203,"column":6},"end":{"line":206,"column":7}},{"start":{},"end":{}}],"line":203}},"s":{"0":1,"1":1,"2":10,"3":10,"4":10,"5":1,"6":9,"7":2,"8":7,"9":7,"10":1,"11":6,"12":6,"13":0,"14":6,"15":3,"16":3,"17":3,"18":1,"19":2,"20":1,"21":1,"22":5,"23":5,"24":5,"25":1,"26":4,"27":4,"28":2,"29":2,"30":1,"31":1,"32":4,"33":4,"34":4,"35":4,"36":1,"37":3,"38":3,"39":2,"40":1,"41":1,"42":0,"43":2,"44":2,"45":2,"46":0,"47":2,"48":2,"49":1,"50":1,"51":1,"52":0,"53":0,"54":0,"55":0,"56":0,"57":0,"58":0,"59":0,"60":0,"61":0,"62":0,"63":3,"64":3,"65":3,"66":3,"67":1,"68":2,"69":0,"70":2,"71":2,"72":0,"73":2,"74":2,"75":0,"76":2,"77":2,"78":2,"79":0,"80":2,"81":2,"82":1,"83":1,"84":1,"85":0,"86":1},"f":{"0":10,"1":3,"2":5,"3":4,"4":2,"5":0,"6":3,"7":2},"b":{"0":[1,9],"1":[10,9],"2":[2,7],"3":[1,6],"4":[0,6],"5":[1,2],"6":[3,2],"7":[1,1],"8":[2,2],"9":[1,4],"10":[5,5],"11":[2,2],"12":[1,3],"13":[4,4],"14":[2,1],"15":[0,2],"16":[2,2],"17":[1,1],"18":[0,0],"19":[0,0],"20":[0,0],"21":[1,2],"22":[3,2],"23":[0,2],"24":[2,2],"25":[0,2],"26":[0,2],"27":[2,2],"28":[1,1]},"_coverageSchema":"1a1c01bbd47fc00a2c39e90264f33305004495a9","hash":"01400212fbddd67da9e25377ead66c4bcc6a0abd"}
,"C:\\Users\\Administrator\\Desktop\\pj\\server\\src\\controllers\\roomController.js": {"path":"C:\\Users\\Administrator\\Desktop\\pj\\server\\src\\controllers\\roomController.js","statementMap":{"0":{"start":{"line":2,"column":20},"end":{"line":2,"column":54}},"1":{"start":{"line":3,"column":57},"end":{"line":3,"column":90}},"2":{"start":{"line":7,"column":4},"end":{"line":13,"column":5}},"3":{"start":{"line":8,"column":20},"end":{"line":8,"column":51}},"4":{"start":{"line":9,"column":6},"end":{"line":9,"column":39}},"5":{"start":{"line":11,"column":6},"end":{"line":12,"column":83}},"6":{"start":{"line":17,"column":4},"end":{"line":27,"column":5}},"7":{"start":{"line":18,"column":19},"end":{"line":18,"column":63}},"8":{"start":{"line":19,"column":6},"end":{"line":19,"column":38}},"9":{"start":{"line":21,"column":6},"end":{"line":24,"column":7}},"10":{"start":{"line":22,"column":8},"end":{"line":23,"column":73}},"11":{"start":{"line":25,"column":6},"end":{"line":26,"column":82}},"12":{"start":{"line":31,"column":4},"end":{"line":60,"column":5}},"13":{"start":{"line":39,"column":10},"end":{"line":39,"column":18}},"14":{"start":{"line":41,"column":6},"end":{"line":44,"column":7}},"15":{"start":{"line":42,"column":8},"end":{"line":43,"column":84}},"16":{"start":{"line":46,"column":22},"end":{"line":53,"column":8}},"17":{"start":{"line":55,"column":6},"end":{"line":56,"column":69}},"18":{"start":{"line":58,"column":6},"end":{"line":59,"column":83}},"19":{"start":{"line":64,"column":4},"end":{"line":96,"column":5}},"20":{"start":{"line":72,"column":10},"end":{"line":72,"column":18}},"21":{"start":{"line":74,"column":6},"end":{"line":77,"column":7}},"22":{"start":{"line":75,"column":8},"end":{"line":76,"column":84}},"23":{"start":{"line":79,"column":26},"end":{"line":86,"column":8}},"24":{"start":{"line":88,"column":6},"end":{"line":88,"column":74}},"25":{"start":{"line":90,"column":6},"end":{"line":93,"column":7}},"26":{"start":{"line":91,"column":8},"end":{"line":92,"column":73}},"27":{"start":{"line":94,"column":6},"end":{"line":95,"column":83}},"28":{"start":{"line":100,"column":4},"end":{"line":110,"column":5}},"29":{"start":{"line":101,"column":6},"end":{"line":101,"column":50}},"30":{"start":{"line":102,"column":6},"end":{"line":102,"column":67}},"31":{"start":{"line":104,"column":6},"end":{"line":107,"column":7}},"32":{"start":{"line":105,"column":8},"end":{"line":106,"column":72}},"33":{"start":{"line":108,"column":6},"end":{"line":109,"column":83}},"34":{"start":{"line":114,"column":4},"end":{"line":128,"column":5}},"35":{"start":{"line":115,"column":21},"end":{"line":115,"column":31}},"36":{"start":{"line":116,"column":23},"end":{"line":116,"column":32}},"37":{"start":{"line":118,"column":6},"end":{"line":121,"column":7}},"38":{"start":{"line":119,"column":8},"end":{"line":120,"column":77}},"39":{"start":{"line":123,"column":27},"end":{"line":123,"column":84}},"40":{"start":{"line":124,"column":6},"end":{"line":124,"column":46}},"41":{"start":{"line":126,"column":6},"end":{"line":127,"column":95}},"42":{"start":{"line":132,"column":4},"end":{"line":153,"column":5}},"43":{"start":{"line":139,"column":10},"end":{"line":139,"column":19}},"44":{"start":{"line":141,"column":20},"end":{"line":147,"column":8}},"45":{"start":{"line":149,"column":6},"end":{"line":149,"column":39}},"46":{"start":{"line":151,"column":6},"end":{"line":152,"column":84}},"47":{"start":{"line":157,"column":0},"end":{"line":157,"column":38}}},"fnMap":{"0":{"name":"(anonymous_0)","decl":{"start":{"line":6,"column":2},"end":{"line":6,"column":3}},"loc":{"start":{"line":6,"column":30},"end":{"line":14,"column":3}},"line":6},"1":{"name":"(anonymous_1)","decl":{"start":{"line":16,"column":2},"end":{"line":16,"column":3}},"loc":{"start":{"line":16,"column":30},"end":{"line":28,"column":3}},"line":16},"2":{"name":"(anonymous_2)","decl":{"start":{"line":30,"column":2},"end":{"line":30,"column":3}},"loc":{"start":{"line":30,"column":29},"end":{"line":61,"column":3}},"line":30},"3":{"name":"(anonymous_3)","decl":{"start":{"line":63,"column":2},"end":{"line":63,"column":3}},"loc":{"start":{"line":63,"column":29},"end":{"line":97,"column":3}},"line":63},"4":{"name":"(anonymous_4)","decl":{"start":{"line":99,"column":2},"end":{"line":99,"column":3}},"loc":{"start":{"line":99,"column":29},"end":{"line":111,"column":3}},"line":99},"5":{"name":"(anonymous_5)","decl":{"start":{"line":113,"column":2},"end":{"line":113,"column":3}},"loc":{"start":{"line":113,"column":38},"end":{"line":129,"column":3}},"line":113},"6":{"name":"(anonymous_6)","decl":{"start":{"line":131,"column":2},"end":{"line":131,"column":3}},"loc":{"start":{"line":131,"column":30},"end":{"line":154,"column":3}},"line":131}},"branchMap":{"0":{"loc":{"start":{"line":21,"column":6},"end":{"line":24,"column":7}},"type":"if","locations":[{"start":{"line":21,"column":6},"end":{"line":24,"column":7}},{"start":{},"end":{}}],"line":21},"1":{"loc":{"start":{"line":41,"column":6},"end":{"line":44,"column":7}},"type":"if","locations":[{"start":{"line":41,"column":6},"end":{"line":44,"column":7}},{"start":{},"end":{}}],"line":41},"2":{"loc":{"start":{"line":41,"column":10},"end":{"line":41,"column":63}},"type":"binary-expr","locations":[{"start":{"line":41,"column":10},"end":{"line":41,"column":19}},{"start":{"line":41,"column":23},"end":{"line":41,"column":34}},{"start":{"line":41,"column":38},"end":{"line":41,"column":50}},{"start":{"line":41,"column":54},"end":{"line":41,"column":63}}],"line":41},"3":{"loc":{"start":{"line":51,"column":20},"end":{"line":51,"column":35}},"type":"binary-expr","locations":[{"start":{"line":51,"column":20},"end":{"line":51,"column":30}},{"start":{"line":51,"column":34},"end":{"line":51,"column":35}}],"line":51},"4":{"loc":{"start":{"line":52,"column":19},"end":{"line":52,"column":34}},"type":"binary-expr","locations":[{"start":{"line":52,"column":19},"end":{"line":52,"column":28}},{"start":{"line":52,"column":32},"end":{"line":52,"column":34}}],"line":52},"5":{"loc":{"start":{"line":74,"column":6},"end":{"line":77,"column":7}},"type":"if","locations":[{"start":{"line":74,"column":6},"end":{"line":77,"column":7}},{"start":{},"end":{}}],"line":74},"6":{"loc":{"start":{"line":74,"column":10},"end":{"line":74,"column":63}},"type":"binary-expr","locations":[{"start":{"line":74,"column":10},"end":{"line":74,"column":19}},{"start":{"line":74,"column":23},"end":{"line":74,"column":34}},{"start":{"line":74,"column":38},"end":{"line":74,"column":50}},{"start":{"line":74,"column":54},"end":{"line":74,"column":63}}],"line":74},"7":{"loc":{"start":{"line":90,"column":6},"end":{"line":93,"column":7}},"type":"if","locations":[{"start":{"line":90,"column":6},"end":{"line":93,"column":7}},{"start":{},"end":{}}],"line":90},"8":{"loc":{"start":{"line":104,"column":6},"end":{"line":107,"column":7}},"type":"if","locations":[{"start":{"line":104,"column":6},"end":{"line":107,"column":7}},{"start":{},"end":{}}],"line":104},"9":{"loc":{"start":{"line":118,"column":6},"end":{"line":121,"column":7}},"type":"if","locations":[{"start":{"line":118,"column":6},"end":{"line":121,"column":7}},{"start":{},"end":{}}],"line":118},"10":{"loc":{"start":{"line":142,"column":20},"end":{"line":142,"column":60}},"type":"cond-expr","locations":[{"start":{"line":142,"column":33},"end":{"line":142,"column":53}},{"start":{"line":142,"column":56},"end":{"line":142,"column":60}}],"line":142},"11":{"loc":{"start":{"line":143,"column":21},"end":{"line":143,"column":63}},"type":"cond-expr","locations":[{"start":{"line":143,"column":35},"end":{"line":143,"column":56}},{"start":{"line":143,"column":59},"end":{"line":143,"column":63}}],"line":143},"12":{"loc":{"start":{"line":144,"column":21},"end":{"line":144,"column":63}},"type":"cond-expr","locations":[{"start":{"line":144,"column":35},"end":{"line":144,"column":56}},{"start":{"line":144,"column":59},"end":{"line":144,"column":63}}],"line":144},"13":{"loc":{"start":{"line":145,"column":19},"end":{"line":145,"column":57}},"type":"cond-expr","locations":[{"start":{"line":145,"column":31},"end":{"line":145,"column":50}},{"start":{"line":145,"column":53},"end":{"line":145,"column":57}}],"line":145},"14":{"loc":{"start":{"line":146,"column":17},"end":{"line":146,"column":51}},"type":"cond-expr","locations":[{"start":{"line":146,"column":27},"end":{"line":146,"column":44}},{"start":{"line":146,"column":47},"end":{"line":146,"column":51}}],"line":146}},"s":{"0":1,"1":1,"2":2,"3":2,"4":1,"5":1,"6":2,"7":2,"8":1,"9":1,"10":1,"11":0,"12":2,"13":2,"14":2,"15":1,"16":1,"17":1,"18":0,"19":0,"20":0,"21":0,"22":0,"23":0,"24":0,"25":0,"26":0,"27":0,"28":0,"29":0,"30":0,"31":0,"32":0,"33":0,"34":2,"35":2,"36":2,"37":2,"38":1,"39":1,"40":1,"41":0,"42":2,"43":2,"44":2,"45":2,"46":0,"47":1},"f":{"0":2,"1":2,"2":2,"3":0,"4":0,"5":2,"6":2},"b":{"0":[1,0],"1":[1,1],"2":[2,2,1,1],"3":[1,1],"4":[1,0],"5":[0,0],"6":[0,0,0,0],"7":[0,0],"8":[0,0],"9":[1,1],"10":[1,1],"11":[1,1],"12":[1,1],"13":[1,1],"14":[1,1]},"_coverageSchema":"1a1c01bbd47fc00a2c39e90264f33305004495a9","hash":"ac3c4af1ccaa3d6d8ca8572b74362a1af70894f4"}
,"C:\\Users\\Administrator\\Desktop\\pj\\server\\src\\controllers\\systemLogController.js": {"path":"C:\\Users\\Administrator\\Desktop\\pj\\server\\src\\controllers\\systemLogController.js","statementMap":{"0":{"start":{"line":1,"column":25},"end":{"line":1,"column":64}},"1":{"start":{"line":2,"column":57},"end":{"line":2,"column":90}},"2":{"start":{"line":6,"column":8},"end":{"line":6,"column":47}},"3":{"start":{"line":7,"column":8},"end":{"line":7,"column":51}},"4":{"start":{"line":11,"column":8},"end":{"line":52,"column":9}},"5":{"start":{"line":12,"column":84},"end":{"line":12,"column":93}},"6":{"start":{"line":15,"column":30},"end":{"line":15,"column":51}},"7":{"start":{"line":16,"column":12},"end":{"line":25,"column":13}},"8":{"start":{"line":17,"column":16},"end":{"line":24,"column":22}},"9":{"start":{"line":26,"column":12},"end":{"line":35,"column":13}},"10":{"start":{"line":27,"column":16},"end":{"line":34,"column":22}},"11":{"start":{"line":37,"column":25},"end":{"line":44,"column":14}},"12":{"start":{"line":45,"column":12},"end":{"line":45,"column":44}},"13":{"start":{"line":47,"column":12},"end":{"line":51,"column":18}},"14":{"start":{"line":56,"column":8},"end":{"line":77,"column":9}},"15":{"start":{"line":57,"column":48},"end":{"line":57,"column":56}},"16":{"start":{"line":58,"column":12},"end":{"line":64,"column":13}},"17":{"start":{"line":59,"column":16},"end":{"line":63,"column":22}},"18":{"start":{"line":65,"column":24},"end":{"line":69,"column":14}},"19":{"start":{"line":70,"column":12},"end":{"line":70,"column":102}},"20":{"start":{"line":72,"column":12},"end":{"line":76,"column":18}},"21":{"start":{"line":81,"column":0},"end":{"line":81,"column":43}}},"fnMap":{"0":{"name":"(anonymous_0)","decl":{"start":{"line":5,"column":4},"end":{"line":5,"column":5}},"loc":{"start":{"line":5,"column":18},"end":{"line":8,"column":5}},"line":5},"1":{"name":"(anonymous_1)","decl":{"start":{"line":10,"column":4},"end":{"line":10,"column":5}},"loc":{"start":{"line":10,"column":28},"end":{"line":53,"column":5}},"line":10},"2":{"name":"(anonymous_2)","decl":{"start":{"line":55,"column":4},"end":{"line":55,"column":5}},"loc":{"start":{"line":55,"column":30},"end":{"line":78,"column":5}},"line":55}},"branchMap":{"0":{"loc":{"start":{"line":12,"column":56},"end":{"line":12,"column":64}},"type":"default-arg","locations":[{"start":{"line":12,"column":63},"end":{"line":12,"column":64}}],"line":12},"1":{"loc":{"start":{"line":12,"column":66},"end":{"line":12,"column":79}},"type":"default-arg","locations":[{"start":{"line":12,"column":77},"end":{"line":12,"column":79}}],"line":12},"2":{"loc":{"start":{"line":16,"column":12},"end":{"line":25,"column":13}},"type":"if","locations":[{"start":{"line":16,"column":12},"end":{"line":25,"column":13}},{"start":{},"end":{}}],"line":16},"3":{"loc":{"start":{"line":16,"column":16},"end":{"line":16,"column":96}},"type":"binary-expr","locations":[{"start":{"line":16,"column":16},"end":{"line":16,"column":26}},{"start":{"line":16,"column":30},"end":{"line":16,"column":38}},{"start":{"line":16,"column":42},"end":{"line":16,"column":68}},{"start":{"line":16,"column":72},"end":{"line":16,"column":96}}],"line":16},"4":{"loc":{"start":{"line":26,"column":12},"end":{"line":35,"column":13}},"type":"if","locations":[{"start":{"line":26,"column":12},"end":{"line":35,"column":13}},{"start":{},"end":{}}],"line":26},"5":{"loc":{"start":{"line":58,"column":12},"end":{"line":64,"column":13}},"type":"if","locations":[{"start":{"line":58,"column":12},"end":{"line":64,"column":13}},{"start":{},"end":{}}],"line":58},"6":{"loc":{"start":{"line":58,"column":16},"end":{"line":58,"column":34}},"type":"binary-expr","locations":[{"start":{"line":58,"column":16},"end":{"line":58,"column":23}},{"start":{"line":58,"column":27},"end":{"line":58,"column":34}}],"line":58}},"s":{"0":1,"1":1,"2":1,"3":1,"4":5,"5":5,"6":5,"7":5,"8":2,"9":3,"10":1,"11":2,"12":1,"13":1,"14":3,"15":3,"16":3,"17":1,"18":2,"19":1,"20":1,"21":1},"f":{"0":1,"1":5,"2":3},"b":{"0":[5],"1":[5],"2":[2,3],"3":[5,4,4,3],"4":[1,2],"5":[1,2],"6":[3,2]},"_coverageSchema":"1a1c01bbd47fc00a2c39e90264f33305004495a9","hash":"6bb92fd014ff3093ddc8e5a1d482d6a243a19763"}
[...]
":18}},"57":{"start":{"line":219,"column":6},"end":{"line":221,"column":7}},"58":{"start":{"line":220,"column":8},"end":{"line":220,"column":67}},"59":{"start":{"line":223,"column":6},"end":{"line":223,"column":40}},"60":{"start":{"line":226,"column":6},"end":{"line":229,"column":19}},"61":{"start":{"line":232,"column":6},"end":{"line":235,"column":19}},"62":{"start":{"line":238,"column":6},"end":{"line":241,"column":19}},"63":{"start":{"line":243,"column":6},"end":{"line":243,"column":32}},"64":{"start":{"line":244,"column":6},"end":{"line":244,"column":54}},"65":{"start":{"line":246,"column":6},"end":{"line":248,"column":7}},"66":{"start":{"line":247,"column":8},"end":{"line":247,"column":36}},"67":{"start":{"line":249,"column":6},"end":{"line":249,"column":18}},"68":{"start":{"line":251,"column":6},"end":{"line":257,"column":7}},"69":{"start":{"line":252,"column":8},"end":{"line":256,"column":9}},"70":{"start":{"line":253,"column":10},"end":{"line":253,"column":35}},"71":{"start":{"line":255,"column":10},"end":{"line":255,"column":29}},"72":{"start":{"line":262,"column":4},"end":{"line":280,"column":5}},"73":{"start":{"line":263,"column":21},"end":{"line":275,"column":24}},"74":{"start":{"line":277,"column":6},"end":{"line":277,"column":25}},"75":{"start":{"line":279,"column":6},"end":{"line":279,"column":18}},"76":{"start":{"line":284,"column":4},"end":{"line":335,"column":5}},"77":{"start":{"line":285,"column":18},"end":{"line":295,"column":7}},"78":{"start":{"line":297,"column":21},"end":{"line":297,"column":23}},"79":{"start":{"line":299,"column":6},"end":{"line":302,"column":7}},"80":{"start":{"line":300,"column":8},"end":{"line":300,"column":52}},"81":{"start":{"line":301,"column":8},"end":{"line":301,"column":48}},"82":{"start":{"line":304,"column":6},"end":{"line":307,"column":7}},"83":{"start":{"line":305,"column":8},"end":{"line":305,"column":54}},"84":{"start":{"line":306,"column":8},"end":{"line":306,"column":50}},"85":{"start":{"line":309,"column":6},"end":{"line":312,"column":7}},"86":{"start":{"line":310,"column":8},"end":{"line":310,"column":51}},"87":{"start":{"line":311,"column":8},"end":{"line":311,"column":50}},"88":{"start":{"line":314,"column":6},"end":{"line":327,"column":7}},"89":{"start":{"line":315,"column":8},"end":{"line":324,"column":10}},"90":{"start":{"line":325,"column":8},"end":{"line":325,"column":46}},"91":{"start":{"line":326,"column":8},"end":{"line":326,"column":42}},"92":{"start":{"line":329,"column":6},"end":{"line":329,"column":70}},"93":{"start":{"line":331,"column":21},"end":{"line":331,"column":54}},"94":{"start":{"line":332,"column":6},"end":{"line":332,"column":25}},"95":{"start":{"line":334,"column":6},"end":{"line":334,"column":18}},"96":{"start":{"line":339,"column":0},"end":{"line":339,"column":35}}},"fnMap":{"0":{"name":"(anonymous_0)","decl":{"start":{"line":5,"column":2},"end":{"line":5,"column":3}},"loc":{"start":{"line":5,"column":22},"end":{"line":31,"column":3}},"line":5},"1":{"name":"(anonymous_1)","decl":{"start":{"line":33,"column":2},"end":{"line":33,"column":3}},"loc":{"start":{"line":33,"column":28},"end":{"line":62,"column":3}},"line":33},"2":{"name":"(anonymous_2)","decl":{"start":{"line":64,"column":2},"end":{"line":64,"column":3}},"loc":{"start":{"line":64,"column":33},"end":{"line":77,"column":3}},"line":64},"3":{"name":"(anonymous_3)","decl":{"start":{"line":73,"column":29},"end":{"line":73,"column":30}},"loc":{"start":{"line":73,"column":36},"end":{"line":73,"column":52}},"line":73},"4":{"name":"(anonymous_4)","decl":{"start":{"line":79,"column":2},"end":{"line":79,"column":3}},"loc":{"start":{"line":79,"column":29},"end":{"line":140,"column":3}},"line":79},"5":{"name":"(anonymous_5)","decl":{"start":{"line":142,"column":2},"end":{"line":142,"column":3}},"loc":{"start":{"line":142,"column":37},"end":{"line":203,"column":3}},"line":142},"6":{"name":"(anonymous_6)","decl":{"start":{"line":205,"column":2},"end":{"line":205,"column":3}},"loc":{"start":{"line":205,"column":27},"end":{"line":259,"column":3}},"line":205},"7":{"name":"(anonymous_7)","decl":{"start":{"line":261,"column":2},"end":{"line":261,"column":3}},"loc":{"start":{"line":261,"column":42},"end":{"line":281,"column":3}},"line":261},"8":{"name":"(anonymous_8)","decl":{"start":{"line":283,"column":2},"end":{"line":283,"column":3}},"loc":{"start":{"line":283,"column":30},"end":{"line":336,"column":3}},"line":283}},"branchMap":{"0":{"loc":{"start":{"line":49,"column":6},"end":{"line":51,"column":7}},"type":"if","locations":[{"start":{"line":49,"column":6},"end":{"line":51,"column":7}},{"start":{},"end":{}}],"line":49},"1":{"loc":{"start":{"line":105,"column":20},"end":{"line":105,"column":44}},"type":"binary-expr","locations":[{"start":{"line":105,"column":20},"end":{"line":105,"column":39}},{"start":{"line":105,"column":43},"end":{"line":105,"column":44}}],"line":105},"2":{"loc":{"start":{"line":112,"column":6},"end":{"line":122,"column":7}},"type":"if","locations":[{"start":{"line":112,"column":6},"end":{"line":122,"column":7}},{"start":{},"end":{}}],"line":112},"3":{"loc":{"start":{"line":112,"column":10},"end":{"line":112,"column":61}},"type":"binary-expr","locations":[{"start":{"line":112,"column":10},"end":{"line":112,"column":28}},{"start":{"line":112,"column":32},"end":{"line":112,"column":61}}],"line":112},"4":{"loc":{"start":{"line":127,"column":6},"end":{"line":129,"column":7}},"type":"if","locations":[{"start":{"line":127,"column":6},"end":{"line":129,"column":7}},{"start":{},"end":{}}],"line":127},"5":{"loc":{"start":{"line":132,"column":6},"end":{"line":138,"column":7}},"type":"if","locations":[{"start":{"line":132,"column":6},"end":{"line":138,"column":7}},{"start":{},"end":{}}],"line":132},"6":{"loc":{"start":{"line":168,"column":6},"end":{"line":185,"column":7}},"type":"if","locations":[{"start":{"line":168,"column":6},"end":{"line":185,"column":7}},{"start":{},"end":{}}],"line":168},"7":{"loc":{"start":{"line":190,"column":6},"end":{"line":192,"column":7}},"type":"if","locations":[{"start":{"line":190,"column":6},"end":{"line":192,"column":7}},{"start":{},"end":{}}],"line":190},"8":{"loc":{"start":{"line":195,"column":6},"end":{"line":201,"column":7}},"type":"if","locations":[{"start":{"line":195,"column":6},"end":{"line":201,"column":7}},{"start":{},"end":{}}],"line":195},"9":{"loc":{"start":{"line":219,"column":6},"end":{"line":221,"column":7}},"type":"if","locations":[{"start":{"line":219,"column":6},"end":{"line":221,"column":7}},{"start":{},"end":{}}],"line":219},"10":{"loc":{"start":{"line":246,"column":6},"end":{"line":248,"column":7}},"type":"if","locations":[{"start":{"line":246,"column":6},"end":{"line":248,"column":7}},{"start":{},"end":{}}],"line":246},"11":{"loc":{"start":{"line":251,"column":6},"end":{"line":257,"column":7}},"type":"if","locations":[{"start":{"line":251,"column":6},"end":{"line":257,"column":7}},{"start":{},"end":{}}],"line":251},"12":{"loc":{"start":{"line":299,"column":6},"end":{"line":302,"column":7}},"type":"if","locations":[{"start":{"line":299,"column":6},"end":{"line":302,"column":7}},{"start":{},"end":{}}],"line":299},"13":{"loc":{"start":{"line":304,"column":6},"end":{"line":307,"column":7}},"type":"if","locations":[{"start":{"line":304,"column":6},"end":{"line":307,"column":7}},{"start":{},"end":{}}],"line":304},"14":{"loc":{"start":{"line":309,"column":6},"end":{"line":312,"column":7}},"type":"if","locations":[{"start":{"line":309,"column":6},"end":{"line":312,"column":7}},{"start":{},"end":{}}],"line":309},"15":{"loc":{"start":{"line":314,"column":6},"end":{"line":327,"column":7}},"type":"if","locations":[{"start":{"line":314,"column":6},"end":{"line":327,"column":7}},{"start":{},"end":{}}],"line":314},"16":{"loc":{"start":{"line":314,"column":10},"end":{"line":314,"column":48}},"type":"binary-expr","locations":[{"start":{"line":314,"column":10},"end":{"line":314,"column":28}},{"start":{"line":314,"column":32},"end":{"line":314,"column":48}}],"line":314}},"s":{"0":2,"1":2,"2":2,"3":2,"4":2,"5":0,"6":6,"7":6,"8":6,"9":1,"10":5,"11":5,"12":5,"13":5,"14":1,"15":5,"16":5,"17":5,"18":6,"19":0,"20":2,"21":2,"22":2,"23":2,"24":2,"25":2,"26":1,"27":2,"28":2,"29":2,"30":0,"31":0,"32":0,"33":2,"34":2,"35":2,"36":0,"37":2,"38":2,"39":2,"40":2,"41":2,"42":1,"43":1,"44":2,"45":2,"46":2,"47":0,"48":0,"49":0,"50":2,"51":2,"52":2,"53":0,"54":0,"55":0,"56":0,"57":0,"58":0,"59":0,"60":0,"61":0,"62":0,"63":0,"64":0,"65":0,"66":0,"67":0,"68":0,"69":0,"70":0,"71":0,"72":1,"73":1,"74":1,"75":0,"76":2,"77":2,"78":2,"79":2,"80":0,"81":0,"82":2,"83":0,"84":0,"85":2,"86":1,"87":1,"88":2,"89":1,"90":1,"91":1,"92":2,"93":2,"94":2,"95":0,"96":2},"f":{"0":2,"1":6,"2":5,"3":6,"4":2,"5":2,"6":0,"7":1,"8":2},"b":{"0":[1,5],"1":[2,2],"2":[1,1],"3":[2,2],"4":[0,0],"5":[2,0],"6":[1,1],"7":[0,0],"8":[2,0],"9":[0,0],"10":[0,0],"11":[0,0],"12":[0,2],"13":[0,2],"14":[1,1],"15":[1,1],"16":[2,1]},"_coverageSchema":"1a1c01bbd47fc00a2c39e90264f33305004495a9","hash":"e33db77578e485579226637f9d21472137d8e9eb"}
,"C:\\Users\\Administrator\\Desktop\\pj\\server\\src\\services\\systemLogService.js": {"path":"C:\\Users\\Administrator\\Desktop\\pj\\server\\src\\services\\systemLogService.js","statementMap":{"0":{"start":{"line":3,"column":25},"end":{"line":3,"column":54}},"1":{"start":{"line":4,"column":17},"end":{"line":4,"column":36}},"2":{"start":{"line":9,"column":4},"end":{"line":68,"column":5}},"3":{"start":{"line":10,"column":18},"end":{"line":21,"column":7}},"4":{"start":{"line":23,"column":21},"end":{"line":23,"column":43}},"5":{"start":{"line":25,"column":6},"end":{"line":28,"column":7}},"6":{"start":{"line":26,"column":8},"end":{"line":26,"column":44}},"7":{"start":{"line":27,"column":8},"end":{"line":27,"column":31}},"8":{"start":{"line":30,"column":6},"end":{"line":33,"column":7}},"9":{"start":{"line":31,"column":8},"end":{"line":31,"column":45}},"10":{"start":{"line":32,"column":8},"end":{"line":32,"column":31}},"11":{"start":{"line":35,"column":6},"end":{"line":35,"column":45}},"12":{"start":{"line":38,"column":21},"end":{"line":38,"column":42}},"13":{"start":{"line":39,"column":6},"end":{"line":39,"column":69}},"14":{"start":{"line":40,"column":6},"end":{"line":40,"column":29}},"15":{"start":{"line":41,"column":6},"end":{"line":41,"column":33}},"16":{"start":{"line":43,"column":21},"end":{"line":43,"column":54}},"17":{"start":{"line":46,"column":25},"end":{"line":52,"column":7}},"18":{"start":{"line":54,"column":26},"end":{"line":54,"column":64}},"19":{"start":{"line":55,"column":25},"end":{"line":55,"column":56}},"20":{"start":{"line":57,"column":6},"end":{"line":65,"column":8}},"21":{"start":{"line":67,"column":6},"end":{"line":67,"column":18}},"22":{"start":{"line":73,"column":4},"end":{"line":131,"column":5}},"23":{"start":{"line":76,"column":6},"end":{"line":125,"column":7}},"24":{"start":{"line":78,"column":10},"end":{"line":89,"column":12}},"25":{"start":{"line":90,"column":10},"end":{"line":90,"column":16}},"26":{"start":{"line":93,"column":10},"end":{"line":106,"column":12}},"27":{"start":{"line":107,"column":10},"end":{"line":107,"column":16}},"28":{"start":{"line":110,"column":10},"end":{"line":120,"column":12}},"29":{"start":{"line":121,"column":10},"end":{"line":121,"column":16}},"30":{"start":{"line":124,"column":10},"end":{"line":124,"column":55}},"31":{"start":{"line":127,"column":21},"end":{"line":127,"column":70}},"32":{"start":{"line":128,"column":6},"end":{"line":128,"column":25}},"33":{"start":{"line":130,"column":6},"end":{"line":130,"column":18}},"34":{"start":{"line":136,"column":4},"end":{"line":166,"column":5}},"35":{"start":{"line":137,"column":21},"end":{"line":155,"column":8}},"36":{"start":{"line":157,"column":6},"end":{"line":163,"column":8}},"37":{"start":{"line":165,"column":6},"end":{"line":165,"column":18}},"38":{"start":{"line":172,"column":4},"end":{"line":212,"column":5}},"39":{"start":{"line":173,"column":6},"end":{"line":173,"column":50}},"40":{"start":{"line":174,"column":6},"end":{"line":174,"column":40}},"41":{"start":{"line":177,"column":26},"end":{"line":181,"column":25}},"42":{"start":{"line":183,"column":27},"end":{"line":183,"column":52}},"43":{"start":{"line":186,"column":6},"end":{"line":191,"column":7}},"44":{"start":{"line":187,"column":8},"end":{"line":190,"column":28}},"45":{"start":{"line":193,"column":6},"end":{"line":193,"column":32}},"46":{"start":{"line":195,"column":6},"end":{"line":198,"column":8}},"47":{"start":{"line":200,"column":6},"end":{"line":202,"column":7}},"48":{"start":{"line":201,"column":8},"end":{"line":201,"column":36}},"49":{"start":{"line":203,"column":6},"end":{"line":203,"column":18}},"50":{"start":{"line":205,"column":6},"end":{"line":211,"column":7}},"51":{"start":{"line":206,"column":8},"end":{"line":210,"column":9}},"52":{"start":{"line":207,"column":10},"end":{"line":207,"column":35}},"53":{"start":{"line":209,"column":10},"end":{"line":209,"column":29}},"54":{"start":{"line":216,"column":0},"end":{"line":216,"column":40}}},"fnMap":{"0":{"name":"(anonymous_0)","decl":{"start":{"line":8,"column":2},"end":{"line":8,"column":3}},"loc":{"start":{"line":8,"column":72},"end":{"line":69,"column":3}},"line":8},"1":{"name":"(anonymous_1)","decl":{"start":{"line":72,"column":2},"end":{"line":72,"column":3}},"loc":{"start":{"line":72,"column":60},"end":{"line":132,"column":3}},"line":72},"2":{"name":"(anonymous_2)","decl":{"start":{"line":135,"column":2},"end":{"line":135,"column":3}},"loc":{"start":{"line":135,"column":47},"end":{"line":167,"column":3}},"line":135},"3":{"name":"(anonymous_3)","decl":{"start":{"line":170,"column":2},"end":{"line":170,"column":3}},"loc":{"start":{"line":170,"column":38},"end":{"line":213,"column":3}},"line":170}},"branchMap":{"0":{"loc":{"start":{"line":25,"column":6},"end":{"line":28,"column":7}},"type":"if","locations":[{"start":{"line":25,"column":6},"end":{"line":28,"column":7}},{"start":{},"end":{}}],"line":25},"1":{"loc":{"start":{"line":30,"column":6},"end":{"line":33,"column":7}},"type":"if","locations":[{"start":{"line":30,"column":6},"end":{"line":33,"column":7}},{"start":{},"end":{}}],"line":30},"2":{"loc":{"start":{"line":50,"column":10},"end":{"line":50,"column":49}},"type":"cond-expr","locations":[{"start":{"line":50,"column":19},"end":{"line":50,"column":44}},{"start":{"line":50,"column":47},"end":{"line":50,"column":49}}],"line":50},"3":{"loc":{"start":{"line":51,"column":10},"end":{"line":51,"column":50}},"type":"cond-expr","locations":[{"start":{"line":51,"column":19},"end":{"line":51,"column":45}},{"start":{"line":51,"column":48},"end":{"line":51,"column":50}}],"line":51},"4":{"loc":{"start":{"line":72,"column":40},"end":{"line":72,"column":58}},"type":"default-arg","locations":[{"start":{"line":72,"column":50},"end":{"line":72,"column":58}}],"line":72},"5":{"loc":{"start":{"line":76,"column":6},"end":{"line":125,"column":7}},"type":"switch","locations":[{"start":{"line":77,"column":8},"end":{"line":90,"column":16}},{"start":{"line":92,"column":8},"end":{"line":107,"column":16}},{"start":{"line":109,"column":8},"end":{"line":121,"column":16}},{"start":{"line":123,"column":8},"end":{"line":124,"column":55}}],"line":76},"6":{"loc":{"start":{"line":186,"column":6},"end":{"line":191,"column":7}},"type":"if","locations":[{"start":{"line":186,"column":6},"end":{"line":191,"column":7}},{"start":{},"end":{}}],"line":186},"7":{"loc":{"start":{"line":200,"column":6},"end":{"line":202,"column":7}},"type":"if","locations":[{"start":{"line":200,"column":6},"end":{"line":202,"column":7}},{"start":{},"end":{}}],"line":200},"8":{"loc":{"start":{"line":205,"column":6},"end":{"line":211,"column":7}},"type":"if","locations":[{"start":{"line":205,"column":6},"end":{"line":211,"column":7}},{"start":{},"end":{}}],"line":205}},"s":{"0":2,"1":2,"2":3,"3":3,"4":3,"5":3,"6":1,"7":1,"8":3,"9":1,"10":1,"11":3,"12":3,"13":3,"14":3,"15":3,"16":3,"17":3,"18":3,"19":3,"20":3,"21":0,"22":3,"23":3,"24":1,"25":1,"26":1,"27":1,"28":0,"29":0,"30":1,"31":2,"32":2,"33":1,"34":2,"35":2,"36":1,"37":1,"38":3,"39":3,"40":3,"41":3,"42":2,"43":2,"44":1,"45":2,"46":2,"47":1,"48":1,"49":1,"50":3,"51":3,"52":3,"53":0,"54":2},"f":{"0":3,"1":3,"2":2,"3":3},"b":{"0":[1,2],"1":[1,2],"2":[1,2],"3":[1,2],"4":[0],"5":[1,1,0,1],"6":[1,1],"7":[1,0],"8":[3,0]},"_coverageSchema":"1a1c01bbd47fc00a2c39e90264f33305004495a9","hash":"1da8e1bbbd0ac0075eb03b919b76474e90910a17"}
,"C:\\Users\\Administrator\\Desktop\\pj\\server\\src\\utils\\jwtUtils.js": {"path":"C:\\Users\\Administrator\\Desktop\\pj\\server\\src\\utils\\jwtUtils.js","statementMap":{"0":{"start":{"line":1,"column":12},"end":{"line":1,"column":35}},"1":{"start":{"line":2,"column":26},"end":{"line":2,"column":52}},"2":{"start":{"line":4,"column":19},"end":{"line":4,"column":62}},"3":{"start":{"line":5,"column":25},"end":{"line":5,"column":60}},"4":{"start":{"line":7,"column":0},"end":{"line":13,"column":2}},"5":{"start":{"line":8,"column":2},"end":{"line":12,"column":3}},"6":{"start":{"line":9,"column":4},"end":{"line":9,"column":74}},"7":{"start":{"line":11,"column":4},"end":{"line":11,"column":46}},"8":{"start":{"line":15,"column":0},"end":{"line":21,"column":2}},"9":{"start":{"line":16,"column":2},"end":{"line":20,"column":3}},"10":{"start":{"line":17,"column":4},"end":{"line":17,"column":41}},"11":{"start":{"line":19,"column":4},"end":{"line":19,"column":37}}},"fnMap":{"0":{"name":"(anonymous_0)","decl":{"start":{"line":7,"column":24},"end":{"line":7,"column":25}},"loc":{"start":{"line":7,"column":37},"end":{"line":13,"column":1}},"line":7},"1":{"name":"(anonymous_1)","decl":{"start":{"line":15,"column":22},"end":{"line":15,"column":23}},"loc":{"start":{"line":15,"column":33},"end":{"line":21,"column":1}},"line":15}},"branchMap":{"0":{"loc":{"start":{"line":4,"column":19},"end":{"line":4,"column":62}},"type":"binary-expr","locations":[{"start":{"line":4,"column":19},"end":{"line":4,"column":41}},{"start":{"line":4,"column":45},"end":{"line":4,"column":62}}],"line":4},"1":{"loc":{"start":{"line":5,"column":25},"end":{"line":5,"column":60}},"type":"binary-expr","locations":[{"start":{"line":5,"column":25},"end":{"line":5,"column":51}},{"start":{"line":5,"column":55},"end":{"line":5,"column":60}}],"line":5}},"s":{"0":1,"1":1,"2":1,"3":1,"4":1,"5":0,"6":0,"7":0,"8":1,"9":0,"10":0,"11":0},"f":{"0":0,"1":0},"b":{"0":[1,0],"1":[1,1]},"_coverageSchema":"1a1c01bbd47fc00a2c39e90264f33305004495a9","hash":"af02feb67c788d1de8bc3bd8cc1b43c2c3e44a0e"}
,"C:\\Users\\Administrator\\Desktop\\pj\\server\\src\\utils\\responseUtils.js": {"path":"C:\\Users\\Administrator\\Desktop\\pj\\server\\src\\utils\\responseUtils.js","statementMap":{"0":{"start":{"line":3,"column":0},"end":{"line":11,"column":2}},"1":{"start":{"line":14,"column":0},"end":{"line":18,"column":3}},"2":{"start":{"line":14,"column":58},"end":{"line":18,"column":1}},"3":{"start":{"line":21,"column":0},"end":{"line":25,"column":3}},"4":{"start":{"line":21,"column":44},"end":{"line":25,"column":1}}},"fnMap":{"0":{"name":"(anonymous_0)","decl":{"start":{"line":14,"column":26},"end":{"line":14,"column":27}},"loc":{"start":{"line":14,"column":58},"end":{"line":18,"column":1}},"line":14},"1":{"name":"(anonymous_1)","decl":{"start":{"line":21,"column":24},"end":{"line":21,"column":25}},"loc":{"start":{"line":21,"column":44},"end":{"line":25,"column":1}},"line":21}},"branchMap":{"0":{"loc":{"start":{"line":14,"column":33},"end":{"line":14,"column":52}},"type":"default-arg","locations":[{"start":{"line":14,"column":43},"end":{"line":14,"column":52}}],"line":14},"1":{"loc":{"start":{"line":24,"column":8},"end":{"line":24,"column":51}},"type":"binary-expr","locations":[{"start":{"line":24,"column":8},"end":{"line":24,"column":12}},{"start":{"line":24,"column":16},"end":{"line":24,"column":51}}],"line":24}},"s":{"0":12,"1":12,"2":60,"3":12,"4":82},"f":{"0":60,"1":82},"b":{"0":[37],"1":[82,2]},"_coverageSchema":"1a1c01bbd47fc00a2c39e90264f33305004495a9","hash":"81a8f9f2c38178bb08cdb799ad24237a6deeb9b1"}
}
