{"C:\\Users\\Administrator\\Desktop\\pj\\server\\src\\app.js": {"path":"C:\\Users\\Administrator\\Desktop\\pj\\server\\src\\app.js","statementMap":{"0":{"start":{"line":1,"column":16},"end":{"line":1,"column":34}},"1":{"start":{"line":2,"column":13},"end":{"line":2,"column":28}},"2":{"start":{"line":3,"column":23},"end":{"line":3,"column":51}},"3":{"start":{"line":4,"column":25},"end":{"line":4,"column":64}},"4":{"start":{"line":5,"column":15},"end":{"line":5,"column":34}},"5":{"start":{"line":6,"column":0},"end":{"line":6,"column":27}},"6":{"start":{"line":8,"column":12},"end":{"line":8,"column":21}},"7":{"start":{"line":11,"column":0},"end":{"line":11,"column":16}},"8":{"start":{"line":12,"column":0},"end":{"line":12,"column":24}},"9":{"start":{"line":13,"column":0},"end":{"line":13,"column":48}},"10":{"start":{"line":16,"column":0},"end":{"line":16,"column":24}},"11":{"start":{"line":19,"column":0},"end":{"line":19,"column":22}},"12":{"start":{"line":22,"column":0},"end":{"line":35,"column":1}},"13":{"start":{"line":24,"column":2},"end":{"line":34,"column":7}},"14":{"start":{"line":26,"column":19},"end":{"line":26,"column":43}},"15":{"start":{"line":27,"column":6},"end":{"line":29,"column":9}},"16":{"start":{"line":28,"column":8},"end":{"line":28,"column":54}},"17":{"start":{"line":32,"column":6},"end":{"line":32,"column":59}},"18":{"start":{"line":33,"column":6},"end":{"line":33,"column":22}},"19":{"start":{"line":38,"column":0},"end":{"line":38,"column":21}}},"fnMap":{"0":{"name":"(anonymous_0)","decl":{"start":{"line":25,"column":10},"end":{"line":25,"column":11}},"loc":{"start":{"line":25,"column":16},"end":{"line":30,"column":5}},"line":25},"1":{"name":"(anonymous_1)","decl":{"start":{"line":27,"column":23},"end":{"line":27,"column":24}},"loc":{"start":{"line":27,"column":29},"end":{"line":29,"column":7}},"line":27},"2":{"name":"(anonymous_2)","decl":{"start":{"line":31,"column":11},"end":{"line":31,"column":12}},"loc":{"start":{"line":31,"column":18},"end":{"line":34,"column":5}},"line":31}},"branchMap":{"0":{"loc":{"start":{"line":22,"column":0},"end":{"line":35,"column":1}},"type":"if","locations":[{"start":{"line":22,"column":0},"end":{"line":35,"column":1}},{"start":{},"end":{}}],"line":22},"1":{"loc":{"start":{"line":26,"column":19},"end":{"line":26,"column":43}},"type":"binary-expr","locations":[{"start":{"line":26,"column":19},"end":{"line":26,"column":35}},{"start":{"line":26,"column":39},"end":{"line":26,"column":43}}],"line":26}},"s":{"0":1,"1":1,"2":1,"3":1,"4":1,"5":1,"6":1,"7":1,"8":1,"9":1,"10":1,"11":1,"12":1,"13":0,"14":0,"15":0,"16":0,"17":0,"18":0,"19":1},"f":{"0":0,"1":0,"2":0},"b":{"0":[0,1],"1":[0,0]},"_coverageSchema":"1a1c01bbd47fc00a2c39e90264f33305004495a9","hash":"085e5333683737d0ffff3938acaa4a8d619ccc7b"}
,"C:\\Users\\Administrator\\Desktop\\pj\\server\\src\\config\\database.js": {"path":"C:\\Users\\Administrator\\Desktop\\pj\\server\\src\\config\\database.js","statementMap":{"0":{"start":{"line":1,"column":17},"end":{"line":1,"column":36}},"1":{"start":{"line":2,"column":11},"end":{"line":2,"column":33}},"2":{"start":{"line":3,"column":13},"end":{"line":3,"column":28}},"3":{"start":{"line":4,"column":0},"end":{"line":4,"column":27}},"4":{"start":{"line":7,"column":0},"end":{"line":15,"column":1}},"5":{"start":{"line":8,"column":2},"end":{"line":8,"column":47}},"6":{"start":{"line":9,"column":2},"end":{"line":9,"column":69}},"7":{"start":{"line":10,"column":2},"end":{"line":10,"column":24}},"8":{"start":{"line":11,"column":2},"end":{"line":11,"column":57}},"9":{"start":{"line":13,"column":2},"end":{"line":13,"column":58}},"10":{"start":{"line":14,"column":2},"end":{"line":14,"column":18}},"11":{"start":{"line":18,"column":0},"end":{"line":18,"column":27}},"12":{"start":{"line":20,"column":17},"end":{"line":24,"column":1}},"13":{"start":{"line":27,"column":19},"end":{"line":46,"column":1}},"14":{"start":{"line":28,"column":2},"end":{"line":45,"column":3}},"15":{"start":{"line":29,"column":4},"end":{"line":29,"column":60}},"16":{"start":{"line":30,"column":4},"end":{"line":36,"column":7}},"17":{"start":{"line":37,"column":4},"end":{"line":37,"column":59}},"18":{"start":{"line":39,"column":4},"end":{"line":39,"column":61}},"19":{"start":{"line":40,"column":4},"end":{"line":40,"column":29}},"20":{"start":{"line":41,"column":4},"end":{"line":41,"column":67}},"21":{"start":{"line":43,"column":4},"end":{"line":43,"column":64}},"22":{"start":{"line":44,"column":4},"end":{"line":44,"column":14}},"23":{"start":{"line":48,"column":25},"end":{"line":106,"column":1}},"24":{"start":{"line":50,"column":2},"end":{"line":105,"column":3}},"25":{"start":{"line":51,"column":24},"end":{"line":51,"column":63}},"26":{"start":{"line":54,"column":4},"end":{"line":54,"column":33}},"27":{"start":{"line":55,"column":4},"end":{"line":55,"column":48}},"28":{"start":{"line":57,"column":20},"end":{"line":57,"column":58}},"29":{"start":{"line":58,"column":4},"end":{"line":60,"column":5}},"30":{"start":{"line":59,"column":6},"end":{"line":59,"column":44}},"31":{"start":{"line":61,"column":4},"end":{"line":61,"column":49}},"32":{"start":{"line":63,"column":4},"end":{"line":63,"column":48}},"33":{"start":{"line":64,"column":4},"end":{"line":64,"column":52}},"34":{"start":{"line":67,"column":4},"end":{"line":67,"column":78}},"35":{"start":{"line":69,"column":4},"end":{"line":69,"column":45}},"36":{"start":{"line":70,"column":23},"end":{"line":70,"column":50}},"37":{"start":{"line":71,"column":4},"end":{"line":71,"column":63}},"38":{"start":{"line":73,"column":4},"end":{"line":82,"column":5}},"39":{"start":{"line":74,"column":6},"end":{"line":74,"column":51}},"40":{"start":{"line":75,"column":6},"end":{"line":75,"column":46}},"41":{"start":{"line":76,"column":6},"end":{"line":81,"column":7}},"42":{"start":{"line":77,"column":8},"end":{"line":77,"column":38}},"43":{"start":{"line":78,"column":8},"end":{"line":78,"column":50}},"44":{"start":{"line":80,"column":8},"end":{"line":80,"column":33}},"45":{"start":{"line":84,"column":4},"end":{"line":84,"column":48}},"46":{"start":{"line":86,"column":4},"end":{"line":86,"column":53}},"47":{"start":{"line":87,"column":4},"end":{"line":94,"column":5}},"48":{"start":{"line":88,"column":6},"end":{"line":93,"column":7}},"49":{"start":{"line":89,"column":8},"end":{"line":89,"column":36}},"50":{"start":{"line":90,"column":8},"end":{"line":90,"column":62}},"51":{"start":{"line":92,"column":8},"end":{"line":92,"column":61}},"52":{"start":{"line":95,"column":4},"end":{"line":95,"column":14}},"53":{"start":{"line":97,"column":4},"end":{"line":104,"column":5}},"54":{"start":{"line":98,"column":6},"end":{"line":103,"column":7}},"55":{"start":{"line":99,"column":8},"end":{"line":99,"column":33}},"56":{"start":{"line":100,"column":8},"end":{"line":100,"column":51}},"57":{"start":{"line":102,"column":8},"end":{"line":102,"column":56}},"58":{"start":{"line":108,"column":27},"end":{"line":159,"column":1}},"59":{"start":{"line":109,"column":21},"end":{"line":109,"column":23}},"60":{"start":{"line":110,"column":25},"end":{"line":110,"column":27}},"61":{"start":{"line":111,"column":23},"end":{"line":111,"column":28}},"62":{"start":{"line":113,"column":16},"end":{"line":113,"column":35}},"63":{"start":{"line":114,"column":2},"end":{"line":152,"column":3}},"64":{"start":{"line":115,"column":4},"end":{"line":115,"column":23}},"65":{"start":{"line":116,"column":4},"end":{"line":116,"column":49}},"66":{"start":{"line":116,"column":40},"end":{"line":116,"column":49}},"67":{"start":{"line":118,"column":4},"end":{"line":126,"column":5}},"68":{"start":{"line":125,"column":6},"end":{"line":125,"column":28}},"69":{"start":{"line":128,"column":4},"end":{"line":151,"column":5}},"70":{"start":{"line":129,"column":6},"end":{"line":135,"column":7}},"71":{"start":{"line":130,"column":8},"end":{"line":130,"column":31}},"72":{"start":{"line":131,"column":8},"end":{"line":131,"column":49}},"73":{"start":{"line":132,"column":8},"end":{"line":132,"column":30}},"74":{"start":{"line":134,"column":8},"end":{"line":134,"column":40}},"75":{"start":{"line":137,"column":6},"end":{"line":139,"column":7}},"76":{"start":{"line":138,"column":8},"end":{"line":138,"column":17}},"77":{"start":{"line":141,"column":6},"end":{"line":141,"column":38}},"78":{"start":{"line":143,"column":6},"end":{"line":150,"column":7}},"79":{"start":{"line":144,"column":8},"end":{"line":144,"column":51}},"80":{"start":{"line":145,"column":8},"end":{"line":147,"column":9}},"81":{"start":{"line":146,"column":10},"end":{"line":146,"column":59}},"82":{"start":{"line":148,"column":8},"end":{"line":148,"column":49}},"83":{"start":{"line":149,"column":8},"end":{"line":149,"column":30}},"84":{"start":{"line":154,"column":2},"end":{"line":156,"column":3}},"85":{"start":{"line":155,"column":4},"end":{"line":155,"column":45}},"86":{"start":{"line":158,"column":2},"end":{"line":158,"column":20}},"87":{"start":{"line":161,"column":23},"end":{"line":187,"column":1}},"88":{"start":{"line":162,"column":2},"end":{"line":186,"column":3}},"89":{"start":{"line":164,"column":6},"end":{"line":164,"column":56}},"90":{"start":{"line":165,"column":6},"end":{"line":165,"column":12}},"91":{"start":{"line":167,"column":6},"end":{"line":167,"column":58}},"92":{"start":{"line":168,"column":6},"end":{"line":168,"column":12}},"93":{"start":{"line":170,"column":6},"end":{"line":170,"column":56}},"94":{"start":{"line":171,"column":6},"end":{"line":171,"column":12}},"95":{"start":{"line":173,"column":6},"end":{"line":173,"column":63}},"96":{"start":{"line":174,"column":6},"end":{"line":174,"column":12}},"97":{"start":{"line":176,"column":6},"end":{"line":176,"column":58}},"98":{"start":{"line":177,"column":6},"end":{"line":177,"column":12}},"99":{"start":{"line":180,"column":6},"end":{"line":180,"column":57}},"100":{"start":{"line":181,"column":6},"end":{"line":181,"column":12}},"101":{"start":{"line":183,"column":6},"end":{"line":183,"column":49}},"102":{"start":{"line":184,"column":6},"end":{"line":184,"column":33}},"103":{"start":{"line":185,"column":6},"end":{"line":185,"column":16}},"104":{"start":{"line":190,"column":21},"end":{"line":216,"column":1}},"105":{"start":{"line":192,"column":2},"end":{"line":215,"column":3}},"106":{"start":{"line":194,"column":4},"end":{"line":196,"column":5}},"107":{"start":{"line":195,"column":6},"end":{"line":195,"column":59}},"108":{"start":{"line":198,"column":4},"end":{"line":198,"column":48}},"109":{"start":{"line":199,"column":19},"end":{"line":202,"column":6}},"110":{"start":{"line":203,"column":4},"end":{"line":203,"column":18}},"111":{"start":{"line":205,"column":4},"end":{"line":205,"column":49}},"112":{"start":{"line":206,"column":4},"end":{"line":206,"column":14}},"113":{"start":{"line":208,"column":4},"end":{"line":214,"column":5}},"114":{"start":{"line":209,"column":6},"end":{"line":213,"column":7}},"115":{"start":{"line":210,"column":8},"end":{"line":210,"column":33}},"116":{"start":{"line":212,"column":8},"end":{"line":212,"column":56}},"117":{"start":{"line":219,"column":25},"end":{"line":233,"column":1}},"118":{"start":{"line":220,"column":2},"end":{"line":232,"column":3}},"119":{"start":{"line":221,"column":4},"end":{"line":221,"column":55}},"120":{"start":{"line":222,"column":4},"end":{"line":225,"column":5}},"121":{"start":{"line":223,"column":6},"end":{"line":223,"column":48}},"122":{"start":{"line":224,"column":6},"end":{"line":224,"column":13}},"123":{"start":{"line":226,"column":17},"end":{"line":226,"column":44}},"124":{"start":{"line":227,"column":4},"end":{"line":227,"column":25}},"125":{"start":{"line":228,"column":4},"end":{"line":228,"column":54}},"126":{"start":{"line":230,"column":4},"end":{"line":230,"column":55}},"127":{"start":{"line":231,"column":4},"end":{"line":231,"column":14}},"128":{"start":{"line":235,"column":0},"end":{"line":235,"column":40}},"129":{"start":{"line":236,"column":0},"end":{"line":236,"column":39}},"130":{"start":{"line":237,"column":0},"end":{"line":240,"column":3}},"131":{"start":{"line":238,"column":2},"end":{"line":238,"column":45}},"132":{"start":{"line":239,"column":2},"end":{"line":239,"column":18}},"133":{"start":{"line":242,"column":0},"end":{"line":245,"column":3}},"134":{"start":{"line":243,"column":2},"end":{"line":243,"column":44}},"135":{"start":{"line":244,"column":2},"end":{"line":244,"column":18}},"136":{"start":{"line":248,"column":0},"end":{"line":252,"column":2}}},"fnMap":{"0":{"name":"(anonymous_0)","decl":{"start":{"line":27,"column":19},"end":{"line":27,"column":20}},"loc":{"start":{"line":27,"column":31},"end":{"line":46,"column":1}},"line":27},"1":{"name":"(anonymous_1)","decl":{"start":{"line":48,"column":25},"end":{"line":48,"column":26}},"loc":{"start":{"line":48,"column":37},"end":{"line":106,"column":1}},"line":48},"2":{"name":"(anonymous_2)","decl":{"start":{"line":108,"column":27},"end":{"line":108,"column":28}},"loc":{"start":{"line":108,"column":40},"end":{"line":159,"column":1}},"line":108},"3":{"name":"(anonymous_3)","decl":{"start":{"line":161,"column":23},"end":{"line":161,"column":24}},"loc":{"start":{"line":161,"column":37},"end":{"line":187,"column":1}},"line":161},"4":{"name":"(anonymous_4)","decl":{"start":{"line":190,"column":21},"end":{"line":190,"column":22}},"loc":{"start":{"line":190,"column":59},"end":{"line":216,"column":1}},"line":190},"5":{"name":"(anonymous_5)","decl":{"start":{"line":219,"column":25},"end":{"line":219,"column":26}},"loc":{"start":{"line":219,"column":37},"end":{"line":233,"column":1}},"line":219},"6":{"name":"(anonymous_6)","decl":{"start":{"line":237,"column":33},"end":{"line":237,"column":34}},"loc":{"start":{"line":237,"column":42},"end":{"line":240,"column":1}},"line":237},"7":{"name":"(anonymous_7)","decl":{"start":{"line":242,"column":32},"end":{"line":242,"column":33}},"loc":{"start":{"line":242,"column":41},"end":{"line":245,"column":1}},"line":242}},"branchMap":{"0":{"loc":{"start":{"line":58,"column":4},"end":{"line":60,"column":5}},"type":"if","locations":[{"start":{"line":58,"column":4},"end":{"line":60,"column":5}},{"start":{},"end":{}}],"line":58},"1":{"loc":{"start":{"line":87,"column":4},"end":{"line":94,"column":5}},"type":"if","locations":[{"start":{"line":87,"column":4},"end":{"line":94,"column":5}},{"start":{},"end":{}}],"line":87},"2":{"loc":{"start":{"line":97,"column":4},"end":{"line":104,"column":5}},"type":"if","locations":[{"start":{"line":97,"column":4},"end":{"line":104,"column":5}},{"start":{},"end":{}}],"line":97},"3":{"loc":{"start":{"line":116,"column":4},"end":{"line":116,"column":49}},"type":"if","locations":[{"start":{"line":116,"column":4},"end":{"line":116,"column":49}},{"start":{},"end":{}}],"line":116},"4":{"loc":{"start":{"line":116,"column":8},"end":{"line":116,"column":38}},"type":"binary-expr","locations":[{"start":{"line":116,"column":8},"end":{"line":116,"column":13}},{"start":{"line":116,"column":17},"end":{"line":116,"column":38}}],"line":116},"5":{"loc":{"start":{"line":118,"column":4},"end":{"line":126,"column":5}},"type":"if","locations":[{"start":{"line":118,"column":4},"end":{"line":126,"column":5}},{"start":{},"end":{}}],"line":118},"6":{"loc":{"start":{"line":119,"column":6},"end":{"line":123,"column":44}},"type":"binary-expr","locations":[{"start":{"line":119,"column":6},"end":{"line":119,"column":64}},{"start":{"line":120,"column":6},"end":{"line":120,"column":66}},{"start":{"line":121,"column":6},"end":{"line":121,"column":65}},{"start":{"line":122,"column":6},"end":{"line":122,"column":46}},{"start":{"line":123,"column":6},"end":{"line":123,"column":44}}],"line":119},"7":{"loc":{"start":{"line":128,"column":4},"end":{"line":151,"column":5}},"type":"if","locations":[{"start":{"line":128,"column":4},"end":{"line":151,"column":5}},{"start":{"line":136,"column":11},"end":{"line":151,"column":5}}],"line":128},"8":{"loc":{"start":{"line":129,"column":6},"end":{"line":135,"column":7}},"type":"if","locations":[{"start":{"line":129,"column":6},"end":{"line":135,"column":7}},{"start":{"line":133,"column":13},"end":{"line":135,"column":7}}],"line":129},"9":{"loc":{"start":{"line":137,"column":6},"end":{"line":139,"column":7}},"type":"if","locations":[{"start":{"line":137,"column":6},"end":{"line":139,"column":7}},{"start":{},"end":{}}],"line":137},"10":{"loc":{"start":{"line":143,"column":6},"end":{"line":150,"column":7}},"type":"if","locations":[{"start":{"line":143,"column":6},"end":{"line":150,"column":7}},{"start":{},"end":{}}],"line":143},"11":{"loc":{"start":{"line":145,"column":8},"end":{"line":147,"column":9}},"type":"if","locations":[{"start":{"line":145,"column":8},"end":{"line":147,"column":9}},{"start":{},"end":{}}],"line":145},"12":{"loc":{"start":{"line":154,"column":2},"end":{"line":156,"column":3}},"type":"if","locations":[{"start":{"line":154,"column":2},"end":{"line":156,"column":3}},{"start":{},"end":{}}],"line":154},"13":{"loc":{"start":{"line":162,"column":2},"end":{"line":186,"column":3}},"type":"switch","locations":[{"start":{"line":163,"column":4},"end":{"line":165,"column":12}},{"start":{"line":166,"column":4},"end":{"line":168,"column":12}},{"start":{"line":169,"column":4},"end":{"line":171,"column":12}},{"start":{"line":172,"column":4},"end":{"line":174,"column":12}},{"start":{"line":175,"column":4},"end":{"line":177,"column":12}},{"start":{"line":178,"column":4},"end":{"line":178,"column":14}},{"start":{"line":179,"column":4},"end":{"line":181,"column":12}},{"start":{"line":182,"column":4},"end":{"line":185,"column":16}}],"line":162},"14":{"loc":{"start":{"line":190,"column":33},"end":{"line":190,"column":43}},"type":"default-arg","locations":[{"start":{"line":190,"column":41},"end":{"line":190,"column":43}}],"line":190},"15":{"loc":{"start":{"line":190,"column":45},"end":{"line":190,"column":54}},"type":"default-arg","locations":[{"start":{"line":190,"column":52},"end":{"line":190,"column":54}}],"line":190},"16":{"loc":{"start":{"line":194,"column":4},"end":{"line":196,"column":5}},"type":"if","locations":[{"start":{"line":194,"column":4},"end":{"line":196,"column":5}},{"start":{},"end":{}}],"line":194},"17":{"loc":{"start":{"line":208,"column":4},"end":{"line":214,"column":5}},"type":"if","locations":[{"start":{"line":208,"column":4},"end":{"line":214,"column":5}},{"start":{},"end":{}}],"line":208},"18":{"loc":{"start":{"line":222,"column":4},"end":{"line":225,"column":5}},"type":"if","locations":[{"start":{"line":222,"column":4},"end":{"line":225,"column":5}},{"start":{},"end":{}}],"line":222}},"s":{"0":1,"1":1,"2":1,"3":1,"4":1,"5":1,"6":1,"7":1,"8":1,"9":0,"10":0,"11":1,"12":1,"13":1,"14":1,"15":1,"16":1,"17":1,"18":1,"19":1,"20":1,"21":0,"22":0,"23":1,"24":1,"25":1,"26":1,"27":1,"28":1,"29":1,"30":0,"31":1,"32":1,"33":1,"34":1,"35":1,"36":1,"37":1,"38":1,"39":11,"40":11,"41":11,"42":11,"43":1,"44":10,"45":1,"46":0,"47":0,"48":0,"49":0,"50":0,"51":0,"52":0,"53":1,"54":1,"55":1,"56":1,"57":0,"58":1,"59":1,"60":1,"61":1,"62":1,"63":1,"64":183,"65":183,"66":39,"67":144,"68":18,"69":144,"70":131,"71":0,"72":0,"73":0,"74":131,"75":13,"76":0,"77":13,"78":13,"79":10,"80":10,"81":10,"82":10,"83":10,"84":1,"85":1,"86":1,"87":1,"88":10,"89":10,"90":10,"91":0,"92":0,"93":0,"94":0,"95":0,"96":0,"97":0,"98":0,"99":0,"100":0,"101":0,"102":0,"103":0,"104":1,"105":2,"106":2,"107":0,"108":2,"109":2,"110":0,"111":2,"112":2,"113":2,"114":2,"115":2,"116":0,"117":1,"118":1,"119":1,"120":1,"121":0,"122":0,"123":1,"124":1,"125":1,"126":0,"127":0,"128":1,"129":1,"130":1,"131":0,"132":0,"133":1,"134":0,"135":0,"136":1},"f":{"0":1,"1":1,"2":1,"3":10,"4":2,"5":1,"6":0,"7":0},"b":{"0":[0,1],"1":[0,0],"2":[1,0],"3":[39,144],"4":[183,164],"5":[18,126],"6":[144,135,135,135,135],"7":[131,13],"8":[0,131],"9":[0,13],"10":[10,3],"11":[10,0],"12":[1,0],"13":[10,0,0,0,0,0,0,0],"14":[0],"15":[2],"16":[0,2],"17":[2,0],"18":[0,1]},"_coverageSchema":"1a1c01bbd47fc00a2c39e90264f33305004495a9","hash":"5442c21f935ebd92f09686ae4ba0ca3b1c32f836"}
,"C:\\Users\\Administrator\\Desktop\\pj\\server\\src\\controllers\\accessController.js": {"path":"C:\\Users\\Administrator\\Desktop\\pj\\server\\src\\controllers\\accessController.js","statementMap":{"0":{"start":{"line":1,"column":22},"end":{"line":1,"column":58}},"1":{"start":{"line":2,"column":57},"end":{"line":2,"column":90}},"2":{"start":{"line":7,"column":4},"end":{"line":36,"column":5}},"3":{"start":{"line":8,"column":42},"end":{"line":8,"column":50}},"4":{"start":{"line":10,"column":6},"end":{"line":13,"column":7}},"5":{"start":{"line":11,"column":8},"end":{"line":12,"column":76}},"6":{"start":{"line":16,"column":22},"end":{"line":16,"column":85}},"7":{"start":{"line":17,"column":6},"end":{"line":20,"column":7}},"8":{"start":{"line":18,"column":8},"end":{"line":19,"column":56}},"9":{"start":{"line":22,"column":24},"end":{"line":22,"column":70}},"10":{"start":{"line":23,"column":6},"end":{"line":24,"column":74}},"11":{"start":{"line":26,"column":6},"end":{"line":29,"column":7}},"12":{"start":{"line":27,"column":8},"end":{"line":28,"column":77}},"13":{"start":{"line":30,"column":6},"end":{"line":33,"column":7}},"14":{"start":{"line":31,"column":8},"end":{"line":32,"column":58}},"15":{"start":{"line":34,"column":6},"end":{"line":35,"column":56}},"16":{"start":{"line":41,"column":4},"end":{"line":60,"column":5}},"17":{"start":{"line":42,"column":28},"end":{"line":42,"column":38}},"18":{"start":{"line":45,"column":22},"end":{"line":45,"column":67}},"19":{"start":{"line":46,"column":6},"end":{"line":49,"column":7}},"20":{"start":{"line":47,"column":8},"end":{"line":48,"column":70}},"21":{"start":{"line":51,"column":21},"end":{"line":54,"column":7}},"22":{"start":{"line":56,"column":6},"end":{"line":56,"column":44}},"23":{"start":{"line":58,"column":6},"end":{"line":59,"column":59}},"24":{"start":{"line":65,"column":4},"end":{"line":72,"column":5}},"25":{"start":{"line":66,"column":28},"end":{"line":66,"column":38}},"26":{"start":{"line":67,"column":19},"end":{"line":67,"column":63}},"27":{"start":{"line":68,"column":6},"end":{"line":68,"column":38}},"28":{"start":{"line":70,"column":6},"end":{"line":71,"column":60}},"29":{"start":{"line":77,"column":4},"end":{"line":83,"column":5}},"30":{"start":{"line":78,"column":29},"end":{"line":78,"column":70}},"31":{"start":{"line":79,"column":6},"end":{"line":79,"column":48}},"32":{"start":{"line":81,"column":6},"end":{"line":82,"column":64}},"33":{"start":{"line":87,"column":0},"end":{"line":87,"column":40}}},"fnMap":{"0":{"name":"(anonymous_0)","decl":{"start":{"line":6,"column":2},"end":{"line":6,"column":3}},"loc":{"start":{"line":6,"column":31},"end":{"line":37,"column":3}},"line":6},"1":{"name":"(anonymous_1)","decl":{"start":{"line":40,"column":2},"end":{"line":40,"column":3}},"loc":{"start":{"line":40,"column":33},"end":{"line":61,"column":3}},"line":40},"2":{"name":"(anonymous_2)","decl":{"start":{"line":64,"column":2},"end":{"line":64,"column":3}},"loc":{"start":{"line":64,"column":32},"end":{"line":73,"column":3}},"line":64},"3":{"name":"(anonymous_3)","decl":{"start":{"line":76,"column":2},"end":{"line":76,"column":3}},"loc":{"start":{"line":76,"column":38},"end":{"line":84,"column":3}},"line":76}},"branchMap":{"0":{"loc":{"start":{"line":10,"column":6},"end":{"line":13,"column":7}},"type":"if","locations":[{"start":{"line":10,"column":6},"end":{"line":13,"column":7}},{"start":{},"end":{}}],"line":10},"1":{"loc":{"start":{"line":10,"column":10},"end":{"line":10,"column":37}},"type":"binary-expr","locations":[{"start":{"line":10,"column":10},"end":{"line":10,"column":20}},{"start":{"line":10,"column":24},"end":{"line":10,"column":37}}],"line":10},"2":{"loc":{"start":{"line":17,"column":6},"end":{"line":20,"column":7}},"type":"if","locations":[{"start":{"line":17,"column":6},"end":{"line":20,"column":7}},{"start":{},"end":{}}],"line":17},"3":{"loc":{"start":{"line":26,"column":6},"end":{"line":29,"column":7}},"type":"if","locations":[{"start":{"line":26,"column":6},"end":{"line":29,"column":7}},{"start":{},"end":{}}],"line":26},"4":{"loc":{"start":{"line":30,"column":6},"end":{"line":33,"column":7}},"type":"if","locations":[{"start":{"line":30,"column":6},"end":{"line":33,"column":7}},{"start":{},"end":{}}],"line":30},"5":{"loc":{"start":{"line":46,"column":6},"end":{"line":49,"column":7}},"type":"if","locations":[{"start":{"line":46,"column":6},"end":{"line":49,"column":7}},{"start":{},"end":{}}],"line":46}},"s":{"0":1,"1":1,"2":0,"3":0,"4":0,"5":0,"6":0,"7":0,"8":0,"9":0,"10":0,"11":0,"12":0,"13":0,"14":0,"15":0,"16":0,"17":0,"18":0,"19":0,"20":0,"21":0,"22":0,"23":0,"24":0,"25":0,"26":0,"27":0,"28":0,"29":0,"30":0,"31":0,"32":0,"33":1},"f":{"0":0,"1":0,"2":0,"3":0},"b":{"0":[0,0],"1":[0,0],"2":[0,0],"3":[0,0],"4":[0,0],"5":[0,0]},"_coverageSchema":"1a1c01bbd47fc00a2c39e90264f33305004495a9","hash":"16cc8fe0bea3f8d4b6b60e769a71de58782e7497"}
,"C:\\Users\\Administrator\\Desktop\\pj\\server\\src\\controllers\\authController.js": {"path":"C:\\Users\\Administrator\\Desktop\\pj\\server\\src\\controllers\\authController.js","statementMap":{"0":{"start":{"line":1,"column":20},"end":{"line":1,"column":54}},"1":{"start":{"line":2,"column":57},"end":{"line":2,"column":90}},"2":{"start":{"line":6,"column":8},"end":{"line":33,"column":9}},"3":{"start":{"line":7,"column":85},"end":{"line":7,"column":93}},"4":{"start":{"line":10,"column":12},"end":{"line":13,"column":13}},"5":{"start":{"line":11,"column":16},"end":{"line":12,"column":82}},"6":{"start":{"line":15,"column":25},"end":{"line":22,"column":14}},"7":{"start":{"line":24,"column":12},"end":{"line":25,"column":77}},"8":{"start":{"line":27,"column":12},"end":{"line":30,"column":13}},"9":{"start":{"line":28,"column":16},"end":{"line":29,"column":65}},"10":{"start":{"line":31,"column":12},"end":{"line":32,"column":60}},"11":{"start":{"line":37,"column":8},"end":{"line":54,"column":9}},"12":{"start":{"line":38,"column":40},"end":{"line":38,"column":48}},"13":{"start":{"line":40,"column":12},"end":{"line":43,"column":13}},"14":{"start":{"line":41,"column":16},"end":{"line":42,"column":76}},"15":{"start":{"line":45,"column":27},"end":{"line":45,"column":67}},"16":{"start":{"line":46,"column":12},"end":{"line":46,"column":66}},"17":{"start":{"line":48,"column":12},"end":{"line":51,"column":13}},"18":{"start":{"line":49,"column":16},"end":{"line":50,"column":64}},"19":{"start":{"line":52,"column":12},"end":{"line":53,"column":53}},"20":{"start":{"line":58,"column":8},"end":{"line":65,"column":9}},"21":{"start":{"line":59,"column":27},"end":{"line":59,"column":38}},"22":{"start":{"line":60,"column":25},"end":{"line":60,"column":65}},"23":{"start":{"line":61,"column":12},"end":{"line":61,"column":44}},"24":{"start":{"line":63,"column":12},"end":{"line":64,"column":67}},"25":{"start":{"line":69,"column":8},"end":{"line":87,"column":9}},"26":{"start":{"line":70,"column":53},"end":{"line":70,"column":61}},"27":{"start":{"line":71,"column":27},"end":{"line":71,"column":38}},"28":{"start":{"line":73,"column":12},"end":{"line":76,"column":13}},"29":{"start":{"line":74,"column":16},"end":{"line":75,"column":91}},"30":{"start":{"line":78,"column":12},"end":{"line":78,"column":83}},"31":{"start":{"line":79,"column":12},"end":{"line":79,"column":77}},"32":{"start":{"line":81,"column":12},"end":{"line":84,"column":13}},"33":{"start":{"line":82,"column":16},"end":{"line":83,"column":69}},"34":{"start":{"line":85,"column":12},"end":{"line":86,"column":66}},"35":{"start":{"line":91,"column":0},"end":{"line":91,"column":38}}},"fnMap":{"0":{"name":"(anonymous_0)","decl":{"start":{"line":5,"column":4},"end":{"line":5,"column":5}},"loc":{"start":{"line":5,"column":29},"end":{"line":34,"column":5}},"line":5},"1":{"name":"(anonymous_1)","decl":{"start":{"line":36,"column":4},"end":{"line":36,"column":5}},"loc":{"start":{"line":36,"column":26},"end":{"line":55,"column":5}},"line":36},"2":{"name":"(anonymous_2)","decl":{"start":{"line":57,"column":4},"end":{"line":57,"column":5}},"loc":{"start":{"line":57,"column":31},"end":{"line":66,"column":5}},"line":57},"3":{"name":"(anonymous_3)","decl":{"start":{"line":68,"column":4},"end":{"line":68,"column":5}},"loc":{"start":{"line":68,"column":35},"end":{"line":88,"column":5}},"line":68}},"branchMap":{"0":{"loc":{"start":{"line":10,"column":12},"end":{"line":13,"column":13}},"type":"if","locations":[{"start":{"line":10,"column":12},"end":{"line":13,"column":13}},{"start":{},"end":{}}],"line":10},"1":{"loc":{"start":{"line":10,"column":16},"end":{"line":10,"column":44}},"type":"binary-expr","locations":[{"start":{"line":10,"column":16},"end":{"line":10,"column":22}},{"start":{"line":10,"column":26},"end":{"line":10,"column":35}},{"start":{"line":10,"column":39},"end":{"line":10,"column":44}}],"line":10},"2":{"loc":{"start":{"line":27,"column":12},"end":{"line":30,"column":13}},"type":"if","locations":[{"start":{"line":27,"column":12},"end":{"line":30,"column":13}},{"start":{},"end":{}}],"line":27},"3":{"loc":{"start":{"line":40,"column":12},"end":{"line":43,"column":13}},"type":"if","locations":[{"start":{"line":40,"column":12},"end":{"line":43,"column":13}},{"start":{},"end":{}}],"line":40},"4":{"loc":{"start":{"line":40,"column":16},"end":{"line":40,"column":35}},"type":"binary-expr","locations":[{"start":{"line":40,"column":16},"end":{"line":40,"column":22}},{"start":{"line":40,"column":26},"end":{"line":40,"column":35}}],"line":40},"5":{"loc":{"start":{"line":48,"column":12},"end":{"line":51,"column":13}},"type":"if","locations":[{"start":{"line":48,"column":12},"end":{"line":51,"column":13}},{"start":{},"end":{}}],"line":48},"6":{"loc":{"start":{"line":73,"column":12},"end":{"line":76,"column":13}},"type":"if","locations":[{"start":{"line":73,"column":12},"end":{"line":76,"column":13}},{"start":{},"end":{}}],"line":73},"7":{"loc":{"start":{"line":73,"column":16},"end":{"line":73,"column":48}},"type":"binary-expr","locations":[{"start":{"line":73,"column":16},"end":{"line":73,"column":32}},{"start":{"line":73,"column":36},"end":{"line":73,"column":48}}],"line":73},"8":{"loc":{"start":{"line":81,"column":12},"end":{"line":84,"column":13}},"type":"if","locations":[{"start":{"line":81,"column":12},"end":{"line":84,"column":13}},{"start":{},"end":{}}],"line":81}},"s":{"0":1,"1":1,"2":2,"3":2,"4":2,"5":0,"6":2,"7":0,"8":2,"9":0,"10":2,"11":2,"12":2,"13":2,"14":0,"15":2,"16":0,"17":2,"18":0,"19":2,"20":0,"21":0,"22":0,"23":0,"24":0,"25":0,"26":0,"27":0,"28":0,"29":0,"30":0,"31":0,"32":0,"33":0,"34":0,"35":1},"f":{"0":2,"1":2,"2":0,"3":0},"b":{"0":[0,2],"1":[2,2,2],"2":[0,2],"3":[0,2],"4":[2,2],"5":[0,2],"6":[0,0],"7":[0,0],"8":[0,0]},"_coverageSchema":"1a1c01bbd47fc00a2c39e90264f33305004495a9","hash":"8344485a8f21023aeeb3ce84c8e5dc0a222b4350"}
,"C:\\Users\\Administrator\\Desktop\\pj\\server\\src\\controllers\\bookingController.js": {"path":"C:\\Users\\Administrator\\Desktop\\pj\\server\\src\\controllers\\bookingController.js","statementMap":{"0":{"start":{"line":1,"column":23},"end":{"line":1,"column":60}},"1":{"start":{"line":2,"column":57},"end":{"line":2,"column":90}},"2":{"start":{"line":7,"column":4},"end":{"line":51,"column":5}},"3":{"start":{"line":8,"column":45},"end":{"line":8,"column":53}},"4":{"start":{"line":9,"column":25},"end":{"line":9,"column":44}},"5":{"start":{"line":12,"column":6},"end":{"line":15,"column":7}},"6":{"start":{"line":13,"column":8},"end":{"line":14,"column":58}},"7":{"start":{"line":18,"column":20},"end":{"line":18,"column":39}},"8":{"start":{"line":19,"column":18},"end":{"line":19,"column":35}},"9":{"start":{"line":21,"column":6},"end":{"line":24,"column":7}},"10":{"start":{"line":22,"column":8},"end":{"line":23,"column":68}},"11":{"start":{"line":26,"column":6},"end":{"line":29,"column":7}},"12":{"start":{"line":27,"column":8},"end":{"line":28,"column":58}},"13":{"start":{"line":31,"column":22},"end":{"line":36,"column":8}},"14":{"start":{"line":38,"column":6},"end":{"line":39,"column":72}},"15":{"start":{"line":41,"column":6},"end":{"line":44,"column":7}},"16":{"start":{"line":42,"column":8},"end":{"line":43,"column":70}},"17":{"start":{"line":45,"column":6},"end":{"line":48,"column":7}},"18":{"start":{"line":46,"column":8},"end":{"line":47,"column":65}},"19":{"start":{"line":49,"column":6},"end":{"line":50,"column":57}},"20":{"start":{"line":56,"column":4},"end":{"line":74,"column":5}},"21":{"start":{"line":57,"column":22},"end":{"line":57,"column":72}},"22":{"start":{"line":60,"column":6},"end":{"line":64,"column":7}},"23":{"start":{"line":62,"column":8},"end":{"line":63,"column":68}},"24":{"start":{"line":66,"column":6},"end":{"line":66,"column":41}},"25":{"start":{"line":68,"column":6},"end":{"line":71,"column":7}},"26":{"start":{"line":69,"column":8},"end":{"line":70,"column":52}},"27":{"start":{"line":72,"column":6},"end":{"line":73,"column":56}},"28":{"start":{"line":79,"column":4},"end":{"line":95,"column":5}},"29":{"start":{"line":80,"column":25},"end":{"line":80,"column":34}},"30":{"start":{"line":81,"column":25},"end":{"line":81,"column":65}},"31":{"start":{"line":84,"column":6},"end":{"line":88,"column":7}},"32":{"start":{"line":86,"column":8},"end":{"line":87,"column":70}},"33":{"start":{"line":90,"column":23},"end":{"line":90,"column":79}},"34":{"start":{"line":91,"column":6},"end":{"line":91,"column":42}},"35":{"start":{"line":93,"column":6},"end":{"line":94,"column":62}},"36":{"start":{"line":100,"column":4},"end":{"line":132,"column":5}},"37":{"start":{"line":101,"column":25},"end":{"line":101,"column":33}},"38":{"start":{"line":102,"column":24},"end":{"line":102,"column":37}},"39":{"start":{"line":103,"column":25},"end":{"line":103,"column":44}},"40":{"start":{"line":105,"column":6},"end":{"line":108,"column":7}},"41":{"start":{"line":106,"column":8},"end":{"line":107,"column":66}},"42":{"start":{"line":110,"column":31},"end":{"line":114,"column":7}},"43":{"start":{"line":116,"column":6},"end":{"line":116,"column":84}},"44":{"start":{"line":118,"column":6},"end":{"line":121,"column":7}},"45":{"start":{"line":119,"column":8},"end":{"line":120,"column":52}},"46":{"start":{"line":122,"column":6},"end":{"line":125,"column":7}},"47":{"start":{"line":123,"column":8},"end":{"line":124,"column":70}},"48":{"start":{"line":126,"column":6},"end":{"line":129,"column":7}},"49":{"start":{"line":127,"column":8},"end":{"line":128,"column":74}},"50":{"start":{"line":130,"column":6},"end":{"line":131,"column":57}},"51":{"start":{"line":137,"column":4},"end":{"line":167,"column":5}},"52":{"start":{"line":138,"column":37},"end":{"line":138,"column":45}},"53":{"start":{"line":139,"column":24},"end":{"line":139,"column":37}},"54":{"start":{"line":140,"column":25},"end":{"line":140,"column":44}},"55":{"start":{"line":142,"column":6},"end":{"line":145,"column":7}},"56":{"start":{"line":143,"column":8},"end":{"line":144,"column":76}},"57":{"start":{"line":147,"column":29},"end":{"line":152,"column":7}},"58":{"start":{"line":154,"column":6},"end":{"line":155,"column":73}},"59":{"start":{"line":157,"column":6},"end":{"line":160,"column":7}},"60":{"start":{"line":158,"column":8},"end":{"line":159,"column":52}},"61":{"start":{"line":161,"column":6},"end":{"line":164,"column":7}},"62":{"start":{"line":162,"column":8},"end":{"line":163,"column":68}},"63":{"start":{"line":165,"column":6},"end":{"line":166,"column":59}},"64":{"start":{"line":172,"column":4},"end":{"line":186,"column":5}},"65":{"start":{"line":173,"column":42},"end":{"line":173,"column":50}},"66":{"start":{"line":175,"column":22},"end":{"line":175,"column":86}},"67":{"start":{"line":177,"column":6},"end":{"line":180,"column":7}},"68":{"start":{"line":178,"column":8},"end":{"line":179,"column":56}},"69":{"start":{"line":182,"column":6},"end":{"line":182,"column":80}},"70":{"start":{"line":184,"column":6},"end":{"line":185,"column":63}},"71":{"start":{"line":190,"column":0},"end":{"line":190,"column":41}}},"fnMap":{"0":{"name":"(anonymous_0)","decl":{"start":{"line":6,"column":2},"end":{"line":6,"column":3}},"loc":{"start":{"line":6,"column":32},"end":{"line":52,"column":3}},"line":6},"1":{"name":"(anonymous_1)","decl":{"start":{"line":55,"column":2},"end":{"line":55,"column":3}},"loc":{"start":{"line":55,"column":33},"end":{"line":75,"column":3}},"line":55},"2":{"name":"(anonymous_2)","decl":{"start":{"line":78,"column":2},"end":{"line":78,"column":3}},"loc":{"start":{"line":78,"column":34},"end":{"line":96,"column":3}},"line":78},"3":{"name":"(anonymous_3)","decl":{"start":{"line":99,"column":2},"end":{"line":99,"column":3}},"loc":{"start":{"line":99,"column":32},"end":{"line":133,"column":3}},"line":99},"4":{"name":"(anonymous_4)","decl":{"start":{"line":136,"column":2},"end":{"line":136,"column":3}},"loc":{"start":{"line":136,"column":33},"end":{"line":168,"column":3}},"line":136},"5":{"name":"(anonymous_5)","decl":{"start":{"line":171,"column":2},"end":{"line":171,"column":3}},"loc":{"start":{"line":171,"column":37},"end":{"line":187,"column":3}},"line":171}},"branchMap":{"0":{"loc":{"start":{"line":12,"column":6},"end":{"line":15,"column":7}},"type":"if","locations":[{"start":{"line":12,"column":6},"end":{"line":15,"column":7}},{"start":{},"end":{}}],"line":12},"1":{"loc":{"start":{"line":12,"column":10},"end":{"line":12,"column":43}},"type":"binary-expr","locations":[{"start":{"line":12,"column":10},"end":{"line":12,"column":17}},{"start":{"line":12,"column":21},"end":{"line":12,"column":31}},{"start":{"line":12,"column":35},"end":{"line":12,"column":43}}],"line":12},"2":{"loc":{"start":{"line":21,"column":6},"end":{"line":24,"column":7}},"type":"if","locations":[{"start":{"line":21,"column":6},"end":{"line":24,"column":7}},{"start":{},"end":{}}],"line":21},"3":{"loc":{"start":{"line":26,"column":6},"end":{"line":29,"column":7}},"type":"if","locations":[{"start":{"line":26,"column":6},"end":{"line":29,"column":7}},{"start":{},"end":{}}],"line":26},"4":{"loc":{"start":{"line":41,"column":6},"end":{"line":44,"column":7}},"type":"if","locations":[{"start":{"line":41,"column":6},"end":{"line":44,"column":7}},{"start":{},"end":{}}],"line":41},"5":{"loc":{"start":{"line":45,"column":6},"end":{"line":48,"column":7}},"type":"if","locations":[{"start":{"line":45,"column":6},"end":{"line":48,"column":7}},{"start":{},"end":{}}],"line":45},"6":{"loc":{"start":{"line":60,"column":6},"end":{"line":64,"column":7}},"type":"if","locations":[{"start":{"line":60,"column":6},"end":{"line":64,"column":7}},{"start":{},"end":{}}],"line":60},"7":{"loc":{"start":{"line":60,"column":10},"end":{"line":61,"column":59}},"type":"binary-expr","locations":[{"start":{"line":60,"column":10},"end":{"line":60,"column":53}},{"start":{"line":61,"column":10},"end":{"line":61,"column":59}}],"line":60},"8":{"loc":{"start":{"line":68,"column":6},"end":{"line":71,"column":7}},"type":"if","locations":[{"start":{"line":68,"column":6},"end":{"line":71,"column":7}},{"start":{},"end":{}}],"line":68},"9":{"loc":{"start":{"line":81,"column":25},"end":{"line":81,"column":65}},"type":"binary-expr","locations":[{"start":{"line":81,"column":25},"end":{"line":81,"column":42}},{"start":{"line":81,"column":46},"end":{"line":81,"column":65}}],"line":81},"10":{"loc":{"start":{"line":84,"column":6},"end":{"line":88,"column":7}},"type":"if","locations":[{"start":{"line":84,"column":6},"end":{"line":88,"column":7}},{"start":{},"end":{}}],"line":84},"11":{"loc":{"start":{"line":84,"column":10},"end":{"line":85,"column":59}},"type":"binary-expr","locations":[{"start":{"line":84,"column":10},"end":{"line":84,"column":44}},{"start":{"line":85,"column":10},"end":{"line":85,"column":59}}],"line":84},"12":{"loc":{"start":{"line":105,"column":6},"end":{"line":108,"column":7}},"type":"if","locations":[{"start":{"line":105,"column":6},"end":{"line":108,"column":7}},{"start":{},"end":{}}],"line":105},"13":{"loc":{"start":{"line":118,"column":6},"end":{"line":121,"column":7}},"type":"if","locations":[{"start":{"line":118,"column":6},"end":{"line":121,"column":7}},{"start":{},"end":{}}],"line":118},"14":{"loc":{"start":{"line":122,"column":6},"end":{"line":125,"column":7}},"type":"if","locations":[{"start":{"line":122,"column":6},"end":{"line":125,"column":7}},{"start":{},"end":{}}],"line":122},"15":{"loc":{"start":{"line":126,"column":6},"end":{"line":129,"column":7}},"type":"if","locations":[{"start":{"line":126,"column":6},"end":{"line":129,"column":7}},{"start":{},"end":{}}],"line":126},"16":{"loc":{"start":{"line":142,"column":6},"end":{"line":145,"column":7}},"type":"if","locations":[{"start":{"line":142,"column":6},"end":{"line":145,"column":7}},{"start":{},"end":{}}],"line":142},"17":{"loc":{"start":{"line":142,"column":10},"end":{"line":142,"column":45}},"type":"binary-expr","locations":[{"start":{"line":142,"column":10},"end":{"line":142,"column":34}},{"start":{"line":142,"column":38},"end":{"line":142,"column":45}}],"line":142},"18":{"loc":{"start":{"line":155,"column":19},"end":{"line":155,"column":55}},"type":"cond-expr","locations":[{"start":{"line":155,"column":32},"end":{"line":155,"column":42}},{"start":{"line":155,"column":45},"end":{"line":155,"column":55}}],"line":155},"19":{"loc":{"start":{"line":157,"column":6},"end":{"line":160,"column":7}},"type":"if","locations":[{"start":{"line":157,"column":6},"end":{"line":160,"column":7}},{"start":{},"end":{}}],"line":157},"20":{"loc":{"start":{"line":161,"column":6},"end":{"line":164,"column":7}},"type":"if","locations":[{"start":{"line":161,"column":6},"end":{"line":164,"column":7}},{"start":{},"end":{}}],"line":161},"21":{"loc":{"start":{"line":177,"column":6},"end":{"line":180,"column":7}},"type":"if","locations":[{"start":{"line":177,"column":6},"end":{"line":180,"column":7}},{"start":{},"end":{}}],"line":177}},"s":{"0":1,"1":1,"2":0,"3":0,"4":0,"5":0,"6":0,"7":0,"8":0,"9":0,"10":0,"11":0,"12":0,"13":0,"14":0,"15":0,"16":0,"17":0,"18":0,"19":0,"20":0,"21":0,"22":0,"23":0,"24":0,"25":0,"26":0,"27":0,"28":0,"29":0,"30":0,"31":0,"32":0,"33":0,"34":0,"35":0,"36":0,"37":0,"38":0,"39":0,"40":0,"41":0,"42":0,"43":0,"44":0,"45":0,"46":0,"47":0,"48":0,"49":0,"50":0,"51":0,"52":0,"53":0,"54":0,"55":0,"56":0,"57":0,"58":0,"59":0,"60":0,"61":0,"62":0,"63":0,"64":0,"65":0,"66":0,"67":0,"68":0,"69":0,"70":0,"71":1},"f":{"0":0,"1":0,"2":0,"3":0,"4":0,"5":0},"b":{"0":[0,0],"1":[0,0,0],"2":[0,0],"3":[0,0],"4":[0,0],"5":[0,0],"6":[0,0],"7":[0,0],"8":[0,0],"9":[0,0],"10":[0,0],"11":[0,0],"12":[0,0],"13":[0,0],"14":[0,0],"15":[0,0],"16":[0,0],"17":[0,0],"18":[0,0],"19":[0,0],"20":[0,0],"21":[0,0]},"_coverageSchema":"1a1c01bbd47fc00a2c39e90264f33305004495a9","hash":"cae2975924fe442cd32c0d1d949542e561004b3a"}
,"C:\\Users\\Administrator\\Desktop\\pj\\server\\src\\controllers\\departmentController.js": {"path":"C:\\Users\\Administrator\\Desktop\\pj\\server\\src\\controllers\\departmentController.js","statementMap":{"0":{"start":{"line":1,"column":26},"end":{"line":1,"column":66}},"1":{"start":{"line":2,"column":57},"end":{"line":2,"column":90}},"2":{"start":{"line":6,"column":4},"end":{"line":12,"column":5}},"3":{"start":{"line":7,"column":26},"end":{"line":7,"column":69}},"4":{"start":{"line":8,"column":6},"end":{"line":8,"column":45}},"5":{"start":{"line":10,"column":6},"end":{"line":11,"column":60}},"6":{"start":{"line":16,"column":4},"end":{"line":26,"column":5}},"7":{"start":{"line":17,"column":25},"end":{"line":17,"column":81}},"8":{"start":{"line":18,"column":6},"end":{"line":18,"column":44}},"9":{"start":{"line":20,"column":6},"end":{"line":23,"column":7}},"10":{"start":{"line":21,"column":8},"end":{"line":22,"column":55}},"11":{"start":{"line":24,"column":6},"end":{"line":25,"column":59}},"12":{"start":{"line":30,"column":4},"end":{"line":36,"column":5}},"13":{"start":{"line":31,"column":24},"end":{"line":31,"column":85}},"14":{"start":{"line":32,"column":6},"end":{"line":32,"column":43}},"15":{"start":{"line":34,"column":6},"end":{"line":35,"column":69}},"16":{"start":{"line":40,"column":4},"end":{"line":57,"column":5}},"17":{"start":{"line":41,"column":33},"end":{"line":41,"column":41}},"18":{"start":{"line":42,"column":6},"end":{"line":45,"column":7}},"19":{"start":{"line":43,"column":8},"end":{"line":44,"column":62}},"20":{"start":{"line":47,"column":28},"end":{"line":47,"column":88}},"21":{"start":{"line":48,"column":6},"end":{"line":49,"column":81}},"22":{"start":{"line":51,"column":6},"end":{"line":54,"column":7}},"23":{"start":{"line":52,"column":8},"end":{"line":53,"column":65}},"24":{"start":{"line":55,"column":6},"end":{"line":56,"column":60}},"25":{"start":{"line":61,"column":4},"end":{"line":80,"column":5}},"26":{"start":{"line":62,"column":33},"end":{"line":62,"column":41}},"27":{"start":{"line":63,"column":6},"end":{"line":66,"column":7}},"28":{"start":{"line":64,"column":8},"end":{"line":65,"column":62}},"29":{"start":{"line":68,"column":32},"end":{"line":71,"column":7}},"30":{"start":{"line":72,"column":6},"end":{"line":72,"column":86}},"31":{"start":{"line":74,"column":6},"end":{"line":77,"column":7}},"32":{"start":{"line":75,"column":8},"end":{"line":76,"column":55}},"33":{"start":{"line":78,"column":6},"end":{"line":79,"column":60}},"34":{"start":{"line":84,"column":4},"end":{"line":94,"column":5}},"35":{"start":{"line":85,"column":6},"end":{"line":85,"column":62}},"36":{"start":{"line":86,"column":6},"end":{"line":86,"column":73}},"37":{"start":{"line":88,"column":6},"end":{"line":91,"column":7}},"38":{"start":{"line":89,"column":8},"end":{"line":90,"column":46}},"39":{"start":{"line":92,"column":6},"end":{"line":93,"column":60}},"40":{"start":{"line":98,"column":0},"end":{"line":98,"column":44}}},"fnMap":{"0":{"name":"(anonymous_0)","decl":{"start":{"line":5,"column":2},"end":{"line":5,"column":3}},"loc":{"start":{"line":5,"column":36},"end":{"line":13,"column":3}},"line":5},"1":{"name":"(anonymous_1)","decl":{"start":{"line":15,"column":2},"end":{"line":15,"column":3}},"loc":{"start":{"line":15,"column":36},"end":{"line":27,"column":3}},"line":15},"2":{"name":"(anonymous_2)","decl":{"start":{"line":29,"column":2},"end":{"line":29,"column":3}},"loc":{"start":{"line":29,"column":41},"end":{"line":37,"column":3}},"line":29},"3":{"name":"(anonymous_3)","decl":{"start":{"line":39,"column":2},"end":{"line":39,"column":3}},"loc":{"start":{"line":39,"column":35},"end":{"line":58,"column":3}},"line":39},"4":{"name":"(anonymous_4)","decl":{"start":{"line":60,"column":2},"end":{"line":60,"column":3}},"loc":{"start":{"line":60,"column":35},"end":{"line":81,"column":3}},"line":60},"5":{"name":"(anonymous_5)","decl":{"start":{"line":83,"column":2},"end":{"line":83,"column":3}},"loc":{"start":{"line":83,"column":35},"end":{"line":95,"column":3}},"line":83}},"branchMap":{"0":{"loc":{"start":{"line":20,"column":6},"end":{"line":23,"column":7}},"type":"if","locations":[{"start":{"line":20,"column":6},"end":{"line":23,"column":7}},{"start":{},"end":{}}],"line":20},"1":{"loc":{"start":{"line":42,"column":6},"end":{"line":45,"column":7}},"type":"if","locations":[{"start":{"line":42,"column":6},"end":{"line":45,"column":7}},{"start":{},"end":{}}],"line":42},"2":{"loc":{"start":{"line":51,"column":6},"end":{"line":54,"column":7}},"type":"if","locations":[{"start":{"line":51,"column":6},"end":{"line":54,"column":7}},{"start":{},"end":{}}],"line":51},"3":{"loc":{"start":{"line":63,"column":6},"end":{"line":66,"column":7}},"type":"if","locations":[{"start":{"line":63,"column":6},"end":{"line":66,"column":7}},{"start":{},"end":{}}],"line":63},"4":{"loc":{"start":{"line":74,"column":6},"end":{"line":77,"column":7}},"type":"if","locations":[{"start":{"line":74,"column":6},"end":{"line":77,"column":7}},{"start":{},"end":{}}],"line":74},"5":{"loc":{"start":{"line":88,"column":6},"end":{"line":91,"column":7}},"type":"if","locations":[{"start":{"line":88,"column":6},"end":{"line":91,"column":7}},{"start":{},"end":{}}],"line":88}},"s":{"0":1,"1":1,"2":0,"3":0,"4":0,"5":0,"6":0,"7":0,"8":0,"9":0,"10":0,"11":0,"12":0,"13":0,"14":0,"15":0,"16":0,"17":0,"18":0,"19":0,"20":0,"21":0,"22":0,"23":0,"24":0,"25":0,"26":0,"27":0,"28":0,"29":0,"30":0,"31":0,"32":0,"33":0,"34":0,"35":0,"36":0,"37":0,"38":0,"39":0,"40":1},"f":{"0":0,"1":0,"2":0,"3":0,"4":0,"5":0},"b":{"0":[0,0],"1":[0,0],"2":[0,0],"3":[0,0],"4":[0,0],"5":[0,0]},"_coverageSchema":"1a1c01bbd47fc00a2c39e90264f33305004495a9","hash":"9ed82dae6e5f7d12955a291dd83efbaaefe8e485"}
,"C:\\Users\\Administrator\\Desktop\\pj\\server\\src\\controllers\\employeeController.js": {"path":"C:\\Users\\Administrator\\Desktop\\pj\\server\\src\\controllers\\employeeController.js","statementMap":{"0":{"start":{"line":1,"column":24},"end":{"line":1,"column":62}},"1":{"start":{"line":2,"column":57},"end":{"line":2,"column":90}},"2":{"start":{"line":6,"column":4},"end":{"line":12,"column":5}},"3":{"start":{"line":7,"column":24},"end":{"line":7,"column":63}},"4":{"start":{"line":8,"column":6},"end":{"line":8,"column":43}},"5":{"start":{"line":10,"column":6},"end":{"line":11,"column":58}},"6":{"start":{"line":16,"column":4},"end":{"line":26,"column":5}},"7":{"start":{"line":17,"column":23},"end":{"line":17,"column":75}},"8":{"start":{"line":18,"column":6},"end":{"line":18,"column":42}},"9":{"start":{"line":20,"column":6},"end":{"line":23,"column":7}},"10":{"start":{"line":21,"column":8},"end":{"line":22,"column":53}},"11":{"start":{"line":24,"column":6},"end":{"line":25,"column":57}},"12":{"start":{"line":30,"column":4},"end":{"line":41,"column":5}},"13":{"start":{"line":31,"column":26},"end":{"line":31,"column":72}},"14":{"start":{"line":32,"column":6},"end":{"line":33,"column":77}},"15":{"start":{"line":35,"column":6},"end":{"line":38,"column":7}},"16":{"start":{"line":36,"column":8},"end":{"line":37,"column":67}},"17":{"start":{"line":39,"column":6},"end":{"line":40,"column":58}},"18":{"start":{"line":45,"column":4},"end":{"line":55,"column":5}},"19":{"start":{"line":46,"column":30},"end":{"line":46,"column":91}},"20":{"start":{"line":47,"column":6},"end":{"line":47,"column":82}},"21":{"start":{"line":49,"column":6},"end":{"line":52,"column":7}},"22":{"start":{"line":50,"column":8},"end":{"line":51,"column":53}},"23":{"start":{"line":53,"column":6},"end":{"line":54,"column":58}},"24":{"start":{"line":59,"column":4},"end":{"line":69,"column":5}},"25":{"start":{"line":60,"column":6},"end":{"line":60,"column":58}},"26":{"start":{"line":61,"column":6},"end":{"line":61,"column":71}},"27":{"start":{"line":63,"column":6},"end":{"line":66,"column":7}},"28":{"start":{"line":64,"column":8},"end":{"line":65,"column":46}},"29":{"start":{"line":67,"column":6},"end":{"line":68,"column":58}},"30":{"start":{"line":73,"column":0},"end":{"line":73,"column":42}}},"fnMap":{"0":{"name":"(anonymous_0)","decl":{"start":{"line":5,"column":2},"end":{"line":5,"column":3}},"loc":{"start":{"line":5,"column":34},"end":{"line":13,"column":3}},"line":5},"1":{"name":"(anonymous_1)","decl":{"start":{"line":15,"column":2},"end":{"line":15,"column":3}},"loc":{"start":{"line":15,"column":34},"end":{"line":27,"column":3}},"line":15},"2":{"name":"(anonymous_2)","decl":{"start":{"line":29,"column":2},"end":{"line":29,"column":3}},"loc":{"start":{"line":29,"column":33},"end":{"line":42,"column":3}},"line":29},"3":{"name":"(anonymous_3)","decl":{"start":{"line":44,"column":2},"end":{"line":44,"column":3}},"loc":{"start":{"line":44,"column":33},"end":{"line":56,"column":3}},"line":44},"4":{"name":"(anonymous_4)","decl":{"start":{"line":58,"column":2},"end":{"line":58,"column":3}},"loc":{"start":{"line":58,"column":33},"end":{"line":70,"column":3}},"line":58}},"branchMap":{"0":{"loc":{"start":{"line":20,"column":6},"end":{"line":23,"column":7}},"type":"if","locations":[{"start":{"line":20,"column":6},"end":{"line":23,"column":7}},{"start":{},"end":{}}],"line":20},"1":{"loc":{"start":{"line":35,"column":6},"end":{"line":38,"column":7}},"type":"if","locations":[{"start":{"line":35,"column":6},"end":{"line":38,"column":7}},{"start":{},"end":{}}],"line":35},"2":{"loc":{"start":{"line":49,"column":6},"end":{"line":52,"column":7}},"type":"if","locations":[{"start":{"line":49,"column":6},"end":{"line":52,"column":7}},{"start":{},"end":{}}],"line":49},"3":{"loc":{"start":{"line":63,"column":6},"end":{"line":66,"column":7}},"type":"if","locations":[{"start":{"line":63,"column":6},"end":{"line":66,"column":7}},{"start":{},"end":{}}],"line":63}},"s":{"0":1,"1":1,"2":0,"3":0,"4":0,"5":0,"6":0,"7":0,"8":0,"9":0,"10":0,"11":0,"12":0,"13":0,"14":0,"15":0,"16":0,"17":0,"18":0,"19":0,"20":0,"21":0,"22":0,"23":0,"24":0,"25":0,"26":0,"27":0,"28":0,"29":0,"30":1},"f":{"0":0,"1":0,"2":0,"3":0,"4":0},"b":{"0":[0,0],"1":[0,0],"2":[0,0],"3":[0,0]},"_coverageSchema":"1a1c01bbd47fc00a2c39e90264f33305004495a9","hash":"e50fe4ea35f50dd29c0201c66764d80b993bba60"}
,"C:\\Users\\Administrator\\Desktop\\pj\\server\\src\\controllers\\lockController.js": {"path":"C:\\Users\\Administrator\\Desktop\\pj\\server\\src\\controllers\\lockController.js","statementMap":{"0":{"start":{"line":1,"column":20},"end":{"line":1,"column":54}},"1":{"start":{"line":2,"column":57},"end":{"line":2,"column":90}},"2":{"start":{"line":7,"column":4},"end":{"line":21,"column":5}},"3":{"start":{"line":8,"column":29},"end":{"line":8,"column":39}},"4":{"start":{"line":9,"column":25},"end":{"line":9,"column":33}},"5":{"start":{"line":11,"column":6},"end":{"line":14,"column":7}},"6":{"start":{"line":12,"column":8},"end":{"line":13,"column":58}},"7":{"start":{"line":16,"column":6},"end":{"line":16,"column":57}},"8":{"start":{"line":17,"column":6},"end":{"line":17,"column":70}},"9":{"start":{"line":19,"column":6},"end":{"line":20,"column":56}},"10":{"start":{"line":26,"column":4},"end":{"line":41,"column":5}},"11":{"start":{"line":27,"column":29},"end":{"line":27,"column":39}},"12":{"start":{"line":28,"column":25},"end":{"line":28,"column":33}},"13":{"start":{"line":29,"column":25},"end":{"line":29,"column":44}},"14":{"start":{"line":31,"column":6},"end":{"line":34,"column":7}},"15":{"start":{"line":32,"column":8},"end":{"line":33,"column":60}},"16":{"start":{"line":36,"column":6},"end":{"line":36,"column":71}},"17":{"start":{"line":37,"column":6},"end":{"line":37,"column":72}},"18":{"start":{"line":39,"column":6},"end":{"line":40,"column":58}},"19":{"start":{"line":46,"column":4},"end":{"line":53,"column":5}},"20":{"start":{"line":47,"column":29},"end":{"line":47,"column":39}},"21":{"start":{"line":48,"column":22},"end":{"line":48,"column":66}},"22":{"start":{"line":49,"column":6},"end":{"line":49,"column":41}},"23":{"start":{"line":51,"column":6},"end":{"line":52,"column":61}},"24":{"start":{"line":58,"column":4},"end":{"line":64,"column":5}},"25":{"start":{"line":59,"column":23},"end":{"line":59,"column":67}},"26":{"start":{"line":60,"column":6},"end":{"line":60,"column":42}},"27":{"start":{"line":62,"column":6},"end":{"line":63,"column":64}},"28":{"start":{"line":69,"column":4},"end":{"line":76,"column":5}},"29":{"start":{"line":70,"column":30},"end":{"line":70,"column":66}},"30":{"start":{"line":71,"column":6},"end":{"line":72,"column":65}},"31":{"start":{"line":74,"column":6},"end":{"line":75,"column":62}},"32":{"start":{"line":80,"column":0},"end":{"line":80,"column":38}}},"fnMap":{"0":{"name":"(anonymous_0)","decl":{"start":{"line":6,"column":2},"end":{"line":6,"column":3}},"loc":{"start":{"line":6,"column":31},"end":{"line":22,"column":3}},"line":6},"1":{"name":"(anonymous_1)","decl":{"start":{"line":25,"column":2},"end":{"line":25,"column":3}},"loc":{"start":{"line":25,"column":33},"end":{"line":42,"column":3}},"line":25},"2":{"name":"(anonymous_2)","decl":{"start":{"line":45,"column":2},"end":{"line":45,"column":3}},"loc":{"start":{"line":45,"column":33},"end":{"line":54,"column":3}},"line":45},"3":{"name":"(anonymous_3)","decl":{"start":{"line":57,"column":2},"end":{"line":57,"column":3}},"loc":{"start":{"line":57,"column":43},"end":{"line":65,"column":3}},"line":57},"4":{"name":"(anonymous_4)","decl":{"start":{"line":68,"column":2},"end":{"line":68,"column":3}},"loc":{"start":{"line":68,"column":35},"end":{"line":77,"column":3}},"line":68}},"branchMap":{"0":{"loc":{"start":{"line":11,"column":6},"end":{"line":14,"column":7}},"type":"if","locations":[{"start":{"line":11,"column":6},"end":{"line":14,"column":7}},{"start":{},"end":{}}],"line":11},"1":{"loc":{"start":{"line":31,"column":6},"end":{"line":34,"column":7}},"type":"if","locations":[{"start":{"line":31,"column":6},"end":{"line":34,"column":7}},{"start":{},"end":{}}],"line":31}},"s":{"0":1,"1":1,"2":0,"3":0,"4":0,"5":0,"6":0,"7":0,"8":0,"9":0,"10":0,"11":0,"12":0,"13":0,"14":0,"15":0,"16":0,"17":0,"18":0,"19":0,"20":0,"21":0,"22":0,"23":0,"24":0,"25":0,"26":0,"27":0,"28":0,"29":0,"30":0,"31":0,"32":1},"f":{"0":0,"1":0,"2":0,"3":0,"4":0},"b":{"0":[0,0],"1":[0,0]},"_coverageSchema":"1a1c01bbd47fc00a2c39e90264f33305004495a9","hash":"3ae5acf052a115c852dda0f941f4bf0f680f5b2f"}
,"C:\\Users\\Administrator\\Desktop\\pj\\server\\src\\controllers\\permissionController.js": {"path":"C:\\Users\\Administrator\\Desktop\\pj\\server\\src\\controllers\\permissionController.js","statementMap":{"0":{"start":{"line":1,"column":26},"end":{"line":1,"column":66}},"1":{"start":{"line":2,"column":57},"end":{"line":2,"column":90}},"2":{"start":{"line":6,"column":4},"end":{"line":12,"column":5}},"3":{"start":{"line":7,"column":26},"end":{"line":7,"column":69}},"4":{"start":{"line":8,"column":6},"end":{"line":8,"column":45}},"5":{"start":{"line":10,"column":6},"end":{"line":11,"column":60}},"6":{"start":{"line":16,"column":4},"end":{"line":22,"column":5}},"7":{"start":{"line":17,"column":26},"end":{"line":17,"column":97}},"8":{"start":{"line":18,"column":6},"end":{"line":18,"column":45}},"9":{"start":{"line":20,"column":6},"end":{"line":21,"column":69}},"10":{"start":{"line":26,"column":4},"end":{"line":43,"column":5}},"11":{"start":{"line":27,"column":29},"end":{"line":27,"column":39}},"12":{"start":{"line":28,"column":30},"end":{"line":28,"column":38}},"13":{"start":{"line":30,"column":6},"end":{"line":33,"column":7}},"14":{"start":{"line":31,"column":8},"end":{"line":32,"column":63}},"15":{"start":{"line":35,"column":33},"end":{"line":38,"column":7}},"16":{"start":{"line":39,"column":6},"end":{"line":39,"column":88}},"17":{"start":{"line":41,"column":6},"end":{"line":42,"column":61}},"18":{"start":{"line":47,"column":4},"end":{"line":58,"column":5}},"19":{"start":{"line":48,"column":56},"end":{"line":48,"column":64}},"20":{"start":{"line":49,"column":28},"end":{"line":53,"column":7}},"21":{"start":{"line":54,"column":6},"end":{"line":54,"column":51}},"22":{"start":{"line":56,"column":6},"end":{"line":57,"column":59}},"23":{"start":{"line":62,"column":4},"end":{"line":68,"column":5}},"24":{"start":{"line":63,"column":22},"end":{"line":63,"column":67}},"25":{"start":{"line":64,"column":6},"end":{"line":64,"column":41}},"26":{"start":{"line":66,"column":6},"end":{"line":67,"column":66}},"27":{"start":{"line":72,"column":4},"end":{"line":78,"column":5}},"28":{"start":{"line":73,"column":26},"end":{"line":73,"column":91}},"29":{"start":{"line":74,"column":6},"end":{"line":74,"column":45}},"30":{"start":{"line":76,"column":6},"end":{"line":77,"column":65}},"31":{"start":{"line":82,"column":0},"end":{"line":82,"column":44}}},"fnMap":{"0":{"name":"(anonymous_0)","decl":{"start":{"line":5,"column":2},"end":{"line":5,"column":3}},"loc":{"start":{"line":5,"column":36},"end":{"line":13,"column":3}},"line":5},"1":{"name":"(anonymous_1)","decl":{"start":{"line":15,"column":2},"end":{"line":15,"column":3}},"loc":{"start":{"line":15,"column":43},"end":{"line":23,"column":3}},"line":15},"2":{"name":"(anonymous_2)","decl":{"start":{"line":25,"column":2},"end":{"line":25,"column":3}},"loc":{"start":{"line":25,"column":44},"end":{"line":44,"column":3}},"line":25},"3":{"name":"(anonymous_3)","decl":{"start":{"line":46,"column":2},"end":{"line":46,"column":3}},"loc":{"start":{"line":46,"column":34},"end":{"line":59,"column":3}},"line":46},"4":{"name":"(anonymous_4)","decl":{"start":{"line":61,"column":2},"end":{"line":61,"column":3}},"loc":{"start":{"line":61,"column":38},"end":{"line":69,"column":3}},"line":61},"5":{"name":"(anonymous_5)","decl":{"start":{"line":71,"column":2},"end":{"line":71,"column":3}},"loc":{"start":{"line":71,"column":37},"end":{"line":79,"column":3}},"line":71}},"branchMap":{"0":{"loc":{"start":{"line":30,"column":6},"end":{"line":33,"column":7}},"type":"if","locations":[{"start":{"line":30,"column":6},"end":{"line":33,"column":7}},{"start":{},"end":{}}],"line":30}},"s":{"0":1,"1":1,"2":0,"3":0,"4":0,"5":0,"6":0,"7":0,"8":0,"9":0,"10":0,"11":0,"12":0,"13":0,"14":0,"15":0,"16":0,"17":0,"18":0,"19":0,"20":0,"21":0,"22":0,"23":0,"24":0,"25":0,"26":0,"27":0,"28":0,"29":0,"30":0,"31":1},"f":{"0":0,"1":0,"2":0,"3":0,"4":0,"5":0},"b":{"0":[0,0]},"_coverageSchema":"1a1c01bbd47fc00a2c39e90264f33305004495a9","hash":"9825f7e2d84d40a3795f0e91b961160024560bdb"}
,"C:\\Users\\Administrator\\Desktop\\pj\\server\\src\\controllers\\positionController.js": {"path":"C:\\Users\\Administrator\\Desktop\\pj\\server\\src\\controllers\\positionController.js","statementMap":{"0":{"start":{"line":1,"column":24},"end":{"line":1,"column":62}},"1":{"start":{"line":2,"column":57},"end":{"line":2,"column":90}},"2":{"start":{"line":6,"column":4},"end":{"line":12,"column":5}},"3":{"start":{"line":7,"column":24},"end":{"line":7,"column":63}},"4":{"start":{"line":8,"column":6},"end":{"line":8,"column":43}},"5":{"start":{"line":10,"column":6},"end":{"line":11,"column":58}},"6":{"start":{"line":16,"column":4},"end":{"line":26,"column":5}},"7":{"start":{"line":17,"column":23},"end":{"line":17,"column":75}},"8":{"start":{"line":18,"column":6},"end":{"line":18,"column":42}},"9":{"start":{"line":20,"column":6},"end":{"line":23,"column":7}},"10":{"start":{"line":21,"column":8},"end":{"line":22,"column":53}},"11":{"start":{"line":24,"column":6},"end":{"line":25,"column":57}},"12":{"start":{"line":30,"column":4},"end":{"line":36,"column":5}},"13":{"start":{"line":31,"column":24},"end":{"line":31,"column":81}},"14":{"start":{"line":32,"column":6},"end":{"line":32,"column":43}},"15":{"start":{"line":34,"column":6},"end":{"line":35,"column":67}},"16":{"start":{"line":40,"column":4},"end":{"line":46,"column":5}},"17":{"start":{"line":41,"column":26},"end":{"line":41,"column":85}},"18":{"start":{"line":42,"column":6},"end":{"line":42,"column":45}},"19":{"start":{"line":44,"column":6},"end":{"line":45,"column":69}},"20":{"start":{"line":50,"column":4},"end":{"line":61,"column":5}},"21":{"start":{"line":51,"column":26},"end":{"line":51,"column":72}},"22":{"start":{"line":52,"column":6},"end":{"line":53,"column":77}},"23":{"start":{"line":55,"column":6},"end":{"line":58,"column":7}},"24":{"start":{"line":56,"column":8},"end":{"line":57,"column":63}},"25":{"start":{"line":59,"column":6},"end":{"line":60,"column":58}},"26":{"start":{"line":65,"column":4},"end":{"line":75,"column":5}},"27":{"start":{"line":66,"column":30},"end":{"line":66,"column":91}},"28":{"start":{"line":67,"column":6},"end":{"line":67,"column":82}},"29":{"start":{"line":69,"column":6},"end":{"line":72,"column":7}},"30":{"start":{"line":70,"column":8},"end":{"line":71,"column":53}},"31":{"start":{"line":73,"column":6},"end":{"line":74,"column":58}},"32":{"start":{"line":79,"column":4},"end":{"line":89,"column":5}},"33":{"start":{"line":80,"column":6},"end":{"line":80,"column":58}},"34":{"start":{"line":81,"column":6},"end":{"line":81,"column":71}},"35":{"start":{"line":83,"column":6},"end":{"line":86,"column":7}},"36":{"start":{"line":84,"column":8},"end":{"line":85,"column":46}},"37":{"start":{"line":87,"column":6},"end":{"line":88,"column":58}},"38":{"start":{"line":93,"column":0},"end":{"line":93,"column":42}}},"fnMap":{"0":{"name":"(anonymous_0)","decl":{"start":{"line":5,"column":2},"end":{"line":5,"column":3}},"loc":{"start":{"line":5,"column":34},"end":{"line":13,"column":3}},"line":5},"1":{"name":"(anonymous_1)","decl":{"start":{"line":15,"column":2},"end":{"line":15,"column":3}},"loc":{"start":{"line":15,"column":34},"end":{"line":27,"column":3}},"line":15},"2":{"name":"(anonymous_2)","decl":{"start":{"line":29,"column":2},"end":{"line":29,"column":3}},"loc":{"start":{"line":29,"column":39},"end":{"line":37,"column":3}},"line":29},"3":{"name":"(anonymous_3)","decl":{"start":{"line":39,"column":2},"end":{"line":39,"column":3}},"loc":{"start":{"line":39,"column":41},"end":{"line":47,"column":3}},"line":39},"4":{"name":"(anonymous_4)","decl":{"start":{"line":49,"column":2},"end":{"line":49,"column":3}},"loc":{"start":{"line":49,"column":33},"end":{"line":62,"column":3}},"line":49},"5":{"name":"(anonymous_5)","decl":{"start":{"line":64,"column":2},"end":{"line":64,"column":3}},"loc":{"start":{"line":64,"column":33},"end":{"line":76,"column":3}},"line":64},"6":{"name":"(anonymous_6)","decl":{"start":{"line":78,"column":2},"end":{"line":78,"column":3}},"loc":{"start":{"line":78,"column":33},"end":{"line":90,"column":3}},"line":78}},"branchMap":{"0":{"loc":{"start":{"line":20,"column":6},"end":{"line":23,"column":7}},"type":"if","locations":[{"start":{"line":20,"column":6},"end":{"line":23,"column":7}},{"start":{},"end":{}}],"line":20},"1":{"loc":{"start":{"line":55,"column":6},"end":{"line":58,"column":7}},"type":"if","locations":[{"start":{"line":55,"column":6},"end":{"line":58,"column":7}},{"start":{},"end":{}}],"line":55},"2":{"loc":{"start":{"line":69,"column":6},"end":{"line":72,"column":7}},"type":"if","locations":[{"start":{"line":69,"column":6},"end":{"line":72,"column":7}},{"start":{},"end":{}}],"line":69},"3":{"loc":{"start":{"line":83,"column":6},"end":{"line":86,"column":7}},"type":"if","locations":[{"start":{"line":83,"column":6},"end":{"line":86,"column":7}},{"start":{},"end":{}}],"line":83}},"s":{"0":1,"1":1,"2":0,"3":0,"4":0,"5":0,"6":0,"7":0,"8":0,"9":0,"10":0,"11":0,"12":0,"13":0,"14":0,"15":0,"16":0,"17":0,"18":0,"19":0,"20":0,"21":0,"22":0,"23":0,"24":0,"25":0,"26":0,"27":0,"28":0,"29":0,"30":0,"31":0,"32":0,"33":0,"34":0,"35":0,"36":0,"37":0,"38":1},"f":{"0":0,"1":0,"2":0,"3":0,"4":0,"5":0,"6":0},"b":{"0":[0,0],"1":[0,0],"2":[0,0],"3":[0,0]},"_coverageSchema":"1a1c01bbd47fc00a2c39e90264f33305004495a9","hash":"c62d652827bb0e6f2a8cc6e9edcae16558af44b6"}
,"C:\\Users\\Administrator\\Desktop\\pj\\server\\src\\controllers\\reportController.js": {"path":"C:\\Users\\Administrator\\Desktop\\pj\\server\\src\\controllers\\reportController.js","statementMap":{"0":{"start":{"line":1,"column":22},"end":{"line":1,"column":58}},"1":{"start":{"line":2,"column":57},"end":{"line":2,"column":90}},"2":{"start":{"line":7,"column":4},"end":{"line":23,"column":5}},"3":{"start":{"line":8,"column":37},"end":{"line":8,"column":46}},"4":{"start":{"line":10,"column":6},"end":{"line":13,"column":7}},"5":{"start":{"line":11,"column":8},"end":{"line":12,"column":71}},"6":{"start":{"line":15,"column":20},"end":{"line":18,"column":7}},"7":{"start":{"line":19,"column":6},"end":{"line":19,"column":39}},"8":{"start":{"line":21,"column":6},"end":{"line":22,"column":70}},"9":{"start":{"line":28,"column":4},"end":{"line":46,"column":5}},"10":{"start":{"line":29,"column":25},"end":{"line":29,"column":35}},"11":{"start":{"line":30,"column":30},"end":{"line":30,"column":39}},"12":{"start":{"line":32,"column":6},"end":{"line":35,"column":7}},"13":{"start":{"line":33,"column":8},"end":{"line":34,"column":62}},"14":{"start":{"line":37,"column":20},"end":{"line":41,"column":7}},"15":{"start":{"line":42,"column":6},"end":{"line":42,"column":39}},"16":{"start":{"line":44,"column":6},"end":{"line":45,"column":71}},"17":{"start":{"line":51,"column":4},"end":{"line":67,"column":5}},"18":{"start":{"line":52,"column":37},"end":{"line":52,"column":46}},"19":{"start":{"line":54,"column":6},"end":{"line":57,"column":7}},"20":{"start":{"line":55,"column":8},"end":{"line":56,"column":71}},"21":{"start":{"line":59,"column":20},"end":{"line":62,"column":7}},"22":{"start":{"line":63,"column":6},"end":{"line":63,"column":39}},"23":{"start":{"line":65,"column":6},"end":{"line":66,"column":73}},"24":{"start":{"line":72,"column":4},"end":{"line":88,"column":5}},"25":{"start":{"line":73,"column":37},"end":{"line":73,"column":46}},"26":{"start":{"line":75,"column":6},"end":{"line":78,"column":7}},"27":{"start":{"line":76,"column":8},"end":{"line":77,"column":71}},"28":{"start":{"line":80,"column":20},"end":{"line":83,"column":7}},"29":{"start":{"line":84,"column":6},"end":{"line":84,"column":39}},"30":{"start":{"line":86,"column":6},"end":{"line":87,"column":64}},"31":{"start":{"line":93,"column":4},"end":{"line":111,"column":5}},"32":{"start":{"line":94,"column":31},"end":{"line":94,"column":41}},"33":{"start":{"line":95,"column":37},"end":{"line":95,"column":46}},"34":{"start":{"line":97,"column":6},"end":{"line":100,"column":7}},"35":{"start":{"line":98,"column":8},"end":{"line":99,"column":71}},"36":{"start":{"line":102,"column":22},"end":{"line":106,"column":7}},"37":{"start":{"line":107,"column":6},"end":{"line":107,"column":41}},"38":{"start":{"line":109,"column":6},"end":{"line":110,"column":61}},"39":{"start":{"line":116,"column":4},"end":{"line":132,"column":5}},"40":{"start":{"line":117,"column":37},"end":{"line":117,"column":46}},"41":{"start":{"line":119,"column":6},"end":{"line":122,"column":7}},"42":{"start":{"line":120,"column":8},"end":{"line":121,"column":71}},"43":{"start":{"line":124,"column":20},"end":{"line":127,"column":7}},"44":{"start":{"line":128,"column":6},"end":{"line":128,"column":39}},"45":{"start":{"line":130,"column":6},"end":{"line":131,"column":71}},"46":{"start":{"line":136,"column":0},"end":{"line":136,"column":40}}},"fnMap":{"0":{"name":"(anonymous_0)","decl":{"start":{"line":6,"column":2},"end":{"line":6,"column":3}},"loc":{"start":{"line":6,"column":36},"end":{"line":24,"column":3}},"line":6},"1":{"name":"(anonymous_1)","decl":{"start":{"line":27,"column":2},"end":{"line":27,"column":3}},"loc":{"start":{"line":27,"column":37},"end":{"line":47,"column":3}},"line":27},"2":{"name":"(anonymous_2)","decl":{"start":{"line":50,"column":2},"end":{"line":50,"column":3}},"loc":{"start":{"line":50,"column":39},"end":{"line":68,"column":3}},"line":50},"3":{"name":"(anonymous_3)","decl":{"start":{"line":71,"column":2},"end":{"line":71,"column":3}},"loc":{"start":{"line":71,"column":31},"end":{"line":89,"column":3}},"line":71},"4":{"name":"(anonymous_4)","decl":{"start":{"line":92,"column":2},"end":{"line":92,"column":3}},"loc":{"start":{"line":92,"column":33},"end":{"line":112,"column":3}},"line":92},"5":{"name":"(anonymous_5)","decl":{"start":{"line":115,"column":2},"end":{"line":115,"column":3}},"loc":{"start":{"line":115,"column":37},"end":{"line":133,"column":3}},"line":115}},"branchMap":{"0":{"loc":{"start":{"line":10,"column":6},"end":{"line":13,"column":7}},"type":"if","locations":[{"start":{"line":10,"column":6},"end":{"line":13,"column":7}},{"start":{},"end":{}}],"line":10},"1":{"loc":{"start":{"line":10,"column":10},"end":{"line":10,"column":32}},"type":"binary-expr","locations":[{"start":{"line":10,"column":10},"end":{"line":10,"column":20}},{"start":{"line":10,"column":24},"end":{"line":10,"column":32}}],"line":10},"2":{"loc":{"start":{"line":32,"column":6},"end":{"line":35,"column":7}},"type":"if","locations":[{"start":{"line":32,"column":6},"end":{"line":35,"column":7}},{"start":{},"end":{}}],"line":32},"3":{"loc":{"start":{"line":32,"column":10},"end":{"line":32,"column":25}},"type":"binary-expr","locations":[{"start":{"line":32,"column":10},"end":{"line":32,"column":16}},{"start":{"line":32,"column":20},"end":{"line":32,"column":25}}],"line":32},"4":{"loc":{"start":{"line":54,"column":6},"end":{"line":57,"column":7}},"type":"if","locations":[{"start":{"line":54,"column":6},"end":{"line":57,"column":7}},{"start":{},"end":{}}],"line":54},"5":{"loc":{"start":{"line":54,"column":10},"end":{"line":54,"column":32}},"type":"binary-expr","locations":[{"start":{"line":54,"column":10},"end":{"line":54,"column":20}},{"start":{"line":54,"column":24},"end":{"line":54,"column":32}}],"line":54},"6":{"loc":{"start":{"line":75,"column":6},"end":{"line":78,"column":7}},"type":"if","locations":[{"start":{"line":75,"column":6},"end":{"line":78,"column":7}},{"start":{},"end":{}}],"line":75},"7":{"loc":{"start":{"line":75,"column":10},"end":{"line":75,"column":32}},"type":"binary-expr","locations":[{"start":{"line":75,"column":10},"end":{"line":75,"column":20}},{"start":{"line":75,"column":24},"end":{"line":75,"column":32}}],"line":75},"8":{"loc":{"start":{"line":97,"column":6},"end":{"line":100,"column":7}},"type":"if","locations":[{"start":{"line":97,"column":6},"end":{"line":100,"column":7}},{"start":{},"end":{}}],"line":97},"9":{"loc":{"start":{"line":97,"column":10},"end":{"line":97,"column":32}},"type":"binary-expr","locations":[{"start":{"line":97,"column":10},"end":{"line":97,"column":20}},{"start":{"line":97,"column":24},"end":{"line":97,"column":32}}],"line":97},"10":{"loc":{"start":{"line":119,"column":6},"end":{"line":122,"column":7}},"type":"if","locations":[{"start":{"line":119,"column":6},"end":{"line":122,"column":7}},{"start":{},"end":{}}],"line":119},"11":{"loc":{"start":{"line":119,"column":10},"end":{"line":119,"column":32}},"type":"binary-expr","locations":[{"start":{"line":119,"column":10},"end":{"line":119,"column":20}},{"start":{"line":119,"column":24},"end":{"line":119,"column":32}}],"line":119}},"s":{"0":1,"1":1,"2":0,"3":0,"4":0,"5":0,"6":0,"7":0,"8":0,"9":0,"10":0,"11":0,"12":0,"13":0,"14":0,"15":0,"16":0,"17":0,"18":0,"19":0,"20":0,"21":0,"22":0,"23":0,"24":0,"25":0,"26":0,"27":0,"28":0,"29":0,"30":0,"31":0,"32":0,"33":0,"34":0,"35":0,"36":0,"37":0,"38":0,"39":0,"40":0,"41":0,"42":0,"43":0,"44":0,"45":0,"46":1},"f":{"0":0,"1":0,"2":0,"3":0,"4":0,"5":0},"b":{"0":[0,0],"1":[0,0],"2":[0,0],"3":[0,0],"4":[0,0],"5":[0,0],"6":[0,0],"7":[0,0],"8":[0,0],"9":[0,0],"10":[0,0],"11":[0,0]},"_coverageSchema":"1a1c01bbd47fc00a2c39e90264f33305004495a9","hash":"d37a0bc10305b1246f14b9305cfd4662b3a27852"}
,"C:\\Users\\Administrator\\Desktop\\pj\\server\\src\\middleware\\authMiddleware.js": {"path":"C:\\Users\\Administrator\\Desktop\\pj\\server\\src\\middleware\\authMiddleware.js","statementMap":{"0":{"start":{"line":1,"column":12},"end":{"line":1,"column":35}},"1":{"start":{"line":2,"column":26},"end":{"line":2,"column":59}},"2":{"start":{"line":4,"column":0},"end":{"line":29,"column":2}},"3":{"start":{"line":5,"column":2},"end":{"line":28,"column":3}},"4":{"start":{"line":7,"column":23},"end":{"line":7,"column":48}},"5":{"start":{"line":8,"column":4},"end":{"line":10,"column":5}},"6":{"start":{"line":9,"column":6},"end":{"line":9,"column":66}},"7":{"start":{"line":12,"column":18},"end":{"line":12,"column":42}},"8":{"start":{"line":13,"column":4},"end":{"line":15,"column":5}},"9":{"start":{"line":14,"column":6},"end":{"line":14,"column":70}},"10":{"start":{"line":18,"column":4},"end":{"line":24,"column":5}},"11":{"start":{"line":19,"column":22},"end":{"line":19,"column":63}},"12":{"start":{"line":20,"column":6},"end":{"line":20,"column":25}},"13":{"start":{"line":21,"column":6},"end":{"line":21,"column":13}},"14":{"start":{"line":23,"column":6},"end":{"line":23,"column":66}},"15":{"start":{"line":26,"column":4},"end":{"line":26,"column":51}},"16":{"start":{"line":27,"column":4},"end":{"line":27,"column":72}},"17":{"start":{"line":31,"column":0},"end":{"line":43,"column":2}},"18":{"start":{"line":32,"column":2},"end":{"line":42,"column":4}},"19":{"start":{"line":33,"column":4},"end":{"line":35,"column":5}},"20":{"start":{"line":34,"column":6},"end":{"line":34,"column":75}},"21":{"start":{"line":37,"column":4},"end":{"line":39,"column":5}},"22":{"start":{"line":38,"column":6},"end":{"line":38,"column":69}},"23":{"start":{"line":41,"column":4},"end":{"line":41,"column":11}}},"fnMap":{"0":{"name":"(anonymous_0)","decl":{"start":{"line":4,"column":23},"end":{"line":4,"column":24}},"loc":{"start":{"line":4,"column":49},"end":{"line":29,"column":1}},"line":4},"1":{"name":"(anonymous_1)","decl":{"start":{"line":31,"column":20},"end":{"line":31,"column":21}},"loc":{"start":{"line":31,"column":41},"end":{"line":43,"column":1}},"line":31},"2":{"name":"(anonymous_2)","decl":{"start":{"line":32,"column":9},"end":{"line":32,"column":10}},"loc":{"start":{"line":32,"column":29},"end":{"line":42,"column":3}},"line":32}},"branchMap":{"0":{"loc":{"start":{"line":8,"column":4},"end":{"line":10,"column":5}},"type":"if","locations":[{"start":{"line":8,"column":4},"end":{"line":10,"column":5}},{"start":{},"end":{}}],"line":8},"1":{"loc":{"start":{"line":8,"column":8},"end":{"line":8,"column":56}},"type":"binary-expr","locations":[{"start":{"line":8,"column":8},"end":{"line":8,"column":19}},{"start":{"line":8,"column":23},"end":{"line":8,"column":56}}],"line":8},"2":{"loc":{"start":{"line":13,"column":4},"end":{"line":15,"column":5}},"type":"if","locations":[{"start":{"line":13,"column":4},"end":{"line":15,"column":5}},{"start":{},"end":{}}],"line":13},"3":{"loc":{"start":{"line":33,"column":4},"end":{"line":35,"column":5}},"type":"if","locations":[{"start":{"line":33,"column":4},"end":{"line":35,"column":5}},{"start":{},"end":{}}],"line":33},"4":{"loc":{"start":{"line":37,"column":4},"end":{"line":39,"column":5}},"type":"if","locations":[{"start":{"line":37,"column":4},"end":{"line":39,"column":5}},{"start":{},"end":{}}],"line":37},"5":{"loc":{"start":{"line":37,"column":8},"end":{"line":37,"column":72}},"type":"binary-expr","locations":[{"start":{"line":37,"column":8},"end":{"line":37,"column":27}},{"start":{"line":37,"column":31},"end":{"line":37,"column":72}}],"line":37}},"s":{"0":1,"1":1,"2":1,"3":2,"4":2,"5":2,"6":1,"7":1,"8":1,"9":0,"10":1,"11":1,"12":0,"13":0,"14":1,"15":0,"16":0,"17":1,"18":29,"19":0,"20":0,"21":0,"22":0,"23":0},"f":{"0":2,"1":29,"2":0},"b":{"0":[1,1],"1":[2,1],"2":[0,1],"3":[0,0],"4":[0,0],"5":[0,0]},"_coverageSchema":"1a1c01bbd47fc00a2c39e90264f33305004495a9","hash":"147ded426472ee9d8391eb8540074f36677e0f05"}
,"C:\\Users\\Administrator\\Desktop\\pj\\server\\src\\middleware\\errorMiddleware.js": {"path":"C:\\Users\\Administrator\\Desktop\\pj\\server\\src\\middleware\\errorMiddleware.js","statementMap":{"0":{"start":{"line":1,"column":40},"end":{"line":1,"column":73}},"1":{"start":{"line":3,"column":0},"end":{"line":18,"column":2}},"2":{"start":{"line":4,"column":2},"end":{"line":4,"column":21}},"3":{"start":{"line":6,"column":2},"end":{"line":9,"column":3}},"4":{"start":{"line":7,"column":4},"end":{"line":8,"column":40}},"5":{"start":{"line":11,"column":2},"end":{"line":14,"column":3}},"6":{"start":{"line":12,"column":4},"end":{"line":13,"column":50}},"7":{"start":{"line":16,"column":2},"end":{"line":17,"column":50}}},"fnMap":{"0":{"name":"(anonymous_0)","decl":{"start":{"line":3,"column":23},"end":{"line":3,"column":24}},"loc":{"start":{"line":3,"column":48},"end":{"line":18,"column":1}},"line":3}},"branchMap":{"0":{"loc":{"start":{"line":6,"column":2},"end":{"line":9,"column":3}},"type":"if","locations":[{"start":{"line":6,"column":2},"end":{"line":9,"column":3}},{"start":{},"end":{}}],"line":6},"1":{"loc":{"start":{"line":11,"column":2},"end":{"line":14,"column":3}},"type":"if","locations":[{"start":{"line":11,"column":2},"end":{"line":14,"column":3}},{"start":{},"end":{}}],"line":11}},"s":{"0":1,"1":1,"2":0,"3":0,"4":0,"5":0,"6":0,"7":0},"f":{"0":0},"b":{"0":[0,0],"1":[0,0]},"_coverageSchema":"1a1c01bbd47fc00a2c39e90264f33305004495a9","hash":"f4c5c675aefdfdef468e94f10f3746b057129e40"}
[...]
lumn":29}},"24":{"start":{"line":87,"column":4},"end":{"line":109,"column":5}},"25":{"start":{"line":88,"column":21},"end":{"line":95,"column":34}},"26":{"start":{"line":97,"column":6},"end":{"line":99,"column":7}},"27":{"start":{"line":98,"column":8},"end":{"line":98,"column":21}},"28":{"start":{"line":101,"column":26},"end":{"line":101,"column":53}},"29":{"start":{"line":102,"column":27},"end":{"line":102,"column":54}},"30":{"start":{"line":103,"column":29},"end":{"line":103,"column":62}},"31":{"start":{"line":104,"column":33},"end":{"line":104,"column":68}},"32":{"start":{"line":106,"column":6},"end":{"line":106,"column":50}},"33":{"start":{"line":108,"column":6},"end":{"line":108,"column":18}},"34":{"start":{"line":114,"column":4},"end":{"line":123,"column":5}},"35":{"start":{"line":115,"column":21},"end":{"line":119,"column":8}},"36":{"start":{"line":120,"column":6},"end":{"line":120,"column":25}},"37":{"start":{"line":122,"column":6},"end":{"line":122,"column":18}},"38":{"start":{"line":128,"column":4},"end":{"line":142,"column":5}},"39":{"start":{"line":129,"column":21},"end":{"line":138,"column":22}},"40":{"start":{"line":139,"column":6},"end":{"line":139,"column":25}},"41":{"start":{"line":141,"column":6},"end":{"line":141,"column":18}},"42":{"start":{"line":146,"column":0},"end":{"line":146,"column":41}}},"fnMap":{"0":{"name":"(anonymous_0)","decl":{"start":{"line":5,"column":2},"end":{"line":5,"column":3}},"loc":{"start":{"line":5,"column":28},"end":{"line":22,"column":3}},"line":5},"1":{"name":"(anonymous_1)","decl":{"start":{"line":25,"column":2},"end":{"line":25,"column":3}},"loc":{"start":{"line":25,"column":45},"end":{"line":40,"column":3}},"line":25},"2":{"name":"(anonymous_2)","decl":{"start":{"line":43,"column":2},"end":{"line":43,"column":3}},"loc":{"start":{"line":43,"column":59},"end":{"line":83,"column":3}},"line":43},"3":{"name":"(anonymous_3)","decl":{"start":{"line":86,"column":2},"end":{"line":86,"column":3}},"loc":{"start":{"line":86,"column":63},"end":{"line":110,"column":3}},"line":86},"4":{"name":"(anonymous_4)","decl":{"start":{"line":113,"column":2},"end":{"line":113,"column":3}},"loc":{"start":{"line":113,"column":30},"end":{"line":124,"column":3}},"line":113},"5":{"name":"(anonymous_5)","decl":{"start":{"line":127,"column":2},"end":{"line":127,"column":3}},"loc":{"start":{"line":127,"column":39},"end":{"line":143,"column":3}},"line":127}},"branchMap":{"0":{"loc":{"start":{"line":70,"column":6},"end":{"line":72,"column":7}},"type":"if","locations":[{"start":{"line":70,"column":6},"end":{"line":72,"column":7}},{"start":{},"end":{}}],"line":70},"1":{"loc":{"start":{"line":75,"column":6},"end":{"line":81,"column":7}},"type":"if","locations":[{"start":{"line":75,"column":6},"end":{"line":81,"column":7}},{"start":{},"end":{}}],"line":75},"2":{"loc":{"start":{"line":97,"column":6},"end":{"line":99,"column":7}},"type":"if","locations":[{"start":{"line":97,"column":6},"end":{"line":99,"column":7}},{"start":{},"end":{}}],"line":97}},"s":{"0":1,"1":0,"2":0,"3":0,"4":0,"5":0,"6":0,"7":0,"8":0,"9":0,"10":0,"11":0,"12":0,"13":0,"14":0,"15":0,"16":0,"17":0,"18":0,"19":0,"20":0,"21":0,"22":0,"23":0,"24":0,"25":0,"26":0,"27":0,"28":0,"29":0,"30":0,"31":0,"32":0,"33":0,"34":0,"35":0,"36":0,"37":0,"38":0,"39":0,"40":0,"41":0,"42":1},"f":{"0":0,"1":0,"2":0,"3":0,"4":0,"5":0},"b":{"0":[0,0],"1":[0,0],"2":[0,0]},"_coverageSchema":"1a1c01bbd47fc00a2c39e90264f33305004495a9","hash":"684da75b9cf5290d80c6f4e4fb2376643c98b5ea"}
,"C:\\Users\\Administrator\\Desktop\\pj\\server\\src\\services\\positionService.js": {"path":"C:\\Users\\Administrator\\Desktop\\pj\\server\\src\\services\\positionService.js","statementMap":{"0":{"start":{"line":1,"column":25},"end":{"line":1,"column":54}},"1":{"start":{"line":5,"column":4},"end":{"line":24,"column":5}},"2":{"start":{"line":6,"column":21},"end":{"line":20,"column":8}},"3":{"start":{"line":21,"column":6},"end":{"line":21,"column":25}},"4":{"start":{"line":23,"column":6},"end":{"line":23,"column":18}},"5":{"start":{"line":28,"column":4},"end":{"line":52,"column":5}},"6":{"start":{"line":29,"column":21},"end":{"line":43,"column":22}},"7":{"start":{"line":45,"column":6},"end":{"line":47,"column":7}},"8":{"start":{"line":46,"column":8},"end":{"line":46,"column":46}},"9":{"start":{"line":49,"column":6},"end":{"line":49,"column":28}},"10":{"start":{"line":51,"column":6},"end":{"line":51,"column":18}},"11":{"start":{"line":56,"column":4},"end":{"line":74,"column":5}},"12":{"start":{"line":57,"column":21},"end":{"line":69,"column":22}},"13":{"start":{"line":71,"column":6},"end":{"line":71,"column":25}},"14":{"start":{"line":73,"column":6},"end":{"line":73,"column":18}},"15":{"start":{"line":78,"column":4},"end":{"line":92,"column":5}},"16":{"start":{"line":79,"column":21},"end":{"line":87,"column":22}},"17":{"start":{"line":89,"column":6},"end":{"line":89,"column":25}},"18":{"start":{"line":91,"column":6},"end":{"line":91,"column":18}},"19":{"start":{"line":97,"column":4},"end":{"line":142,"column":5}},"20":{"start":{"line":98,"column":6},"end":{"line":98,"column":50}},"21":{"start":{"line":99,"column":6},"end":{"line":99,"column":40}},"22":{"start":{"line":102,"column":21},"end":{"line":109,"column":8}},"23":{"start":{"line":111,"column":25},"end":{"line":111,"column":55}},"24":{"start":{"line":114,"column":6},"end":{"line":125,"column":7}},"25":{"start":{"line":115,"column":8},"end":{"line":124,"column":9}},"26":{"start":{"line":116,"column":10},"end":{"line":123,"column":13}},"27":{"start":{"line":127,"column":6},"end":{"line":127,"column":32}},"28":{"start":{"line":128,"column":6},"end":{"line":128,"column":46}},"29":{"start":{"line":130,"column":6},"end":{"line":132,"column":7}},"30":{"start":{"line":131,"column":8},"end":{"line":131,"column":36}},"31":{"start":{"line":133,"column":6},"end":{"line":133,"column":18}},"32":{"start":{"line":135,"column":6},"end":{"line":141,"column":7}},"33":{"start":{"line":136,"column":8},"end":{"line":140,"column":9}},"34":{"start":{"line":137,"column":10},"end":{"line":137,"column":35}},"35":{"start":{"line":139,"column":10},"end":{"line":139,"column":29}},"36":{"start":{"line":147,"column":4},"end":{"line":197,"column":5}},"37":{"start":{"line":148,"column":6},"end":{"line":148,"column":50}},"38":{"start":{"line":149,"column":6},"end":{"line":149,"column":40}},"39":{"start":{"line":152,"column":6},"end":{"line":159,"column":9}},"40":{"start":{"line":162,"column":6},"end":{"line":180,"column":7}},"41":{"start":{"line":164,"column":8},"end":{"line":167,"column":25}},"42":{"start":{"line":170,"column":8},"end":{"line":179,"column":9}},"43":{"start":{"line":171,"column":10},"end":{"line":178,"column":13}},"44":{"start":{"line":182,"column":6},"end":{"line":182,"column":32}},"45":{"start":{"line":183,"column":6},"end":{"line":183,"column":46}},"46":{"start":{"line":185,"column":6},"end":{"line":187,"column":7}},"47":{"start":{"line":186,"column":8},"end":{"line":186,"column":36}},"48":{"start":{"line":188,"column":6},"end":{"line":188,"column":18}},"49":{"start":{"line":190,"column":6},"end":{"line":196,"column":7}},"50":{"start":{"line":191,"column":8},"end":{"line":195,"column":9}},"51":{"start":{"line":192,"column":10},"end":{"line":192,"column":35}},"52":{"start":{"line":194,"column":10},"end":{"line":194,"column":29}},"53":{"start":{"line":202,"column":4},"end":{"line":245,"column":5}},"54":{"start":{"line":203,"column":6},"end":{"line":203,"column":50}},"55":{"start":{"line":206,"column":26},"end":{"line":210,"column":22}},"56":{"start":{"line":212,"column":6},"end":{"line":214,"column":7}},"57":{"start":{"line":213,"column":8},"end":{"line":213,"column":74}},"58":{"start":{"line":216,"column":6},"end":{"line":216,"column":40}},"59":{"start":{"line":219,"column":6},"end":{"line":222,"column":23}},"60":{"start":{"line":225,"column":6},"end":{"line":228,"column":23}},"61":{"start":{"line":230,"column":6},"end":{"line":230,"column":32}},"62":{"start":{"line":231,"column":6},"end":{"line":231,"column":58}},"63":{"start":{"line":233,"column":6},"end":{"line":235,"column":7}},"64":{"start":{"line":234,"column":8},"end":{"line":234,"column":36}},"65":{"start":{"line":236,"column":6},"end":{"line":236,"column":18}},"66":{"start":{"line":238,"column":6},"end":{"line":244,"column":7}},"67":{"start":{"line":239,"column":8},"end":{"line":243,"column":9}},"68":{"start":{"line":240,"column":10},"end":{"line":240,"column":35}},"69":{"start":{"line":242,"column":10},"end":{"line":242,"column":29}},"70":{"start":{"line":249,"column":0},"end":{"line":249,"column":39}}},"fnMap":{"0":{"name":"(anonymous_0)","decl":{"start":{"line":4,"column":2},"end":{"line":4,"column":3}},"loc":{"start":{"line":4,"column":26},"end":{"line":25,"column":3}},"line":4},"1":{"name":"(anonymous_1)","decl":{"start":{"line":27,"column":2},"end":{"line":27,"column":3}},"loc":{"start":{"line":27,"column":36},"end":{"line":53,"column":3}},"line":27},"2":{"name":"(anonymous_2)","decl":{"start":{"line":55,"column":2},"end":{"line":55,"column":3}},"loc":{"start":{"line":55,"column":41},"end":{"line":75,"column":3}},"line":55},"3":{"name":"(anonymous_3)","decl":{"start":{"line":77,"column":2},"end":{"line":77,"column":3}},"loc":{"start":{"line":77,"column":43},"end":{"line":93,"column":3}},"line":77},"4":{"name":"(anonymous_4)","decl":{"start":{"line":95,"column":2},"end":{"line":95,"column":3}},"loc":{"start":{"line":95,"column":37},"end":{"line":143,"column":3}},"line":95},"5":{"name":"(anonymous_5)","decl":{"start":{"line":145,"column":2},"end":{"line":145,"column":3}},"loc":{"start":{"line":145,"column":49},"end":{"line":198,"column":3}},"line":145},"6":{"name":"(anonymous_6)","decl":{"start":{"line":200,"column":2},"end":{"line":200,"column":3}},"loc":{"start":{"line":200,"column":35},"end":{"line":246,"column":3}},"line":200}},"branchMap":{"0":{"loc":{"start":{"line":45,"column":6},"end":{"line":47,"column":7}},"type":"if","locations":[{"start":{"line":45,"column":6},"end":{"line":47,"column":7}},{"start":{},"end":{}}],"line":45},"1":{"loc":{"start":{"line":114,"column":6},"end":{"line":125,"column":7}},"type":"if","locations":[{"start":{"line":114,"column":6},"end":{"line":125,"column":7}},{"start":{},"end":{}}],"line":114},"2":{"loc":{"start":{"line":114,"column":10},"end":{"line":114,"column":73}},"type":"binary-expr","locations":[{"start":{"line":114,"column":10},"end":{"line":114,"column":34}},{"start":{"line":114,"column":38},"end":{"line":114,"column":73}}],"line":114},"3":{"loc":{"start":{"line":130,"column":6},"end":{"line":132,"column":7}},"type":"if","locations":[{"start":{"line":130,"column":6},"end":{"line":132,"column":7}},{"start":{},"end":{}}],"line":130},"4":{"loc":{"start":{"line":135,"column":6},"end":{"line":141,"column":7}},"type":"if","locations":[{"start":{"line":135,"column":6},"end":{"line":141,"column":7}},{"start":{},"end":{}}],"line":135},"5":{"loc":{"start":{"line":162,"column":6},"end":{"line":180,"column":7}},"type":"if","locations":[{"start":{"line":162,"column":6},"end":{"line":180,"column":7}},{"start":{},"end":{}}],"line":162},"6":{"loc":{"start":{"line":185,"column":6},"end":{"line":187,"column":7}},"type":"if","locations":[{"start":{"line":185,"column":6},"end":{"line":187,"column":7}},{"start":{},"end":{}}],"line":185},"7":{"loc":{"start":{"line":190,"column":6},"end":{"line":196,"column":7}},"type":"if","locations":[{"start":{"line":190,"column":6},"end":{"line":196,"column":7}},{"start":{},"end":{}}],"line":190},"8":{"loc":{"start":{"line":212,"column":6},"end":{"line":214,"column":7}},"type":"if","locations":[{"start":{"line":212,"column":6},"end":{"line":214,"column":7}},{"start":{},"end":{}}],"line":212},"9":{"loc":{"start":{"line":233,"column":6},"end":{"line":235,"column":7}},"type":"if","locations":[{"start":{"line":233,"column":6},"end":{"line":235,"column":7}},{"start":{},"end":{}}],"line":233},"10":{"loc":{"start":{"line":238,"column":6},"end":{"line":244,"column":7}},"type":"if","locations":[{"start":{"line":238,"column":6},"end":{"line":244,"column":7}},{"start":{},"end":{}}],"line":238}},"s":{"0":1,"1":0,"2":0,"3":0,"4":0,"5":0,"6":0,"7":0,"8":0,"9":0,"10":0,"11":0,"12":0,"13":0,"14":0,"15":0,"16":0,"17":0,"18":0,"19":0,"20":0,"21":0,"22":0,"23":0,"24":0,"25":0,"26":0,"27":0,"28":0,"29":0,"30":0,"31":0,"32":0,"33":0,"34":0,"35":0,"36":0,"37":0,"38":0,"39":0,"40":0,"41":0,"42":0,"43":0,"44":0,"45":0,"46":0,"47":0,"48":0,"49":0,"50":0,"51":0,"52":0,"53":0,"54":0,"55":0,"56":0,"57":0,"58":0,"59":0,"60":0,"61":0,"62":0,"63":0,"64":0,"65":0,"66":0,"67":0,"68":0,"69":0,"70":1},"f":{"0":0,"1":0,"2":0,"3":0,"4":0,"5":0,"6":0},"b":{"0":[0,0],"1":[0,0],"2":[0,0],"3":[0,0],"4":[0,0],"5":[0,0],"6":[0,0],"7":[0,0],"8":[0,0],"9":[0,0],"10":[0,0]},"_coverageSchema":"1a1c01bbd47fc00a2c39e90264f33305004495a9","hash":"9d66d1fdda000feff2cf797113380ad7b9c85667"}
,"C:\\Users\\Administrator\\Desktop\\pj\\server\\src\\services\\reportService.js": {"path":"C:\\Users\\Administrator\\Desktop\\pj\\server\\src\\services\\reportService.js","statementMap":{"0":{"start":{"line":1,"column":25},"end":{"line":1,"column":54}},"1":{"start":{"line":6,"column":4},"end":{"line":33,"column":5}},"2":{"start":{"line":7,"column":21},"end":{"line":28,"column":8}},"3":{"start":{"line":30,"column":6},"end":{"line":30,"column":25}},"4":{"start":{"line":32,"column":6},"end":{"line":32,"column":18}},"5":{"start":{"line":38,"column":4},"end":{"line":69,"column":5}},"6":{"start":{"line":39,"column":21},"end":{"line":64,"column":8}},"7":{"start":{"line":66,"column":6},"end":{"line":66,"column":25}},"8":{"start":{"line":68,"column":6},"end":{"line":68,"column":18}},"9":{"start":{"line":74,"column":4},"end":{"line":113,"column":5}},"10":{"start":{"line":75,"column":21},"end":{"line":108,"column":8}},"11":{"start":{"line":110,"column":6},"end":{"line":110,"column":25}},"12":{"start":{"line":112,"column":6},"end":{"line":112,"column":18}},"13":{"start":{"line":118,"column":4},"end":{"line":151,"column":5}},"14":{"start":{"line":119,"column":21},"end":{"line":146,"column":8}},"15":{"start":{"line":148,"column":6},"end":{"line":148,"column":25}},"16":{"start":{"line":150,"column":6},"end":{"line":150,"column":18}},"17":{"start":{"line":156,"column":4},"end":{"line":182,"column":5}},"18":{"start":{"line":157,"column":21},"end":{"line":177,"column":8}},"19":{"start":{"line":179,"column":6},"end":{"line":179,"column":25}},"20":{"start":{"line":181,"column":6},"end":{"line":181,"column":18}},"21":{"start":{"line":187,"column":4},"end":{"line":207,"column":5}},"22":{"start":{"line":188,"column":21},"end":{"line":202,"column":8}},"23":{"start":{"line":204,"column":6},"end":{"line":204,"column":25}},"24":{"start":{"line":206,"column":6},"end":{"line":206,"column":18}},"25":{"start":{"line":211,"column":0},"end":{"line":211,"column":37}}},"fnMap":{"0":{"name":"(anonymous_0)","decl":{"start":{"line":5,"column":2},"end":{"line":5,"column":3}},"loc":{"start":{"line":5,"column":46},"end":{"line":34,"column":3}},"line":5},"1":{"name":"(anonymous_1)","decl":{"start":{"line":37,"column":2},"end":{"line":37,"column":3}},"loc":{"start":{"line":37,"column":48},"end":{"line":70,"column":3}},"line":37},"2":{"name":"(anonymous_2)","decl":{"start":{"line":73,"column":2},"end":{"line":73,"column":3}},"loc":{"start":{"line":73,"column":49},"end":{"line":114,"column":3}},"line":73},"3":{"name":"(anonymous_3)","decl":{"start":{"line":117,"column":2},"end":{"line":117,"column":3}},"loc":{"start":{"line":117,"column":41},"end":{"line":152,"column":3}},"line":117},"4":{"name":"(anonymous_4)","decl":{"start":{"line":155,"column":2},"end":{"line":155,"column":3}},"loc":{"start":{"line":155,"column":57},"end":{"line":183,"column":3}},"line":155},"5":{"name":"(anonymous_5)","decl":{"start":{"line":186,"column":2},"end":{"line":186,"column":3}},"loc":{"start":{"line":186,"column":47},"end":{"line":208,"column":3}},"line":186}},"branchMap":{},"s":{"0":1,"1":0,"2":0,"3":0,"4":0,"5":0,"6":0,"7":0,"8":0,"9":0,"10":0,"11":0,"12":0,"13":0,"14":0,"15":0,"16":0,"17":0,"18":0,"19":0,"20":0,"21":0,"22":0,"23":0,"24":0,"25":1},"f":{"0":0,"1":0,"2":0,"3":0,"4":0,"5":0},"b":{},"_coverageSchema":"1a1c01bbd47fc00a2c39e90264f33305004495a9","hash":"5446b8d86415e4b20dc860ced5c2f98724c7464d"}
,"C:\\Users\\Administrator\\Desktop\\pj\\server\\src\\utils\\jwtUtils.js": {"path":"C:\\Users\\Administrator\\Desktop\\pj\\server\\src\\utils\\jwtUtils.js","statementMap":{"0":{"start":{"line":1,"column":12},"end":{"line":1,"column":35}},"1":{"start":{"line":2,"column":26},"end":{"line":2,"column":52}},"2":{"start":{"line":4,"column":19},"end":{"line":4,"column":62}},"3":{"start":{"line":5,"column":25},"end":{"line":5,"column":60}},"4":{"start":{"line":7,"column":0},"end":{"line":13,"column":2}},"5":{"start":{"line":8,"column":2},"end":{"line":12,"column":3}},"6":{"start":{"line":9,"column":4},"end":{"line":9,"column":74}},"7":{"start":{"line":11,"column":4},"end":{"line":11,"column":46}},"8":{"start":{"line":15,"column":0},"end":{"line":21,"column":2}},"9":{"start":{"line":16,"column":2},"end":{"line":20,"column":3}},"10":{"start":{"line":17,"column":4},"end":{"line":17,"column":41}},"11":{"start":{"line":19,"column":4},"end":{"line":19,"column":37}}},"fnMap":{"0":{"name":"(anonymous_0)","decl":{"start":{"line":7,"column":24},"end":{"line":7,"column":25}},"loc":{"start":{"line":7,"column":37},"end":{"line":13,"column":1}},"line":7},"1":{"name":"(anonymous_1)","decl":{"start":{"line":15,"column":22},"end":{"line":15,"column":23}},"loc":{"start":{"line":15,"column":33},"end":{"line":21,"column":1}},"line":15}},"branchMap":{"0":{"loc":{"start":{"line":4,"column":19},"end":{"line":4,"column":62}},"type":"binary-expr","locations":[{"start":{"line":4,"column":19},"end":{"line":4,"column":41}},{"start":{"line":4,"column":45},"end":{"line":4,"column":62}}],"line":4},"1":{"loc":{"start":{"line":5,"column":25},"end":{"line":5,"column":60}},"type":"binary-expr","locations":[{"start":{"line":5,"column":25},"end":{"line":5,"column":51}},{"start":{"line":5,"column":55},"end":{"line":5,"column":60}}],"line":5}},"s":{"0":1,"1":1,"2":1,"3":1,"4":1,"5":0,"6":0,"7":0,"8":1,"9":0,"10":0,"11":0},"f":{"0":0,"1":0},"b":{"0":[1,0],"1":[1,0]},"_coverageSchema":"1a1c01bbd47fc00a2c39e90264f33305004495a9","hash":"af02feb67c788d1de8bc3bd8cc1b43c2c3e44a0e"}
,"C:\\Users\\Administrator\\Desktop\\pj\\server\\src\\utils\\responseUtils.js": {"path":"C:\\Users\\Administrator\\Desktop\\pj\\server\\src\\utils\\responseUtils.js","statementMap":{"0":{"start":{"line":2,"column":0},"end":{"line":10,"column":2}},"1":{"start":{"line":13,"column":0},"end":{"line":17,"column":3}},"2":{"start":{"line":13,"column":58},"end":{"line":17,"column":1}},"3":{"start":{"line":20,"column":0},"end":{"line":24,"column":3}},"4":{"start":{"line":20,"column":60},"end":{"line":24,"column":1}}},"fnMap":{"0":{"name":"(anonymous_0)","decl":{"start":{"line":13,"column":26},"end":{"line":13,"column":27}},"loc":{"start":{"line":13,"column":58},"end":{"line":17,"column":1}},"line":13},"1":{"name":"(anonymous_1)","decl":{"start":{"line":20,"column":24},"end":{"line":20,"column":25}},"loc":{"start":{"line":20,"column":60},"end":{"line":24,"column":1}},"line":20}},"branchMap":{"0":{"loc":{"start":{"line":13,"column":33},"end":{"line":13,"column":52}},"type":"default-arg","locations":[{"start":{"line":13,"column":43},"end":{"line":13,"column":52}}],"line":13},"1":{"loc":{"start":{"line":20,"column":25},"end":{"line":20,"column":42}},"type":"default-arg","locations":[{"start":{"line":20,"column":35},"end":{"line":20,"column":42}}],"line":20},"2":{"loc":{"start":{"line":20,"column":44},"end":{"line":20,"column":54}},"type":"default-arg","locations":[{"start":{"line":20,"column":51},"end":{"line":20,"column":54}}],"line":20}},"s":{"0":1,"1":1,"2":0,"3":1,"4":6},"f":{"0":0,"1":6},"b":{"0":[0],"1":[0],"2":[6]},"_coverageSchema":"1a1c01bbd47fc00a2c39e90264f33305004495a9","hash":"ca68ec160e760dc32ccef55597bd45aeaca77555"}
}
